<?xml version="1.0" encoding="UTF-8"?>
<testsuite name="test.tetris.TetrisTestSuite" tests="43" skipped="0" failures="43" errors="0" timestamp="2019-09-23T20:49:58" hostname="Ada" time="0.69">
  <properties/>
  <testcase name="testPlacementI" classname="test.tetris.TetrisTestSuite" time="0.04">
    <failure message="org.scalatest.exceptions.TestFailedException: passes was false" type="org.scalatest.exceptions.TestFailedException">org.scalatest.exceptions.TestFailedException: passes was false
	at org.scalatest.Assertions.newAssertionFailedException(Assertions.scala:530)
	at org.scalatest.Assertions.newAssertionFailedException$(Assertions.scala:529)
	at test.GenericRecord$TestSuite.newAssertionFailedException(GenericRecord.scala:233)
	at org.scalatest.Assertions$AssertionsHelper.macroAssert(Assertions.scala:503)
	at test.GenericRecord$TestSuite.$anonfun$handleTest$4(GenericRecord.scala:322)
	at org.scalatest.OutcomeOf.outcomeOf(OutcomeOf.scala:85)
	at org.scalatest.OutcomeOf.outcomeOf$(OutcomeOf.scala:83)
	at org.scalatest.OutcomeOf$.outcomeOf(OutcomeOf.scala:104)
	at org.scalatest.Transformer.apply(Transformer.scala:22)
	at org.scalatest.Transformer.apply(Transformer.scala:20)
	at org.scalatest.FunSuiteLike$$anon$1.apply(FunSuiteLike.scala:186)
	at org.scalatest.TestSuite.withFixture(TestSuite.scala:196)
	at org.scalatest.TestSuite.withFixture$(TestSuite.scala:195)
	at test.GenericRecord$TestSuite.withFixture(GenericRecord.scala:233)
	at org.scalatest.FunSuiteLike.invokeWithFixture$1(FunSuiteLike.scala:184)
	at org.scalatest.FunSuiteLike.$anonfun$runTest$1(FunSuiteLike.scala:196)
	at org.scalatest.SuperEngine.runTestImpl(Engine.scala:286)
	at org.scalatest.FunSuiteLike.runTest(FunSuiteLike.scala:196)
	at org.scalatest.FunSuiteLike.runTest$(FunSuiteLike.scala:178)
	at test.GenericRecord$TestSuite.runTest(GenericRecord.scala:233)
	at org.scalatest.FunSuiteLike.$anonfun$runTests$1(FunSuiteLike.scala:229)
	at org.scalatest.SuperEngine.$anonfun$runTestsInBranch$1(Engine.scala:393)
	at scala.collection.immutable.List.foreach(List.scala:392)
	at org.scalatest.SuperEngine.traverseSubNodes$1(Engine.scala:381)
	at org.scalatest.SuperEngine.runTestsInBranch(Engine.scala:376)
	at org.scalatest.SuperEngine.runTestsImpl(Engine.scala:458)
	at org.scalatest.FunSuiteLike.runTests(FunSuiteLike.scala:229)
	at org.scalatest.FunSuiteLike.runTests$(FunSuiteLike.scala:228)
	at test.GenericRecord$TestSuite.runTests(GenericRecord.scala:233)
	at org.scalatest.Suite.run(Suite.scala:1124)
	at org.scalatest.Suite.run$(Suite.scala:1106)
	at test.GenericRecord$TestSuite.org$scalatest$FunSuiteLike$$super$run(GenericRecord.scala:233)
	at org.scalatest.FunSuiteLike.$anonfun$run$1(FunSuiteLike.scala:233)
	at org.scalatest.SuperEngine.runImpl(Engine.scala:518)
	at org.scalatest.FunSuiteLike.run(FunSuiteLike.scala:233)
	at org.scalatest.FunSuiteLike.run$(FunSuiteLike.scala:232)
	at test.GenericRecord$TestSuite.run(GenericRecord.scala:233)
	at org.scalatestplus.junit.JUnitRunner.run(JUnitRunner.scala:99)
	at org.gradle.api.internal.tasks.testing.junit.JUnitTestClassExecutor.runTestClass(JUnitTestClassExecutor.java:106)
	at org.gradle.api.internal.tasks.testing.junit.JUnitTestClassExecutor.execute(JUnitTestClassExecutor.java:58)
	at org.gradle.api.internal.tasks.testing.junit.JUnitTestClassExecutor.execute(JUnitTestClassExecutor.java:38)
	at org.gradle.api.internal.tasks.testing.junit.AbstractJUnitTestClassProcessor.processTestClass(AbstractJUnitTestClassProcessor.java:66)
	at org.gradle.api.internal.tasks.testing.SuiteTestClassProcessor.processTestClass(SuiteTestClassProcessor.java:51)
	at sun.reflect.NativeMethodAccessorImpl.invoke0(Native Method)
	at sun.reflect.NativeMethodAccessorImpl.invoke(NativeMethodAccessorImpl.java:62)
	at sun.reflect.DelegatingMethodAccessorImpl.invoke(DelegatingMethodAccessorImpl.java:43)
	at java.lang.reflect.Method.invoke(Method.java:498)
	at org.gradle.internal.dispatch.ReflectionDispatch.dispatch(ReflectionDispatch.java:35)
	at org.gradle.internal.dispatch.ReflectionDispatch.dispatch(ReflectionDispatch.java:24)
	at org.gradle.internal.dispatch.ContextClassLoaderDispatch.dispatch(ContextClassLoaderDispatch.java:32)
	at org.gradle.internal.dispatch.ProxyDispatchAdapter$DispatchingInvocationHandler.invoke(ProxyDispatchAdapter.java:93)
	at com.sun.proxy.$Proxy2.processTestClass(Unknown Source)
	at org.gradle.api.internal.tasks.testing.worker.TestWorker.processTestClass(TestWorker.java:117)
	at sun.reflect.NativeMethodAccessorImpl.invoke0(Native Method)
	at sun.reflect.NativeMethodAccessorImpl.invoke(NativeMethodAccessorImpl.java:62)
	at sun.reflect.DelegatingMethodAccessorImpl.invoke(DelegatingMethodAccessorImpl.java:43)
	at java.lang.reflect.Method.invoke(Method.java:498)
	at org.gradle.internal.dispatch.ReflectionDispatch.dispatch(ReflectionDispatch.java:35)
	at org.gradle.internal.dispatch.ReflectionDispatch.dispatch(ReflectionDispatch.java:24)
	at org.gradle.internal.remote.internal.hub.MessageHubBackedObjectConnection$DispatchWrapper.dispatch(MessageHubBackedObjectConnection.java:155)
	at org.gradle.internal.remote.internal.hub.MessageHubBackedObjectConnection$DispatchWrapper.dispatch(MessageHubBackedObjectConnection.java:137)
	at org.gradle.internal.remote.internal.hub.MessageHub$Handler.run(MessageHub.java:404)
	at org.gradle.internal.concurrent.ExecutorPolicy$CatchAndRecordFailures.onExecute(ExecutorPolicy.java:63)
	at org.gradle.internal.concurrent.ManagedExecutorImpl$1.run(ManagedExecutorImpl.java:46)
	at java.util.concurrent.ThreadPoolExecutor.runWorker(ThreadPoolExecutor.java:1149)
	at java.util.concurrent.ThreadPoolExecutor$Worker.run(ThreadPoolExecutor.java:624)
	at org.gradle.internal.concurrent.ThreadFactoryImpl$ManagedThreadRunnable.run(ThreadFactoryImpl.java:55)
	at java.lang.Thread.run(Thread.java:748)
</failure>
  </testcase>
  <testcase name="testPlacementIEven" classname="test.tetris.TetrisTestSuite" time="0.003">
    <failure message="org.scalatest.exceptions.TestFailedException: passes was false" type="org.scalatest.exceptions.TestFailedException">org.scalatest.exceptions.TestFailedException: passes was false
	at org.scalatest.Assertions.newAssertionFailedException(Assertions.scala:530)
	at org.scalatest.Assertions.newAssertionFailedException$(Assertions.scala:529)
	at test.GenericRecord$TestSuite.newAssertionFailedException(GenericRecord.scala:233)
	at org.scalatest.Assertions$AssertionsHelper.macroAssert(Assertions.scala:503)
	at test.GenericRecord$TestSuite.$anonfun$handleTest$4(GenericRecord.scala:322)
	at org.scalatest.OutcomeOf.outcomeOf(OutcomeOf.scala:85)
	at org.scalatest.OutcomeOf.outcomeOf$(OutcomeOf.scala:83)
	at org.scalatest.OutcomeOf$.outcomeOf(OutcomeOf.scala:104)
	at org.scalatest.Transformer.apply(Transformer.scala:22)
	at org.scalatest.Transformer.apply(Transformer.scala:20)
	at org.scalatest.FunSuiteLike$$anon$1.apply(FunSuiteLike.scala:186)
	at org.scalatest.TestSuite.withFixture(TestSuite.scala:196)
	at org.scalatest.TestSuite.withFixture$(TestSuite.scala:195)
	at test.GenericRecord$TestSuite.withFixture(GenericRecord.scala:233)
	at org.scalatest.FunSuiteLike.invokeWithFixture$1(FunSuiteLike.scala:184)
	at org.scalatest.FunSuiteLike.$anonfun$runTest$1(FunSuiteLike.scala:196)
	at org.scalatest.SuperEngine.runTestImpl(Engine.scala:286)
	at org.scalatest.FunSuiteLike.runTest(FunSuiteLike.scala:196)
	at org.scalatest.FunSuiteLike.runTest$(FunSuiteLike.scala:178)
	at test.GenericRecord$TestSuite.runTest(GenericRecord.scala:233)
	at org.scalatest.FunSuiteLike.$anonfun$runTests$1(FunSuiteLike.scala:229)
	at org.scalatest.SuperEngine.$anonfun$runTestsInBranch$1(Engine.scala:393)
	at scala.collection.immutable.List.foreach(List.scala:392)
	at org.scalatest.SuperEngine.traverseSubNodes$1(Engine.scala:381)
	at org.scalatest.SuperEngine.runTestsInBranch(Engine.scala:376)
	at org.scalatest.SuperEngine.runTestsImpl(Engine.scala:458)
	at org.scalatest.FunSuiteLike.runTests(FunSuiteLike.scala:229)
	at org.scalatest.FunSuiteLike.runTests$(FunSuiteLike.scala:228)
	at test.GenericRecord$TestSuite.runTests(GenericRecord.scala:233)
	at org.scalatest.Suite.run(Suite.scala:1124)
	at org.scalatest.Suite.run$(Suite.scala:1106)
	at test.GenericRecord$TestSuite.org$scalatest$FunSuiteLike$$super$run(GenericRecord.scala:233)
	at org.scalatest.FunSuiteLike.$anonfun$run$1(FunSuiteLike.scala:233)
	at org.scalatest.SuperEngine.runImpl(Engine.scala:518)
	at org.scalatest.FunSuiteLike.run(FunSuiteLike.scala:233)
	at org.scalatest.FunSuiteLike.run$(FunSuiteLike.scala:232)
	at test.GenericRecord$TestSuite.run(GenericRecord.scala:233)
	at org.scalatestplus.junit.JUnitRunner.run(JUnitRunner.scala:99)
	at org.gradle.api.internal.tasks.testing.junit.JUnitTestClassExecutor.runTestClass(JUnitTestClassExecutor.java:106)
	at org.gradle.api.internal.tasks.testing.junit.JUnitTestClassExecutor.execute(JUnitTestClassExecutor.java:58)
	at org.gradle.api.internal.tasks.testing.junit.JUnitTestClassExecutor.execute(JUnitTestClassExecutor.java:38)
	at org.gradle.api.internal.tasks.testing.junit.AbstractJUnitTestClassProcessor.processTestClass(AbstractJUnitTestClassProcessor.java:66)
	at org.gradle.api.internal.tasks.testing.SuiteTestClassProcessor.processTestClass(SuiteTestClassProcessor.java:51)
	at sun.reflect.NativeMethodAccessorImpl.invoke0(Native Method)
	at sun.reflect.NativeMethodAccessorImpl.invoke(NativeMethodAccessorImpl.java:62)
	at sun.reflect.DelegatingMethodAccessorImpl.invoke(DelegatingMethodAccessorImpl.java:43)
	at java.lang.reflect.Method.invoke(Method.java:498)
	at org.gradle.internal.dispatch.ReflectionDispatch.dispatch(ReflectionDispatch.java:35)
	at org.gradle.internal.dispatch.ReflectionDispatch.dispatch(ReflectionDispatch.java:24)
	at org.gradle.internal.dispatch.ContextClassLoaderDispatch.dispatch(ContextClassLoaderDispatch.java:32)
	at org.gradle.internal.dispatch.ProxyDispatchAdapter$DispatchingInvocationHandler.invoke(ProxyDispatchAdapter.java:93)
	at com.sun.proxy.$Proxy2.processTestClass(Unknown Source)
	at org.gradle.api.internal.tasks.testing.worker.TestWorker.processTestClass(TestWorker.java:117)
	at sun.reflect.NativeMethodAccessorImpl.invoke0(Native Method)
	at sun.reflect.NativeMethodAccessorImpl.invoke(NativeMethodAccessorImpl.java:62)
	at sun.reflect.DelegatingMethodAccessorImpl.invoke(DelegatingMethodAccessorImpl.java:43)
	at java.lang.reflect.Method.invoke(Method.java:498)
	at org.gradle.internal.dispatch.ReflectionDispatch.dispatch(ReflectionDispatch.java:35)
	at org.gradle.internal.dispatch.ReflectionDispatch.dispatch(ReflectionDispatch.java:24)
	at org.gradle.internal.remote.internal.hub.MessageHubBackedObjectConnection$DispatchWrapper.dispatch(MessageHubBackedObjectConnection.java:155)
	at org.gradle.internal.remote.internal.hub.MessageHubBackedObjectConnection$DispatchWrapper.dispatch(MessageHubBackedObjectConnection.java:137)
	at org.gradle.internal.remote.internal.hub.MessageHub$Handler.run(MessageHub.java:404)
	at org.gradle.internal.concurrent.ExecutorPolicy$CatchAndRecordFailures.onExecute(ExecutorPolicy.java:63)
	at org.gradle.internal.concurrent.ManagedExecutorImpl$1.run(ManagedExecutorImpl.java:46)
	at java.util.concurrent.ThreadPoolExecutor.runWorker(ThreadPoolExecutor.java:1149)
	at java.util.concurrent.ThreadPoolExecutor$Worker.run(ThreadPoolExecutor.java:624)
	at org.gradle.internal.concurrent.ThreadFactoryImpl$ManagedThreadRunnable.run(ThreadFactoryImpl.java:55)
	at java.lang.Thread.run(Thread.java:748)
</failure>
  </testcase>
  <testcase name="testPlacementJ" classname="test.tetris.TetrisTestSuite" time="0.002">
    <failure message="org.scalatest.exceptions.TestFailedException: passes was false" type="org.scalatest.exceptions.TestFailedException">org.scalatest.exceptions.TestFailedException: passes was false
	at org.scalatest.Assertions.newAssertionFailedException(Assertions.scala:530)
	at org.scalatest.Assertions.newAssertionFailedException$(Assertions.scala:529)
	at test.GenericRecord$TestSuite.newAssertionFailedException(GenericRecord.scala:233)
	at org.scalatest.Assertions$AssertionsHelper.macroAssert(Assertions.scala:503)
	at test.GenericRecord$TestSuite.$anonfun$handleTest$4(GenericRecord.scala:322)
	at org.scalatest.OutcomeOf.outcomeOf(OutcomeOf.scala:85)
	at org.scalatest.OutcomeOf.outcomeOf$(OutcomeOf.scala:83)
	at org.scalatest.OutcomeOf$.outcomeOf(OutcomeOf.scala:104)
	at org.scalatest.Transformer.apply(Transformer.scala:22)
	at org.scalatest.Transformer.apply(Transformer.scala:20)
	at org.scalatest.FunSuiteLike$$anon$1.apply(FunSuiteLike.scala:186)
	at org.scalatest.TestSuite.withFixture(TestSuite.scala:196)
	at org.scalatest.TestSuite.withFixture$(TestSuite.scala:195)
	at test.GenericRecord$TestSuite.withFixture(GenericRecord.scala:233)
	at org.scalatest.FunSuiteLike.invokeWithFixture$1(FunSuiteLike.scala:184)
	at org.scalatest.FunSuiteLike.$anonfun$runTest$1(FunSuiteLike.scala:196)
	at org.scalatest.SuperEngine.runTestImpl(Engine.scala:286)
	at org.scalatest.FunSuiteLike.runTest(FunSuiteLike.scala:196)
	at org.scalatest.FunSuiteLike.runTest$(FunSuiteLike.scala:178)
	at test.GenericRecord$TestSuite.runTest(GenericRecord.scala:233)
	at org.scalatest.FunSuiteLike.$anonfun$runTests$1(FunSuiteLike.scala:229)
	at org.scalatest.SuperEngine.$anonfun$runTestsInBranch$1(Engine.scala:393)
	at scala.collection.immutable.List.foreach(List.scala:392)
	at org.scalatest.SuperEngine.traverseSubNodes$1(Engine.scala:381)
	at org.scalatest.SuperEngine.runTestsInBranch(Engine.scala:376)
	at org.scalatest.SuperEngine.runTestsImpl(Engine.scala:458)
	at org.scalatest.FunSuiteLike.runTests(FunSuiteLike.scala:229)
	at org.scalatest.FunSuiteLike.runTests$(FunSuiteLike.scala:228)
	at test.GenericRecord$TestSuite.runTests(GenericRecord.scala:233)
	at org.scalatest.Suite.run(Suite.scala:1124)
	at org.scalatest.Suite.run$(Suite.scala:1106)
	at test.GenericRecord$TestSuite.org$scalatest$FunSuiteLike$$super$run(GenericRecord.scala:233)
	at org.scalatest.FunSuiteLike.$anonfun$run$1(FunSuiteLike.scala:233)
	at org.scalatest.SuperEngine.runImpl(Engine.scala:518)
	at org.scalatest.FunSuiteLike.run(FunSuiteLike.scala:233)
	at org.scalatest.FunSuiteLike.run$(FunSuiteLike.scala:232)
	at test.GenericRecord$TestSuite.run(GenericRecord.scala:233)
	at org.scalatestplus.junit.JUnitRunner.run(JUnitRunner.scala:99)
	at org.gradle.api.internal.tasks.testing.junit.JUnitTestClassExecutor.runTestClass(JUnitTestClassExecutor.java:106)
	at org.gradle.api.internal.tasks.testing.junit.JUnitTestClassExecutor.execute(JUnitTestClassExecutor.java:58)
	at org.gradle.api.internal.tasks.testing.junit.JUnitTestClassExecutor.execute(JUnitTestClassExecutor.java:38)
	at org.gradle.api.internal.tasks.testing.junit.AbstractJUnitTestClassProcessor.processTestClass(AbstractJUnitTestClassProcessor.java:66)
	at org.gradle.api.internal.tasks.testing.SuiteTestClassProcessor.processTestClass(SuiteTestClassProcessor.java:51)
	at sun.reflect.NativeMethodAccessorImpl.invoke0(Native Method)
	at sun.reflect.NativeMethodAccessorImpl.invoke(NativeMethodAccessorImpl.java:62)
	at sun.reflect.DelegatingMethodAccessorImpl.invoke(DelegatingMethodAccessorImpl.java:43)
	at java.lang.reflect.Method.invoke(Method.java:498)
	at org.gradle.internal.dispatch.ReflectionDispatch.dispatch(ReflectionDispatch.java:35)
	at org.gradle.internal.dispatch.ReflectionDispatch.dispatch(ReflectionDispatch.java:24)
	at org.gradle.internal.dispatch.ContextClassLoaderDispatch.dispatch(ContextClassLoaderDispatch.java:32)
	at org.gradle.internal.dispatch.ProxyDispatchAdapter$DispatchingInvocationHandler.invoke(ProxyDispatchAdapter.java:93)
	at com.sun.proxy.$Proxy2.processTestClass(Unknown Source)
	at org.gradle.api.internal.tasks.testing.worker.TestWorker.processTestClass(TestWorker.java:117)
	at sun.reflect.NativeMethodAccessorImpl.invoke0(Native Method)
	at sun.reflect.NativeMethodAccessorImpl.invoke(NativeMethodAccessorImpl.java:62)
	at sun.reflect.DelegatingMethodAccessorImpl.invoke(DelegatingMethodAccessorImpl.java:43)
	at java.lang.reflect.Method.invoke(Method.java:498)
	at org.gradle.internal.dispatch.ReflectionDispatch.dispatch(ReflectionDispatch.java:35)
	at org.gradle.internal.dispatch.ReflectionDispatch.dispatch(ReflectionDispatch.java:24)
	at org.gradle.internal.remote.internal.hub.MessageHubBackedObjectConnection$DispatchWrapper.dispatch(MessageHubBackedObjectConnection.java:155)
	at org.gradle.internal.remote.internal.hub.MessageHubBackedObjectConnection$DispatchWrapper.dispatch(MessageHubBackedObjectConnection.java:137)
	at org.gradle.internal.remote.internal.hub.MessageHub$Handler.run(MessageHub.java:404)
	at org.gradle.internal.concurrent.ExecutorPolicy$CatchAndRecordFailures.onExecute(ExecutorPolicy.java:63)
	at org.gradle.internal.concurrent.ManagedExecutorImpl$1.run(ManagedExecutorImpl.java:46)
	at java.util.concurrent.ThreadPoolExecutor.runWorker(ThreadPoolExecutor.java:1149)
	at java.util.concurrent.ThreadPoolExecutor$Worker.run(ThreadPoolExecutor.java:624)
	at org.gradle.internal.concurrent.ThreadFactoryImpl$ManagedThreadRunnable.run(ThreadFactoryImpl.java:55)
	at java.lang.Thread.run(Thread.java:748)
</failure>
  </testcase>
  <testcase name="testPlacementL" classname="test.tetris.TetrisTestSuite" time="0.002">
    <failure message="org.scalatest.exceptions.TestFailedException: passes was false" type="org.scalatest.exceptions.TestFailedException">org.scalatest.exceptions.TestFailedException: passes was false
	at org.scalatest.Assertions.newAssertionFailedException(Assertions.scala:530)
	at org.scalatest.Assertions.newAssertionFailedException$(Assertions.scala:529)
	at test.GenericRecord$TestSuite.newAssertionFailedException(GenericRecord.scala:233)
	at org.scalatest.Assertions$AssertionsHelper.macroAssert(Assertions.scala:503)
	at test.GenericRecord$TestSuite.$anonfun$handleTest$4(GenericRecord.scala:322)
	at org.scalatest.OutcomeOf.outcomeOf(OutcomeOf.scala:85)
	at org.scalatest.OutcomeOf.outcomeOf$(OutcomeOf.scala:83)
	at org.scalatest.OutcomeOf$.outcomeOf(OutcomeOf.scala:104)
	at org.scalatest.Transformer.apply(Transformer.scala:22)
	at org.scalatest.Transformer.apply(Transformer.scala:20)
	at org.scalatest.FunSuiteLike$$anon$1.apply(FunSuiteLike.scala:186)
	at org.scalatest.TestSuite.withFixture(TestSuite.scala:196)
	at org.scalatest.TestSuite.withFixture$(TestSuite.scala:195)
	at test.GenericRecord$TestSuite.withFixture(GenericRecord.scala:233)
	at org.scalatest.FunSuiteLike.invokeWithFixture$1(FunSuiteLike.scala:184)
	at org.scalatest.FunSuiteLike.$anonfun$runTest$1(FunSuiteLike.scala:196)
	at org.scalatest.SuperEngine.runTestImpl(Engine.scala:286)
	at org.scalatest.FunSuiteLike.runTest(FunSuiteLike.scala:196)
	at org.scalatest.FunSuiteLike.runTest$(FunSuiteLike.scala:178)
	at test.GenericRecord$TestSuite.runTest(GenericRecord.scala:233)
	at org.scalatest.FunSuiteLike.$anonfun$runTests$1(FunSuiteLike.scala:229)
	at org.scalatest.SuperEngine.$anonfun$runTestsInBranch$1(Engine.scala:393)
	at scala.collection.immutable.List.foreach(List.scala:392)
	at org.scalatest.SuperEngine.traverseSubNodes$1(Engine.scala:381)
	at org.scalatest.SuperEngine.runTestsInBranch(Engine.scala:376)
	at org.scalatest.SuperEngine.runTestsImpl(Engine.scala:458)
	at org.scalatest.FunSuiteLike.runTests(FunSuiteLike.scala:229)
	at org.scalatest.FunSuiteLike.runTests$(FunSuiteLike.scala:228)
	at test.GenericRecord$TestSuite.runTests(GenericRecord.scala:233)
	at org.scalatest.Suite.run(Suite.scala:1124)
	at org.scalatest.Suite.run$(Suite.scala:1106)
	at test.GenericRecord$TestSuite.org$scalatest$FunSuiteLike$$super$run(GenericRecord.scala:233)
	at org.scalatest.FunSuiteLike.$anonfun$run$1(FunSuiteLike.scala:233)
	at org.scalatest.SuperEngine.runImpl(Engine.scala:518)
	at org.scalatest.FunSuiteLike.run(FunSuiteLike.scala:233)
	at org.scalatest.FunSuiteLike.run$(FunSuiteLike.scala:232)
	at test.GenericRecord$TestSuite.run(GenericRecord.scala:233)
	at org.scalatestplus.junit.JUnitRunner.run(JUnitRunner.scala:99)
	at org.gradle.api.internal.tasks.testing.junit.JUnitTestClassExecutor.runTestClass(JUnitTestClassExecutor.java:106)
	at org.gradle.api.internal.tasks.testing.junit.JUnitTestClassExecutor.execute(JUnitTestClassExecutor.java:58)
	at org.gradle.api.internal.tasks.testing.junit.JUnitTestClassExecutor.execute(JUnitTestClassExecutor.java:38)
	at org.gradle.api.internal.tasks.testing.junit.AbstractJUnitTestClassProcessor.processTestClass(AbstractJUnitTestClassProcessor.java:66)
	at org.gradle.api.internal.tasks.testing.SuiteTestClassProcessor.processTestClass(SuiteTestClassProcessor.java:51)
	at sun.reflect.NativeMethodAccessorImpl.invoke0(Native Method)
	at sun.reflect.NativeMethodAccessorImpl.invoke(NativeMethodAccessorImpl.java:62)
	at sun.reflect.DelegatingMethodAccessorImpl.invoke(DelegatingMethodAccessorImpl.java:43)
	at java.lang.reflect.Method.invoke(Method.java:498)
	at org.gradle.internal.dispatch.ReflectionDispatch.dispatch(ReflectionDispatch.java:35)
	at org.gradle.internal.dispatch.ReflectionDispatch.dispatch(ReflectionDispatch.java:24)
	at org.gradle.internal.dispatch.ContextClassLoaderDispatch.dispatch(ContextClassLoaderDispatch.java:32)
	at org.gradle.internal.dispatch.ProxyDispatchAdapter$DispatchingInvocationHandler.invoke(ProxyDispatchAdapter.java:93)
	at com.sun.proxy.$Proxy2.processTestClass(Unknown Source)
	at org.gradle.api.internal.tasks.testing.worker.TestWorker.processTestClass(TestWorker.java:117)
	at sun.reflect.NativeMethodAccessorImpl.invoke0(Native Method)
	at sun.reflect.NativeMethodAccessorImpl.invoke(NativeMethodAccessorImpl.java:62)
	at sun.reflect.DelegatingMethodAccessorImpl.invoke(DelegatingMethodAccessorImpl.java:43)
	at java.lang.reflect.Method.invoke(Method.java:498)
	at org.gradle.internal.dispatch.ReflectionDispatch.dispatch(ReflectionDispatch.java:35)
	at org.gradle.internal.dispatch.ReflectionDispatch.dispatch(ReflectionDispatch.java:24)
	at org.gradle.internal.remote.internal.hub.MessageHubBackedObjectConnection$DispatchWrapper.dispatch(MessageHubBackedObjectConnection.java:155)
	at org.gradle.internal.remote.internal.hub.MessageHubBackedObjectConnection$DispatchWrapper.dispatch(MessageHubBackedObjectConnection.java:137)
	at org.gradle.internal.remote.internal.hub.MessageHub$Handler.run(MessageHub.java:404)
	at org.gradle.internal.concurrent.ExecutorPolicy$CatchAndRecordFailures.onExecute(ExecutorPolicy.java:63)
	at org.gradle.internal.concurrent.ManagedExecutorImpl$1.run(ManagedExecutorImpl.java:46)
	at java.util.concurrent.ThreadPoolExecutor.runWorker(ThreadPoolExecutor.java:1149)
	at java.util.concurrent.ThreadPoolExecutor$Worker.run(ThreadPoolExecutor.java:624)
	at org.gradle.internal.concurrent.ThreadFactoryImpl$ManagedThreadRunnable.run(ThreadFactoryImpl.java:55)
	at java.lang.Thread.run(Thread.java:748)
</failure>
  </testcase>
  <testcase name="testPlacementOEven" classname="test.tetris.TetrisTestSuite" time="0.002">
    <failure message="org.scalatest.exceptions.TestFailedException: passes was false" type="org.scalatest.exceptions.TestFailedException">org.scalatest.exceptions.TestFailedException: passes was false
	at org.scalatest.Assertions.newAssertionFailedException(Assertions.scala:530)
	at org.scalatest.Assertions.newAssertionFailedException$(Assertions.scala:529)
	at test.GenericRecord$TestSuite.newAssertionFailedException(GenericRecord.scala:233)
	at org.scalatest.Assertions$AssertionsHelper.macroAssert(Assertions.scala:503)
	at test.GenericRecord$TestSuite.$anonfun$handleTest$4(GenericRecord.scala:322)
	at org.scalatest.OutcomeOf.outcomeOf(OutcomeOf.scala:85)
	at org.scalatest.OutcomeOf.outcomeOf$(OutcomeOf.scala:83)
	at org.scalatest.OutcomeOf$.outcomeOf(OutcomeOf.scala:104)
	at org.scalatest.Transformer.apply(Transformer.scala:22)
	at org.scalatest.Transformer.apply(Transformer.scala:20)
	at org.scalatest.FunSuiteLike$$anon$1.apply(FunSuiteLike.scala:186)
	at org.scalatest.TestSuite.withFixture(TestSuite.scala:196)
	at org.scalatest.TestSuite.withFixture$(TestSuite.scala:195)
	at test.GenericRecord$TestSuite.withFixture(GenericRecord.scala:233)
	at org.scalatest.FunSuiteLike.invokeWithFixture$1(FunSuiteLike.scala:184)
	at org.scalatest.FunSuiteLike.$anonfun$runTest$1(FunSuiteLike.scala:196)
	at org.scalatest.SuperEngine.runTestImpl(Engine.scala:286)
	at org.scalatest.FunSuiteLike.runTest(FunSuiteLike.scala:196)
	at org.scalatest.FunSuiteLike.runTest$(FunSuiteLike.scala:178)
	at test.GenericRecord$TestSuite.runTest(GenericRecord.scala:233)
	at org.scalatest.FunSuiteLike.$anonfun$runTests$1(FunSuiteLike.scala:229)
	at org.scalatest.SuperEngine.$anonfun$runTestsInBranch$1(Engine.scala:393)
	at scala.collection.immutable.List.foreach(List.scala:392)
	at org.scalatest.SuperEngine.traverseSubNodes$1(Engine.scala:381)
	at org.scalatest.SuperEngine.runTestsInBranch(Engine.scala:376)
	at org.scalatest.SuperEngine.runTestsImpl(Engine.scala:458)
	at org.scalatest.FunSuiteLike.runTests(FunSuiteLike.scala:229)
	at org.scalatest.FunSuiteLike.runTests$(FunSuiteLike.scala:228)
	at test.GenericRecord$TestSuite.runTests(GenericRecord.scala:233)
	at org.scalatest.Suite.run(Suite.scala:1124)
	at org.scalatest.Suite.run$(Suite.scala:1106)
	at test.GenericRecord$TestSuite.org$scalatest$FunSuiteLike$$super$run(GenericRecord.scala:233)
	at org.scalatest.FunSuiteLike.$anonfun$run$1(FunSuiteLike.scala:233)
	at org.scalatest.SuperEngine.runImpl(Engine.scala:518)
	at org.scalatest.FunSuiteLike.run(FunSuiteLike.scala:233)
	at org.scalatest.FunSuiteLike.run$(FunSuiteLike.scala:232)
	at test.GenericRecord$TestSuite.run(GenericRecord.scala:233)
	at org.scalatestplus.junit.JUnitRunner.run(JUnitRunner.scala:99)
	at org.gradle.api.internal.tasks.testing.junit.JUnitTestClassExecutor.runTestClass(JUnitTestClassExecutor.java:106)
	at org.gradle.api.internal.tasks.testing.junit.JUnitTestClassExecutor.execute(JUnitTestClassExecutor.java:58)
	at org.gradle.api.internal.tasks.testing.junit.JUnitTestClassExecutor.execute(JUnitTestClassExecutor.java:38)
	at org.gradle.api.internal.tasks.testing.junit.AbstractJUnitTestClassProcessor.processTestClass(AbstractJUnitTestClassProcessor.java:66)
	at org.gradle.api.internal.tasks.testing.SuiteTestClassProcessor.processTestClass(SuiteTestClassProcessor.java:51)
	at sun.reflect.NativeMethodAccessorImpl.invoke0(Native Method)
	at sun.reflect.NativeMethodAccessorImpl.invoke(NativeMethodAccessorImpl.java:62)
	at sun.reflect.DelegatingMethodAccessorImpl.invoke(DelegatingMethodAccessorImpl.java:43)
	at java.lang.reflect.Method.invoke(Method.java:498)
	at org.gradle.internal.dispatch.ReflectionDispatch.dispatch(ReflectionDispatch.java:35)
	at org.gradle.internal.dispatch.ReflectionDispatch.dispatch(ReflectionDispatch.java:24)
	at org.gradle.internal.dispatch.ContextClassLoaderDispatch.dispatch(ContextClassLoaderDispatch.java:32)
	at org.gradle.internal.dispatch.ProxyDispatchAdapter$DispatchingInvocationHandler.invoke(ProxyDispatchAdapter.java:93)
	at com.sun.proxy.$Proxy2.processTestClass(Unknown Source)
	at org.gradle.api.internal.tasks.testing.worker.TestWorker.processTestClass(TestWorker.java:117)
	at sun.reflect.NativeMethodAccessorImpl.invoke0(Native Method)
	at sun.reflect.NativeMethodAccessorImpl.invoke(NativeMethodAccessorImpl.java:62)
	at sun.reflect.DelegatingMethodAccessorImpl.invoke(DelegatingMethodAccessorImpl.java:43)
	at java.lang.reflect.Method.invoke(Method.java:498)
	at org.gradle.internal.dispatch.ReflectionDispatch.dispatch(ReflectionDispatch.java:35)
	at org.gradle.internal.dispatch.ReflectionDispatch.dispatch(ReflectionDispatch.java:24)
	at org.gradle.internal.remote.internal.hub.MessageHubBackedObjectConnection$DispatchWrapper.dispatch(MessageHubBackedObjectConnection.java:155)
	at org.gradle.internal.remote.internal.hub.MessageHubBackedObjectConnection$DispatchWrapper.dispatch(MessageHubBackedObjectConnection.java:137)
	at org.gradle.internal.remote.internal.hub.MessageHub$Handler.run(MessageHub.java:404)
	at org.gradle.internal.concurrent.ExecutorPolicy$CatchAndRecordFailures.onExecute(ExecutorPolicy.java:63)
	at org.gradle.internal.concurrent.ManagedExecutorImpl$1.run(ManagedExecutorImpl.java:46)
	at java.util.concurrent.ThreadPoolExecutor.runWorker(ThreadPoolExecutor.java:1149)
	at java.util.concurrent.ThreadPoolExecutor$Worker.run(ThreadPoolExecutor.java:624)
	at org.gradle.internal.concurrent.ThreadFactoryImpl$ManagedThreadRunnable.run(ThreadFactoryImpl.java:55)
	at java.lang.Thread.run(Thread.java:748)
</failure>
  </testcase>
  <testcase name="testPlacementO" classname="test.tetris.TetrisTestSuite" time="0.002">
    <failure message="org.scalatest.exceptions.TestFailedException: passes was false" type="org.scalatest.exceptions.TestFailedException">org.scalatest.exceptions.TestFailedException: passes was false
	at org.scalatest.Assertions.newAssertionFailedException(Assertions.scala:530)
	at org.scalatest.Assertions.newAssertionFailedException$(Assertions.scala:529)
	at test.GenericRecord$TestSuite.newAssertionFailedException(GenericRecord.scala:233)
	at org.scalatest.Assertions$AssertionsHelper.macroAssert(Assertions.scala:503)
	at test.GenericRecord$TestSuite.$anonfun$handleTest$4(GenericRecord.scala:322)
	at org.scalatest.OutcomeOf.outcomeOf(OutcomeOf.scala:85)
	at org.scalatest.OutcomeOf.outcomeOf$(OutcomeOf.scala:83)
	at org.scalatest.OutcomeOf$.outcomeOf(OutcomeOf.scala:104)
	at org.scalatest.Transformer.apply(Transformer.scala:22)
	at org.scalatest.Transformer.apply(Transformer.scala:20)
	at org.scalatest.FunSuiteLike$$anon$1.apply(FunSuiteLike.scala:186)
	at org.scalatest.TestSuite.withFixture(TestSuite.scala:196)
	at org.scalatest.TestSuite.withFixture$(TestSuite.scala:195)
	at test.GenericRecord$TestSuite.withFixture(GenericRecord.scala:233)
	at org.scalatest.FunSuiteLike.invokeWithFixture$1(FunSuiteLike.scala:184)
	at org.scalatest.FunSuiteLike.$anonfun$runTest$1(FunSuiteLike.scala:196)
	at org.scalatest.SuperEngine.runTestImpl(Engine.scala:286)
	at org.scalatest.FunSuiteLike.runTest(FunSuiteLike.scala:196)
	at org.scalatest.FunSuiteLike.runTest$(FunSuiteLike.scala:178)
	at test.GenericRecord$TestSuite.runTest(GenericRecord.scala:233)
	at org.scalatest.FunSuiteLike.$anonfun$runTests$1(FunSuiteLike.scala:229)
	at org.scalatest.SuperEngine.$anonfun$runTestsInBranch$1(Engine.scala:393)
	at scala.collection.immutable.List.foreach(List.scala:392)
	at org.scalatest.SuperEngine.traverseSubNodes$1(Engine.scala:381)
	at org.scalatest.SuperEngine.runTestsInBranch(Engine.scala:376)
	at org.scalatest.SuperEngine.runTestsImpl(Engine.scala:458)
	at org.scalatest.FunSuiteLike.runTests(FunSuiteLike.scala:229)
	at org.scalatest.FunSuiteLike.runTests$(FunSuiteLike.scala:228)
	at test.GenericRecord$TestSuite.runTests(GenericRecord.scala:233)
	at org.scalatest.Suite.run(Suite.scala:1124)
	at org.scalatest.Suite.run$(Suite.scala:1106)
	at test.GenericRecord$TestSuite.org$scalatest$FunSuiteLike$$super$run(GenericRecord.scala:233)
	at org.scalatest.FunSuiteLike.$anonfun$run$1(FunSuiteLike.scala:233)
	at org.scalatest.SuperEngine.runImpl(Engine.scala:518)
	at org.scalatest.FunSuiteLike.run(FunSuiteLike.scala:233)
	at org.scalatest.FunSuiteLike.run$(FunSuiteLike.scala:232)
	at test.GenericRecord$TestSuite.run(GenericRecord.scala:233)
	at org.scalatestplus.junit.JUnitRunner.run(JUnitRunner.scala:99)
	at org.gradle.api.internal.tasks.testing.junit.JUnitTestClassExecutor.runTestClass(JUnitTestClassExecutor.java:106)
	at org.gradle.api.internal.tasks.testing.junit.JUnitTestClassExecutor.execute(JUnitTestClassExecutor.java:58)
	at org.gradle.api.internal.tasks.testing.junit.JUnitTestClassExecutor.execute(JUnitTestClassExecutor.java:38)
	at org.gradle.api.internal.tasks.testing.junit.AbstractJUnitTestClassProcessor.processTestClass(AbstractJUnitTestClassProcessor.java:66)
	at org.gradle.api.internal.tasks.testing.SuiteTestClassProcessor.processTestClass(SuiteTestClassProcessor.java:51)
	at sun.reflect.NativeMethodAccessorImpl.invoke0(Native Method)
	at sun.reflect.NativeMethodAccessorImpl.invoke(NativeMethodAccessorImpl.java:62)
	at sun.reflect.DelegatingMethodAccessorImpl.invoke(DelegatingMethodAccessorImpl.java:43)
	at java.lang.reflect.Method.invoke(Method.java:498)
	at org.gradle.internal.dispatch.ReflectionDispatch.dispatch(ReflectionDispatch.java:35)
	at org.gradle.internal.dispatch.ReflectionDispatch.dispatch(ReflectionDispatch.java:24)
	at org.gradle.internal.dispatch.ContextClassLoaderDispatch.dispatch(ContextClassLoaderDispatch.java:32)
	at org.gradle.internal.dispatch.ProxyDispatchAdapter$DispatchingInvocationHandler.invoke(ProxyDispatchAdapter.java:93)
	at com.sun.proxy.$Proxy2.processTestClass(Unknown Source)
	at org.gradle.api.internal.tasks.testing.worker.TestWorker.processTestClass(TestWorker.java:117)
	at sun.reflect.NativeMethodAccessorImpl.invoke0(Native Method)
	at sun.reflect.NativeMethodAccessorImpl.invoke(NativeMethodAccessorImpl.java:62)
	at sun.reflect.DelegatingMethodAccessorImpl.invoke(DelegatingMethodAccessorImpl.java:43)
	at java.lang.reflect.Method.invoke(Method.java:498)
	at org.gradle.internal.dispatch.ReflectionDispatch.dispatch(ReflectionDispatch.java:35)
	at org.gradle.internal.dispatch.ReflectionDispatch.dispatch(ReflectionDispatch.java:24)
	at org.gradle.internal.remote.internal.hub.MessageHubBackedObjectConnection$DispatchWrapper.dispatch(MessageHubBackedObjectConnection.java:155)
	at org.gradle.internal.remote.internal.hub.MessageHubBackedObjectConnection$DispatchWrapper.dispatch(MessageHubBackedObjectConnection.java:137)
	at org.gradle.internal.remote.internal.hub.MessageHub$Handler.run(MessageHub.java:404)
	at org.gradle.internal.concurrent.ExecutorPolicy$CatchAndRecordFailures.onExecute(ExecutorPolicy.java:63)
	at org.gradle.internal.concurrent.ManagedExecutorImpl$1.run(ManagedExecutorImpl.java:46)
	at java.util.concurrent.ThreadPoolExecutor.runWorker(ThreadPoolExecutor.java:1149)
	at java.util.concurrent.ThreadPoolExecutor$Worker.run(ThreadPoolExecutor.java:624)
	at org.gradle.internal.concurrent.ThreadFactoryImpl$ManagedThreadRunnable.run(ThreadFactoryImpl.java:55)
	at java.lang.Thread.run(Thread.java:748)
</failure>
  </testcase>
  <testcase name="testPlacementS" classname="test.tetris.TetrisTestSuite" time="0.002">
    <failure message="org.scalatest.exceptions.TestFailedException: passes was false" type="org.scalatest.exceptions.TestFailedException">org.scalatest.exceptions.TestFailedException: passes was false
	at org.scalatest.Assertions.newAssertionFailedException(Assertions.scala:530)
	at org.scalatest.Assertions.newAssertionFailedException$(Assertions.scala:529)
	at test.GenericRecord$TestSuite.newAssertionFailedException(GenericRecord.scala:233)
	at org.scalatest.Assertions$AssertionsHelper.macroAssert(Assertions.scala:503)
	at test.GenericRecord$TestSuite.$anonfun$handleTest$4(GenericRecord.scala:322)
	at org.scalatest.OutcomeOf.outcomeOf(OutcomeOf.scala:85)
	at org.scalatest.OutcomeOf.outcomeOf$(OutcomeOf.scala:83)
	at org.scalatest.OutcomeOf$.outcomeOf(OutcomeOf.scala:104)
	at org.scalatest.Transformer.apply(Transformer.scala:22)
	at org.scalatest.Transformer.apply(Transformer.scala:20)
	at org.scalatest.FunSuiteLike$$anon$1.apply(FunSuiteLike.scala:186)
	at org.scalatest.TestSuite.withFixture(TestSuite.scala:196)
	at org.scalatest.TestSuite.withFixture$(TestSuite.scala:195)
	at test.GenericRecord$TestSuite.withFixture(GenericRecord.scala:233)
	at org.scalatest.FunSuiteLike.invokeWithFixture$1(FunSuiteLike.scala:184)
	at org.scalatest.FunSuiteLike.$anonfun$runTest$1(FunSuiteLike.scala:196)
	at org.scalatest.SuperEngine.runTestImpl(Engine.scala:286)
	at org.scalatest.FunSuiteLike.runTest(FunSuiteLike.scala:196)
	at org.scalatest.FunSuiteLike.runTest$(FunSuiteLike.scala:178)
	at test.GenericRecord$TestSuite.runTest(GenericRecord.scala:233)
	at org.scalatest.FunSuiteLike.$anonfun$runTests$1(FunSuiteLike.scala:229)
	at org.scalatest.SuperEngine.$anonfun$runTestsInBranch$1(Engine.scala:393)
	at scala.collection.immutable.List.foreach(List.scala:392)
	at org.scalatest.SuperEngine.traverseSubNodes$1(Engine.scala:381)
	at org.scalatest.SuperEngine.runTestsInBranch(Engine.scala:376)
	at org.scalatest.SuperEngine.runTestsImpl(Engine.scala:458)
	at org.scalatest.FunSuiteLike.runTests(FunSuiteLike.scala:229)
	at org.scalatest.FunSuiteLike.runTests$(FunSuiteLike.scala:228)
	at test.GenericRecord$TestSuite.runTests(GenericRecord.scala:233)
	at org.scalatest.Suite.run(Suite.scala:1124)
	at org.scalatest.Suite.run$(Suite.scala:1106)
	at test.GenericRecord$TestSuite.org$scalatest$FunSuiteLike$$super$run(GenericRecord.scala:233)
	at org.scalatest.FunSuiteLike.$anonfun$run$1(FunSuiteLike.scala:233)
	at org.scalatest.SuperEngine.runImpl(Engine.scala:518)
	at org.scalatest.FunSuiteLike.run(FunSuiteLike.scala:233)
	at org.scalatest.FunSuiteLike.run$(FunSuiteLike.scala:232)
	at test.GenericRecord$TestSuite.run(GenericRecord.scala:233)
	at org.scalatestplus.junit.JUnitRunner.run(JUnitRunner.scala:99)
	at org.gradle.api.internal.tasks.testing.junit.JUnitTestClassExecutor.runTestClass(JUnitTestClassExecutor.java:106)
	at org.gradle.api.internal.tasks.testing.junit.JUnitTestClassExecutor.execute(JUnitTestClassExecutor.java:58)
	at org.gradle.api.internal.tasks.testing.junit.JUnitTestClassExecutor.execute(JUnitTestClassExecutor.java:38)
	at org.gradle.api.internal.tasks.testing.junit.AbstractJUnitTestClassProcessor.processTestClass(AbstractJUnitTestClassProcessor.java:66)
	at org.gradle.api.internal.tasks.testing.SuiteTestClassProcessor.processTestClass(SuiteTestClassProcessor.java:51)
	at sun.reflect.NativeMethodAccessorImpl.invoke0(Native Method)
	at sun.reflect.NativeMethodAccessorImpl.invoke(NativeMethodAccessorImpl.java:62)
	at sun.reflect.DelegatingMethodAccessorImpl.invoke(DelegatingMethodAccessorImpl.java:43)
	at java.lang.reflect.Method.invoke(Method.java:498)
	at org.gradle.internal.dispatch.ReflectionDispatch.dispatch(ReflectionDispatch.java:35)
	at org.gradle.internal.dispatch.ReflectionDispatch.dispatch(ReflectionDispatch.java:24)
	at org.gradle.internal.dispatch.ContextClassLoaderDispatch.dispatch(ContextClassLoaderDispatch.java:32)
	at org.gradle.internal.dispatch.ProxyDispatchAdapter$DispatchingInvocationHandler.invoke(ProxyDispatchAdapter.java:93)
	at com.sun.proxy.$Proxy2.processTestClass(Unknown Source)
	at org.gradle.api.internal.tasks.testing.worker.TestWorker.processTestClass(TestWorker.java:117)
	at sun.reflect.NativeMethodAccessorImpl.invoke0(Native Method)
	at sun.reflect.NativeMethodAccessorImpl.invoke(NativeMethodAccessorImpl.java:62)
	at sun.reflect.DelegatingMethodAccessorImpl.invoke(DelegatingMethodAccessorImpl.java:43)
	at java.lang.reflect.Method.invoke(Method.java:498)
	at org.gradle.internal.dispatch.ReflectionDispatch.dispatch(ReflectionDispatch.java:35)
	at org.gradle.internal.dispatch.ReflectionDispatch.dispatch(ReflectionDispatch.java:24)
	at org.gradle.internal.remote.internal.hub.MessageHubBackedObjectConnection$DispatchWrapper.dispatch(MessageHubBackedObjectConnection.java:155)
	at org.gradle.internal.remote.internal.hub.MessageHubBackedObjectConnection$DispatchWrapper.dispatch(MessageHubBackedObjectConnection.java:137)
	at org.gradle.internal.remote.internal.hub.MessageHub$Handler.run(MessageHub.java:404)
	at org.gradle.internal.concurrent.ExecutorPolicy$CatchAndRecordFailures.onExecute(ExecutorPolicy.java:63)
	at org.gradle.internal.concurrent.ManagedExecutorImpl$1.run(ManagedExecutorImpl.java:46)
	at java.util.concurrent.ThreadPoolExecutor.runWorker(ThreadPoolExecutor.java:1149)
	at java.util.concurrent.ThreadPoolExecutor$Worker.run(ThreadPoolExecutor.java:624)
	at org.gradle.internal.concurrent.ThreadFactoryImpl$ManagedThreadRunnable.run(ThreadFactoryImpl.java:55)
	at java.lang.Thread.run(Thread.java:748)
</failure>
  </testcase>
  <testcase name="testPlacementT" classname="test.tetris.TetrisTestSuite" time="0.003">
    <failure message="org.scalatest.exceptions.TestFailedException: passes was false" type="org.scalatest.exceptions.TestFailedException">org.scalatest.exceptions.TestFailedException: passes was false
	at org.scalatest.Assertions.newAssertionFailedException(Assertions.scala:530)
	at org.scalatest.Assertions.newAssertionFailedException$(Assertions.scala:529)
	at test.GenericRecord$TestSuite.newAssertionFailedException(GenericRecord.scala:233)
	at org.scalatest.Assertions$AssertionsHelper.macroAssert(Assertions.scala:503)
	at test.GenericRecord$TestSuite.$anonfun$handleTest$4(GenericRecord.scala:322)
	at org.scalatest.OutcomeOf.outcomeOf(OutcomeOf.scala:85)
	at org.scalatest.OutcomeOf.outcomeOf$(OutcomeOf.scala:83)
	at org.scalatest.OutcomeOf$.outcomeOf(OutcomeOf.scala:104)
	at org.scalatest.Transformer.apply(Transformer.scala:22)
	at org.scalatest.Transformer.apply(Transformer.scala:20)
	at org.scalatest.FunSuiteLike$$anon$1.apply(FunSuiteLike.scala:186)
	at org.scalatest.TestSuite.withFixture(TestSuite.scala:196)
	at org.scalatest.TestSuite.withFixture$(TestSuite.scala:195)
	at test.GenericRecord$TestSuite.withFixture(GenericRecord.scala:233)
	at org.scalatest.FunSuiteLike.invokeWithFixture$1(FunSuiteLike.scala:184)
	at org.scalatest.FunSuiteLike.$anonfun$runTest$1(FunSuiteLike.scala:196)
	at org.scalatest.SuperEngine.runTestImpl(Engine.scala:286)
	at org.scalatest.FunSuiteLike.runTest(FunSuiteLike.scala:196)
	at org.scalatest.FunSuiteLike.runTest$(FunSuiteLike.scala:178)
	at test.GenericRecord$TestSuite.runTest(GenericRecord.scala:233)
	at org.scalatest.FunSuiteLike.$anonfun$runTests$1(FunSuiteLike.scala:229)
	at org.scalatest.SuperEngine.$anonfun$runTestsInBranch$1(Engine.scala:393)
	at scala.collection.immutable.List.foreach(List.scala:392)
	at org.scalatest.SuperEngine.traverseSubNodes$1(Engine.scala:381)
	at org.scalatest.SuperEngine.runTestsInBranch(Engine.scala:376)
	at org.scalatest.SuperEngine.runTestsImpl(Engine.scala:458)
	at org.scalatest.FunSuiteLike.runTests(FunSuiteLike.scala:229)
	at org.scalatest.FunSuiteLike.runTests$(FunSuiteLike.scala:228)
	at test.GenericRecord$TestSuite.runTests(GenericRecord.scala:233)
	at org.scalatest.Suite.run(Suite.scala:1124)
	at org.scalatest.Suite.run$(Suite.scala:1106)
	at test.GenericRecord$TestSuite.org$scalatest$FunSuiteLike$$super$run(GenericRecord.scala:233)
	at org.scalatest.FunSuiteLike.$anonfun$run$1(FunSuiteLike.scala:233)
	at org.scalatest.SuperEngine.runImpl(Engine.scala:518)
	at org.scalatest.FunSuiteLike.run(FunSuiteLike.scala:233)
	at org.scalatest.FunSuiteLike.run$(FunSuiteLike.scala:232)
	at test.GenericRecord$TestSuite.run(GenericRecord.scala:233)
	at org.scalatestplus.junit.JUnitRunner.run(JUnitRunner.scala:99)
	at org.gradle.api.internal.tasks.testing.junit.JUnitTestClassExecutor.runTestClass(JUnitTestClassExecutor.java:106)
	at org.gradle.api.internal.tasks.testing.junit.JUnitTestClassExecutor.execute(JUnitTestClassExecutor.java:58)
	at org.gradle.api.internal.tasks.testing.junit.JUnitTestClassExecutor.execute(JUnitTestClassExecutor.java:38)
	at org.gradle.api.internal.tasks.testing.junit.AbstractJUnitTestClassProcessor.processTestClass(AbstractJUnitTestClassProcessor.java:66)
	at org.gradle.api.internal.tasks.testing.SuiteTestClassProcessor.processTestClass(SuiteTestClassProcessor.java:51)
	at sun.reflect.NativeMethodAccessorImpl.invoke0(Native Method)
	at sun.reflect.NativeMethodAccessorImpl.invoke(NativeMethodAccessorImpl.java:62)
	at sun.reflect.DelegatingMethodAccessorImpl.invoke(DelegatingMethodAccessorImpl.java:43)
	at java.lang.reflect.Method.invoke(Method.java:498)
	at org.gradle.internal.dispatch.ReflectionDispatch.dispatch(ReflectionDispatch.java:35)
	at org.gradle.internal.dispatch.ReflectionDispatch.dispatch(ReflectionDispatch.java:24)
	at org.gradle.internal.dispatch.ContextClassLoaderDispatch.dispatch(ContextClassLoaderDispatch.java:32)
	at org.gradle.internal.dispatch.ProxyDispatchAdapter$DispatchingInvocationHandler.invoke(ProxyDispatchAdapter.java:93)
	at com.sun.proxy.$Proxy2.processTestClass(Unknown Source)
	at org.gradle.api.internal.tasks.testing.worker.TestWorker.processTestClass(TestWorker.java:117)
	at sun.reflect.NativeMethodAccessorImpl.invoke0(Native Method)
	at sun.reflect.NativeMethodAccessorImpl.invoke(NativeMethodAccessorImpl.java:62)
	at sun.reflect.DelegatingMethodAccessorImpl.invoke(DelegatingMethodAccessorImpl.java:43)
	at java.lang.reflect.Method.invoke(Method.java:498)
	at org.gradle.internal.dispatch.ReflectionDispatch.dispatch(ReflectionDispatch.java:35)
	at org.gradle.internal.dispatch.ReflectionDispatch.dispatch(ReflectionDispatch.java:24)
	at org.gradle.internal.remote.internal.hub.MessageHubBackedObjectConnection$DispatchWrapper.dispatch(MessageHubBackedObjectConnection.java:155)
	at org.gradle.internal.remote.internal.hub.MessageHubBackedObjectConnection$DispatchWrapper.dispatch(MessageHubBackedObjectConnection.java:137)
	at org.gradle.internal.remote.internal.hub.MessageHub$Handler.run(MessageHub.java:404)
	at org.gradle.internal.concurrent.ExecutorPolicy$CatchAndRecordFailures.onExecute(ExecutorPolicy.java:63)
	at org.gradle.internal.concurrent.ManagedExecutorImpl$1.run(ManagedExecutorImpl.java:46)
	at java.util.concurrent.ThreadPoolExecutor.runWorker(ThreadPoolExecutor.java:1149)
	at java.util.concurrent.ThreadPoolExecutor$Worker.run(ThreadPoolExecutor.java:624)
	at org.gradle.internal.concurrent.ThreadFactoryImpl$ManagedThreadRunnable.run(ThreadFactoryImpl.java:55)
	at java.lang.Thread.run(Thread.java:748)
</failure>
  </testcase>
  <testcase name="testPlacementZ" classname="test.tetris.TetrisTestSuite" time="0.002">
    <failure message="org.scalatest.exceptions.TestFailedException: passes was false" type="org.scalatest.exceptions.TestFailedException">org.scalatest.exceptions.TestFailedException: passes was false
	at org.scalatest.Assertions.newAssertionFailedException(Assertions.scala:530)
	at org.scalatest.Assertions.newAssertionFailedException$(Assertions.scala:529)
	at test.GenericRecord$TestSuite.newAssertionFailedException(GenericRecord.scala:233)
	at org.scalatest.Assertions$AssertionsHelper.macroAssert(Assertions.scala:503)
	at test.GenericRecord$TestSuite.$anonfun$handleTest$4(GenericRecord.scala:322)
	at org.scalatest.OutcomeOf.outcomeOf(OutcomeOf.scala:85)
	at org.scalatest.OutcomeOf.outcomeOf$(OutcomeOf.scala:83)
	at org.scalatest.OutcomeOf$.outcomeOf(OutcomeOf.scala:104)
	at org.scalatest.Transformer.apply(Transformer.scala:22)
	at org.scalatest.Transformer.apply(Transformer.scala:20)
	at org.scalatest.FunSuiteLike$$anon$1.apply(FunSuiteLike.scala:186)
	at org.scalatest.TestSuite.withFixture(TestSuite.scala:196)
	at org.scalatest.TestSuite.withFixture$(TestSuite.scala:195)
	at test.GenericRecord$TestSuite.withFixture(GenericRecord.scala:233)
	at org.scalatest.FunSuiteLike.invokeWithFixture$1(FunSuiteLike.scala:184)
	at org.scalatest.FunSuiteLike.$anonfun$runTest$1(FunSuiteLike.scala:196)
	at org.scalatest.SuperEngine.runTestImpl(Engine.scala:286)
	at org.scalatest.FunSuiteLike.runTest(FunSuiteLike.scala:196)
	at org.scalatest.FunSuiteLike.runTest$(FunSuiteLike.scala:178)
	at test.GenericRecord$TestSuite.runTest(GenericRecord.scala:233)
	at org.scalatest.FunSuiteLike.$anonfun$runTests$1(FunSuiteLike.scala:229)
	at org.scalatest.SuperEngine.$anonfun$runTestsInBranch$1(Engine.scala:393)
	at scala.collection.immutable.List.foreach(List.scala:392)
	at org.scalatest.SuperEngine.traverseSubNodes$1(Engine.scala:381)
	at org.scalatest.SuperEngine.runTestsInBranch(Engine.scala:376)
	at org.scalatest.SuperEngine.runTestsImpl(Engine.scala:458)
	at org.scalatest.FunSuiteLike.runTests(FunSuiteLike.scala:229)
	at org.scalatest.FunSuiteLike.runTests$(FunSuiteLike.scala:228)
	at test.GenericRecord$TestSuite.runTests(GenericRecord.scala:233)
	at org.scalatest.Suite.run(Suite.scala:1124)
	at org.scalatest.Suite.run$(Suite.scala:1106)
	at test.GenericRecord$TestSuite.org$scalatest$FunSuiteLike$$super$run(GenericRecord.scala:233)
	at org.scalatest.FunSuiteLike.$anonfun$run$1(FunSuiteLike.scala:233)
	at org.scalatest.SuperEngine.runImpl(Engine.scala:518)
	at org.scalatest.FunSuiteLike.run(FunSuiteLike.scala:233)
	at org.scalatest.FunSuiteLike.run$(FunSuiteLike.scala:232)
	at test.GenericRecord$TestSuite.run(GenericRecord.scala:233)
	at org.scalatestplus.junit.JUnitRunner.run(JUnitRunner.scala:99)
	at org.gradle.api.internal.tasks.testing.junit.JUnitTestClassExecutor.runTestClass(JUnitTestClassExecutor.java:106)
	at org.gradle.api.internal.tasks.testing.junit.JUnitTestClassExecutor.execute(JUnitTestClassExecutor.java:58)
	at org.gradle.api.internal.tasks.testing.junit.JUnitTestClassExecutor.execute(JUnitTestClassExecutor.java:38)
	at org.gradle.api.internal.tasks.testing.junit.AbstractJUnitTestClassProcessor.processTestClass(AbstractJUnitTestClassProcessor.java:66)
	at org.gradle.api.internal.tasks.testing.SuiteTestClassProcessor.processTestClass(SuiteTestClassProcessor.java:51)
	at sun.reflect.NativeMethodAccessorImpl.invoke0(Native Method)
	at sun.reflect.NativeMethodAccessorImpl.invoke(NativeMethodAccessorImpl.java:62)
	at sun.reflect.DelegatingMethodAccessorImpl.invoke(DelegatingMethodAccessorImpl.java:43)
	at java.lang.reflect.Method.invoke(Method.java:498)
	at org.gradle.internal.dispatch.ReflectionDispatch.dispatch(ReflectionDispatch.java:35)
	at org.gradle.internal.dispatch.ReflectionDispatch.dispatch(ReflectionDispatch.java:24)
	at org.gradle.internal.dispatch.ContextClassLoaderDispatch.dispatch(ContextClassLoaderDispatch.java:32)
	at org.gradle.internal.dispatch.ProxyDispatchAdapter$DispatchingInvocationHandler.invoke(ProxyDispatchAdapter.java:93)
	at com.sun.proxy.$Proxy2.processTestClass(Unknown Source)
	at org.gradle.api.internal.tasks.testing.worker.TestWorker.processTestClass(TestWorker.java:117)
	at sun.reflect.NativeMethodAccessorImpl.invoke0(Native Method)
	at sun.reflect.NativeMethodAccessorImpl.invoke(NativeMethodAccessorImpl.java:62)
	at sun.reflect.DelegatingMethodAccessorImpl.invoke(DelegatingMethodAccessorImpl.java:43)
	at java.lang.reflect.Method.invoke(Method.java:498)
	at org.gradle.internal.dispatch.ReflectionDispatch.dispatch(ReflectionDispatch.java:35)
	at org.gradle.internal.dispatch.ReflectionDispatch.dispatch(ReflectionDispatch.java:24)
	at org.gradle.internal.remote.internal.hub.MessageHubBackedObjectConnection$DispatchWrapper.dispatch(MessageHubBackedObjectConnection.java:155)
	at org.gradle.internal.remote.internal.hub.MessageHubBackedObjectConnection$DispatchWrapper.dispatch(MessageHubBackedObjectConnection.java:137)
	at org.gradle.internal.remote.internal.hub.MessageHub$Handler.run(MessageHub.java:404)
	at org.gradle.internal.concurrent.ExecutorPolicy$CatchAndRecordFailures.onExecute(ExecutorPolicy.java:63)
	at org.gradle.internal.concurrent.ManagedExecutorImpl$1.run(ManagedExecutorImpl.java:46)
	at java.util.concurrent.ThreadPoolExecutor.runWorker(ThreadPoolExecutor.java:1149)
	at java.util.concurrent.ThreadPoolExecutor$Worker.run(ThreadPoolExecutor.java:624)
	at org.gradle.internal.concurrent.ThreadFactoryImpl$ManagedThreadRunnable.run(ThreadFactoryImpl.java:55)
	at java.lang.Thread.run(Thread.java:748)
</failure>
  </testcase>
  <testcase name="testIRotations" classname="test.tetris.TetrisTestSuite" time="0.004">
    <failure message="org.scalatest.exceptions.TestFailedException: passes was false" type="org.scalatest.exceptions.TestFailedException">org.scalatest.exceptions.TestFailedException: passes was false
	at org.scalatest.Assertions.newAssertionFailedException(Assertions.scala:530)
	at org.scalatest.Assertions.newAssertionFailedException$(Assertions.scala:529)
	at test.GenericRecord$TestSuite.newAssertionFailedException(GenericRecord.scala:233)
	at org.scalatest.Assertions$AssertionsHelper.macroAssert(Assertions.scala:503)
	at test.GenericRecord$TestSuite.$anonfun$handleTest$4(GenericRecord.scala:322)
	at org.scalatest.OutcomeOf.outcomeOf(OutcomeOf.scala:85)
	at org.scalatest.OutcomeOf.outcomeOf$(OutcomeOf.scala:83)
	at org.scalatest.OutcomeOf$.outcomeOf(OutcomeOf.scala:104)
	at org.scalatest.Transformer.apply(Transformer.scala:22)
	at org.scalatest.Transformer.apply(Transformer.scala:20)
	at org.scalatest.FunSuiteLike$$anon$1.apply(FunSuiteLike.scala:186)
	at org.scalatest.TestSuite.withFixture(TestSuite.scala:196)
	at org.scalatest.TestSuite.withFixture$(TestSuite.scala:195)
	at test.GenericRecord$TestSuite.withFixture(GenericRecord.scala:233)
	at org.scalatest.FunSuiteLike.invokeWithFixture$1(FunSuiteLike.scala:184)
	at org.scalatest.FunSuiteLike.$anonfun$runTest$1(FunSuiteLike.scala:196)
	at org.scalatest.SuperEngine.runTestImpl(Engine.scala:286)
	at org.scalatest.FunSuiteLike.runTest(FunSuiteLike.scala:196)
	at org.scalatest.FunSuiteLike.runTest$(FunSuiteLike.scala:178)
	at test.GenericRecord$TestSuite.runTest(GenericRecord.scala:233)
	at org.scalatest.FunSuiteLike.$anonfun$runTests$1(FunSuiteLike.scala:229)
	at org.scalatest.SuperEngine.$anonfun$runTestsInBranch$1(Engine.scala:393)
	at scala.collection.immutable.List.foreach(List.scala:392)
	at org.scalatest.SuperEngine.traverseSubNodes$1(Engine.scala:381)
	at org.scalatest.SuperEngine.runTestsInBranch(Engine.scala:376)
	at org.scalatest.SuperEngine.runTestsImpl(Engine.scala:458)
	at org.scalatest.FunSuiteLike.runTests(FunSuiteLike.scala:229)
	at org.scalatest.FunSuiteLike.runTests$(FunSuiteLike.scala:228)
	at test.GenericRecord$TestSuite.runTests(GenericRecord.scala:233)
	at org.scalatest.Suite.run(Suite.scala:1124)
	at org.scalatest.Suite.run$(Suite.scala:1106)
	at test.GenericRecord$TestSuite.org$scalatest$FunSuiteLike$$super$run(GenericRecord.scala:233)
	at org.scalatest.FunSuiteLike.$anonfun$run$1(FunSuiteLike.scala:233)
	at org.scalatest.SuperEngine.runImpl(Engine.scala:518)
	at org.scalatest.FunSuiteLike.run(FunSuiteLike.scala:233)
	at org.scalatest.FunSuiteLike.run$(FunSuiteLike.scala:232)
	at test.GenericRecord$TestSuite.run(GenericRecord.scala:233)
	at org.scalatestplus.junit.JUnitRunner.run(JUnitRunner.scala:99)
	at org.gradle.api.internal.tasks.testing.junit.JUnitTestClassExecutor.runTestClass(JUnitTestClassExecutor.java:106)
	at org.gradle.api.internal.tasks.testing.junit.JUnitTestClassExecutor.execute(JUnitTestClassExecutor.java:58)
	at org.gradle.api.internal.tasks.testing.junit.JUnitTestClassExecutor.execute(JUnitTestClassExecutor.java:38)
	at org.gradle.api.internal.tasks.testing.junit.AbstractJUnitTestClassProcessor.processTestClass(AbstractJUnitTestClassProcessor.java:66)
	at org.gradle.api.internal.tasks.testing.SuiteTestClassProcessor.processTestClass(SuiteTestClassProcessor.java:51)
	at sun.reflect.NativeMethodAccessorImpl.invoke0(Native Method)
	at sun.reflect.NativeMethodAccessorImpl.invoke(NativeMethodAccessorImpl.java:62)
	at sun.reflect.DelegatingMethodAccessorImpl.invoke(DelegatingMethodAccessorImpl.java:43)
	at java.lang.reflect.Method.invoke(Method.java:498)
	at org.gradle.internal.dispatch.ReflectionDispatch.dispatch(ReflectionDispatch.java:35)
	at org.gradle.internal.dispatch.ReflectionDispatch.dispatch(ReflectionDispatch.java:24)
	at org.gradle.internal.dispatch.ContextClassLoaderDispatch.dispatch(ContextClassLoaderDispatch.java:32)
	at org.gradle.internal.dispatch.ProxyDispatchAdapter$DispatchingInvocationHandler.invoke(ProxyDispatchAdapter.java:93)
	at com.sun.proxy.$Proxy2.processTestClass(Unknown Source)
	at org.gradle.api.internal.tasks.testing.worker.TestWorker.processTestClass(TestWorker.java:117)
	at sun.reflect.NativeMethodAccessorImpl.invoke0(Native Method)
	at sun.reflect.NativeMethodAccessorImpl.invoke(NativeMethodAccessorImpl.java:62)
	at sun.reflect.DelegatingMethodAccessorImpl.invoke(DelegatingMethodAccessorImpl.java:43)
	at java.lang.reflect.Method.invoke(Method.java:498)
	at org.gradle.internal.dispatch.ReflectionDispatch.dispatch(ReflectionDispatch.java:35)
	at org.gradle.internal.dispatch.ReflectionDispatch.dispatch(ReflectionDispatch.java:24)
	at org.gradle.internal.remote.internal.hub.MessageHubBackedObjectConnection$DispatchWrapper.dispatch(MessageHubBackedObjectConnection.java:155)
	at org.gradle.internal.remote.internal.hub.MessageHubBackedObjectConnection$DispatchWrapper.dispatch(MessageHubBackedObjectConnection.java:137)
	at org.gradle.internal.remote.internal.hub.MessageHub$Handler.run(MessageHub.java:404)
	at org.gradle.internal.concurrent.ExecutorPolicy$CatchAndRecordFailures.onExecute(ExecutorPolicy.java:63)
	at org.gradle.internal.concurrent.ManagedExecutorImpl$1.run(ManagedExecutorImpl.java:46)
	at java.util.concurrent.ThreadPoolExecutor.runWorker(ThreadPoolExecutor.java:1149)
	at java.util.concurrent.ThreadPoolExecutor$Worker.run(ThreadPoolExecutor.java:624)
	at org.gradle.internal.concurrent.ThreadFactoryImpl$ManagedThreadRunnable.run(ThreadFactoryImpl.java:55)
	at java.lang.Thread.run(Thread.java:748)
</failure>
  </testcase>
  <testcase name="testJRotations" classname="test.tetris.TetrisTestSuite" time="0.004">
    <failure message="org.scalatest.exceptions.TestFailedException: passes was false" type="org.scalatest.exceptions.TestFailedException">org.scalatest.exceptions.TestFailedException: passes was false
	at org.scalatest.Assertions.newAssertionFailedException(Assertions.scala:530)
	at org.scalatest.Assertions.newAssertionFailedException$(Assertions.scala:529)
	at test.GenericRecord$TestSuite.newAssertionFailedException(GenericRecord.scala:233)
	at org.scalatest.Assertions$AssertionsHelper.macroAssert(Assertions.scala:503)
	at test.GenericRecord$TestSuite.$anonfun$handleTest$4(GenericRecord.scala:322)
	at org.scalatest.OutcomeOf.outcomeOf(OutcomeOf.scala:85)
	at org.scalatest.OutcomeOf.outcomeOf$(OutcomeOf.scala:83)
	at org.scalatest.OutcomeOf$.outcomeOf(OutcomeOf.scala:104)
	at org.scalatest.Transformer.apply(Transformer.scala:22)
	at org.scalatest.Transformer.apply(Transformer.scala:20)
	at org.scalatest.FunSuiteLike$$anon$1.apply(FunSuiteLike.scala:186)
	at org.scalatest.TestSuite.withFixture(TestSuite.scala:196)
	at org.scalatest.TestSuite.withFixture$(TestSuite.scala:195)
	at test.GenericRecord$TestSuite.withFixture(GenericRecord.scala:233)
	at org.scalatest.FunSuiteLike.invokeWithFixture$1(FunSuiteLike.scala:184)
	at org.scalatest.FunSuiteLike.$anonfun$runTest$1(FunSuiteLike.scala:196)
	at org.scalatest.SuperEngine.runTestImpl(Engine.scala:286)
	at org.scalatest.FunSuiteLike.runTest(FunSuiteLike.scala:196)
	at org.scalatest.FunSuiteLike.runTest$(FunSuiteLike.scala:178)
	at test.GenericRecord$TestSuite.runTest(GenericRecord.scala:233)
	at org.scalatest.FunSuiteLike.$anonfun$runTests$1(FunSuiteLike.scala:229)
	at org.scalatest.SuperEngine.$anonfun$runTestsInBranch$1(Engine.scala:393)
	at scala.collection.immutable.List.foreach(List.scala:392)
	at org.scalatest.SuperEngine.traverseSubNodes$1(Engine.scala:381)
	at org.scalatest.SuperEngine.runTestsInBranch(Engine.scala:376)
	at org.scalatest.SuperEngine.runTestsImpl(Engine.scala:458)
	at org.scalatest.FunSuiteLike.runTests(FunSuiteLike.scala:229)
	at org.scalatest.FunSuiteLike.runTests$(FunSuiteLike.scala:228)
	at test.GenericRecord$TestSuite.runTests(GenericRecord.scala:233)
	at org.scalatest.Suite.run(Suite.scala:1124)
	at org.scalatest.Suite.run$(Suite.scala:1106)
	at test.GenericRecord$TestSuite.org$scalatest$FunSuiteLike$$super$run(GenericRecord.scala:233)
	at org.scalatest.FunSuiteLike.$anonfun$run$1(FunSuiteLike.scala:233)
	at org.scalatest.SuperEngine.runImpl(Engine.scala:518)
	at org.scalatest.FunSuiteLike.run(FunSuiteLike.scala:233)
	at org.scalatest.FunSuiteLike.run$(FunSuiteLike.scala:232)
	at test.GenericRecord$TestSuite.run(GenericRecord.scala:233)
	at org.scalatestplus.junit.JUnitRunner.run(JUnitRunner.scala:99)
	at org.gradle.api.internal.tasks.testing.junit.JUnitTestClassExecutor.runTestClass(JUnitTestClassExecutor.java:106)
	at org.gradle.api.internal.tasks.testing.junit.JUnitTestClassExecutor.execute(JUnitTestClassExecutor.java:58)
	at org.gradle.api.internal.tasks.testing.junit.JUnitTestClassExecutor.execute(JUnitTestClassExecutor.java:38)
	at org.gradle.api.internal.tasks.testing.junit.AbstractJUnitTestClassProcessor.processTestClass(AbstractJUnitTestClassProcessor.java:66)
	at org.gradle.api.internal.tasks.testing.SuiteTestClassProcessor.processTestClass(SuiteTestClassProcessor.java:51)
	at sun.reflect.NativeMethodAccessorImpl.invoke0(Native Method)
	at sun.reflect.NativeMethodAccessorImpl.invoke(NativeMethodAccessorImpl.java:62)
	at sun.reflect.DelegatingMethodAccessorImpl.invoke(DelegatingMethodAccessorImpl.java:43)
	at java.lang.reflect.Method.invoke(Method.java:498)
	at org.gradle.internal.dispatch.ReflectionDispatch.dispatch(ReflectionDispatch.java:35)
	at org.gradle.internal.dispatch.ReflectionDispatch.dispatch(ReflectionDispatch.java:24)
	at org.gradle.internal.dispatch.ContextClassLoaderDispatch.dispatch(ContextClassLoaderDispatch.java:32)
	at org.gradle.internal.dispatch.ProxyDispatchAdapter$DispatchingInvocationHandler.invoke(ProxyDispatchAdapter.java:93)
	at com.sun.proxy.$Proxy2.processTestClass(Unknown Source)
	at org.gradle.api.internal.tasks.testing.worker.TestWorker.processTestClass(TestWorker.java:117)
	at sun.reflect.NativeMethodAccessorImpl.invoke0(Native Method)
	at sun.reflect.NativeMethodAccessorImpl.invoke(NativeMethodAccessorImpl.java:62)
	at sun.reflect.DelegatingMethodAccessorImpl.invoke(DelegatingMethodAccessorImpl.java:43)
	at java.lang.reflect.Method.invoke(Method.java:498)
	at org.gradle.internal.dispatch.ReflectionDispatch.dispatch(ReflectionDispatch.java:35)
	at org.gradle.internal.dispatch.ReflectionDispatch.dispatch(ReflectionDispatch.java:24)
	at org.gradle.internal.remote.internal.hub.MessageHubBackedObjectConnection$DispatchWrapper.dispatch(MessageHubBackedObjectConnection.java:155)
	at org.gradle.internal.remote.internal.hub.MessageHubBackedObjectConnection$DispatchWrapper.dispatch(MessageHubBackedObjectConnection.java:137)
	at org.gradle.internal.remote.internal.hub.MessageHub$Handler.run(MessageHub.java:404)
	at org.gradle.internal.concurrent.ExecutorPolicy$CatchAndRecordFailures.onExecute(ExecutorPolicy.java:63)
	at org.gradle.internal.concurrent.ManagedExecutorImpl$1.run(ManagedExecutorImpl.java:46)
	at java.util.concurrent.ThreadPoolExecutor.runWorker(ThreadPoolExecutor.java:1149)
	at java.util.concurrent.ThreadPoolExecutor$Worker.run(ThreadPoolExecutor.java:624)
	at org.gradle.internal.concurrent.ThreadFactoryImpl$ManagedThreadRunnable.run(ThreadFactoryImpl.java:55)
	at java.lang.Thread.run(Thread.java:748)
</failure>
  </testcase>
  <testcase name="testLRotations" classname="test.tetris.TetrisTestSuite" time="0.004">
    <failure message="org.scalatest.exceptions.TestFailedException: passes was false" type="org.scalatest.exceptions.TestFailedException">org.scalatest.exceptions.TestFailedException: passes was false
	at org.scalatest.Assertions.newAssertionFailedException(Assertions.scala:530)
	at org.scalatest.Assertions.newAssertionFailedException$(Assertions.scala:529)
	at test.GenericRecord$TestSuite.newAssertionFailedException(GenericRecord.scala:233)
	at org.scalatest.Assertions$AssertionsHelper.macroAssert(Assertions.scala:503)
	at test.GenericRecord$TestSuite.$anonfun$handleTest$4(GenericRecord.scala:322)
	at org.scalatest.OutcomeOf.outcomeOf(OutcomeOf.scala:85)
	at org.scalatest.OutcomeOf.outcomeOf$(OutcomeOf.scala:83)
	at org.scalatest.OutcomeOf$.outcomeOf(OutcomeOf.scala:104)
	at org.scalatest.Transformer.apply(Transformer.scala:22)
	at org.scalatest.Transformer.apply(Transformer.scala:20)
	at org.scalatest.FunSuiteLike$$anon$1.apply(FunSuiteLike.scala:186)
	at org.scalatest.TestSuite.withFixture(TestSuite.scala:196)
	at org.scalatest.TestSuite.withFixture$(TestSuite.scala:195)
	at test.GenericRecord$TestSuite.withFixture(GenericRecord.scala:233)
	at org.scalatest.FunSuiteLike.invokeWithFixture$1(FunSuiteLike.scala:184)
	at org.scalatest.FunSuiteLike.$anonfun$runTest$1(FunSuiteLike.scala:196)
	at org.scalatest.SuperEngine.runTestImpl(Engine.scala:286)
	at org.scalatest.FunSuiteLike.runTest(FunSuiteLike.scala:196)
	at org.scalatest.FunSuiteLike.runTest$(FunSuiteLike.scala:178)
	at test.GenericRecord$TestSuite.runTest(GenericRecord.scala:233)
	at org.scalatest.FunSuiteLike.$anonfun$runTests$1(FunSuiteLike.scala:229)
	at org.scalatest.SuperEngine.$anonfun$runTestsInBranch$1(Engine.scala:393)
	at scala.collection.immutable.List.foreach(List.scala:392)
	at org.scalatest.SuperEngine.traverseSubNodes$1(Engine.scala:381)
	at org.scalatest.SuperEngine.runTestsInBranch(Engine.scala:376)
	at org.scalatest.SuperEngine.runTestsImpl(Engine.scala:458)
	at org.scalatest.FunSuiteLike.runTests(FunSuiteLike.scala:229)
	at org.scalatest.FunSuiteLike.runTests$(FunSuiteLike.scala:228)
	at test.GenericRecord$TestSuite.runTests(GenericRecord.scala:233)
	at org.scalatest.Suite.run(Suite.scala:1124)
	at org.scalatest.Suite.run$(Suite.scala:1106)
	at test.GenericRecord$TestSuite.org$scalatest$FunSuiteLike$$super$run(GenericRecord.scala:233)
	at org.scalatest.FunSuiteLike.$anonfun$run$1(FunSuiteLike.scala:233)
	at org.scalatest.SuperEngine.runImpl(Engine.scala:518)
	at org.scalatest.FunSuiteLike.run(FunSuiteLike.scala:233)
	at org.scalatest.FunSuiteLike.run$(FunSuiteLike.scala:232)
	at test.GenericRecord$TestSuite.run(GenericRecord.scala:233)
	at org.scalatestplus.junit.JUnitRunner.run(JUnitRunner.scala:99)
	at org.gradle.api.internal.tasks.testing.junit.JUnitTestClassExecutor.runTestClass(JUnitTestClassExecutor.java:106)
	at org.gradle.api.internal.tasks.testing.junit.JUnitTestClassExecutor.execute(JUnitTestClassExecutor.java:58)
	at org.gradle.api.internal.tasks.testing.junit.JUnitTestClassExecutor.execute(JUnitTestClassExecutor.java:38)
	at org.gradle.api.internal.tasks.testing.junit.AbstractJUnitTestClassProcessor.processTestClass(AbstractJUnitTestClassProcessor.java:66)
	at org.gradle.api.internal.tasks.testing.SuiteTestClassProcessor.processTestClass(SuiteTestClassProcessor.java:51)
	at sun.reflect.NativeMethodAccessorImpl.invoke0(Native Method)
	at sun.reflect.NativeMethodAccessorImpl.invoke(NativeMethodAccessorImpl.java:62)
	at sun.reflect.DelegatingMethodAccessorImpl.invoke(DelegatingMethodAccessorImpl.java:43)
	at java.lang.reflect.Method.invoke(Method.java:498)
	at org.gradle.internal.dispatch.ReflectionDispatch.dispatch(ReflectionDispatch.java:35)
	at org.gradle.internal.dispatch.ReflectionDispatch.dispatch(ReflectionDispatch.java:24)
	at org.gradle.internal.dispatch.ContextClassLoaderDispatch.dispatch(ContextClassLoaderDispatch.java:32)
	at org.gradle.internal.dispatch.ProxyDispatchAdapter$DispatchingInvocationHandler.invoke(ProxyDispatchAdapter.java:93)
	at com.sun.proxy.$Proxy2.processTestClass(Unknown Source)
	at org.gradle.api.internal.tasks.testing.worker.TestWorker.processTestClass(TestWorker.java:117)
	at sun.reflect.NativeMethodAccessorImpl.invoke0(Native Method)
	at sun.reflect.NativeMethodAccessorImpl.invoke(NativeMethodAccessorImpl.java:62)
	at sun.reflect.DelegatingMethodAccessorImpl.invoke(DelegatingMethodAccessorImpl.java:43)
	at java.lang.reflect.Method.invoke(Method.java:498)
	at org.gradle.internal.dispatch.ReflectionDispatch.dispatch(ReflectionDispatch.java:35)
	at org.gradle.internal.dispatch.ReflectionDispatch.dispatch(ReflectionDispatch.java:24)
	at org.gradle.internal.remote.internal.hub.MessageHubBackedObjectConnection$DispatchWrapper.dispatch(MessageHubBackedObjectConnection.java:155)
	at org.gradle.internal.remote.internal.hub.MessageHubBackedObjectConnection$DispatchWrapper.dispatch(MessageHubBackedObjectConnection.java:137)
	at org.gradle.internal.remote.internal.hub.MessageHub$Handler.run(MessageHub.java:404)
	at org.gradle.internal.concurrent.ExecutorPolicy$CatchAndRecordFailures.onExecute(ExecutorPolicy.java:63)
	at org.gradle.internal.concurrent.ManagedExecutorImpl$1.run(ManagedExecutorImpl.java:46)
	at java.util.concurrent.ThreadPoolExecutor.runWorker(ThreadPoolExecutor.java:1149)
	at java.util.concurrent.ThreadPoolExecutor$Worker.run(ThreadPoolExecutor.java:624)
	at org.gradle.internal.concurrent.ThreadFactoryImpl$ManagedThreadRunnable.run(ThreadFactoryImpl.java:55)
	at java.lang.Thread.run(Thread.java:748)
</failure>
  </testcase>
  <testcase name="testORotations" classname="test.tetris.TetrisTestSuite" time="0.005">
    <failure message="org.scalatest.exceptions.TestFailedException: passes was false" type="org.scalatest.exceptions.TestFailedException">org.scalatest.exceptions.TestFailedException: passes was false
	at org.scalatest.Assertions.newAssertionFailedException(Assertions.scala:530)
	at org.scalatest.Assertions.newAssertionFailedException$(Assertions.scala:529)
	at test.GenericRecord$TestSuite.newAssertionFailedException(GenericRecord.scala:233)
	at org.scalatest.Assertions$AssertionsHelper.macroAssert(Assertions.scala:503)
	at test.GenericRecord$TestSuite.$anonfun$handleTest$4(GenericRecord.scala:322)
	at org.scalatest.OutcomeOf.outcomeOf(OutcomeOf.scala:85)
	at org.scalatest.OutcomeOf.outcomeOf$(OutcomeOf.scala:83)
	at org.scalatest.OutcomeOf$.outcomeOf(OutcomeOf.scala:104)
	at org.scalatest.Transformer.apply(Transformer.scala:22)
	at org.scalatest.Transformer.apply(Transformer.scala:20)
	at org.scalatest.FunSuiteLike$$anon$1.apply(FunSuiteLike.scala:186)
	at org.scalatest.TestSuite.withFixture(TestSuite.scala:196)
	at org.scalatest.TestSuite.withFixture$(TestSuite.scala:195)
	at test.GenericRecord$TestSuite.withFixture(GenericRecord.scala:233)
	at org.scalatest.FunSuiteLike.invokeWithFixture$1(FunSuiteLike.scala:184)
	at org.scalatest.FunSuiteLike.$anonfun$runTest$1(FunSuiteLike.scala:196)
	at org.scalatest.SuperEngine.runTestImpl(Engine.scala:286)
	at org.scalatest.FunSuiteLike.runTest(FunSuiteLike.scala:196)
	at org.scalatest.FunSuiteLike.runTest$(FunSuiteLike.scala:178)
	at test.GenericRecord$TestSuite.runTest(GenericRecord.scala:233)
	at org.scalatest.FunSuiteLike.$anonfun$runTests$1(FunSuiteLike.scala:229)
	at org.scalatest.SuperEngine.$anonfun$runTestsInBranch$1(Engine.scala:393)
	at scala.collection.immutable.List.foreach(List.scala:392)
	at org.scalatest.SuperEngine.traverseSubNodes$1(Engine.scala:381)
	at org.scalatest.SuperEngine.runTestsInBranch(Engine.scala:376)
	at org.scalatest.SuperEngine.runTestsImpl(Engine.scala:458)
	at org.scalatest.FunSuiteLike.runTests(FunSuiteLike.scala:229)
	at org.scalatest.FunSuiteLike.runTests$(FunSuiteLike.scala:228)
	at test.GenericRecord$TestSuite.runTests(GenericRecord.scala:233)
	at org.scalatest.Suite.run(Suite.scala:1124)
	at org.scalatest.Suite.run$(Suite.scala:1106)
	at test.GenericRecord$TestSuite.org$scalatest$FunSuiteLike$$super$run(GenericRecord.scala:233)
	at org.scalatest.FunSuiteLike.$anonfun$run$1(FunSuiteLike.scala:233)
	at org.scalatest.SuperEngine.runImpl(Engine.scala:518)
	at org.scalatest.FunSuiteLike.run(FunSuiteLike.scala:233)
	at org.scalatest.FunSuiteLike.run$(FunSuiteLike.scala:232)
	at test.GenericRecord$TestSuite.run(GenericRecord.scala:233)
	at org.scalatestplus.junit.JUnitRunner.run(JUnitRunner.scala:99)
	at org.gradle.api.internal.tasks.testing.junit.JUnitTestClassExecutor.runTestClass(JUnitTestClassExecutor.java:106)
	at org.gradle.api.internal.tasks.testing.junit.JUnitTestClassExecutor.execute(JUnitTestClassExecutor.java:58)
	at org.gradle.api.internal.tasks.testing.junit.JUnitTestClassExecutor.execute(JUnitTestClassExecutor.java:38)
	at org.gradle.api.internal.tasks.testing.junit.AbstractJUnitTestClassProcessor.processTestClass(AbstractJUnitTestClassProcessor.java:66)
	at org.gradle.api.internal.tasks.testing.SuiteTestClassProcessor.processTestClass(SuiteTestClassProcessor.java:51)
	at sun.reflect.NativeMethodAccessorImpl.invoke0(Native Method)
	at sun.reflect.NativeMethodAccessorImpl.invoke(NativeMethodAccessorImpl.java:62)
	at sun.reflect.DelegatingMethodAccessorImpl.invoke(DelegatingMethodAccessorImpl.java:43)
	at java.lang.reflect.Method.invoke(Method.java:498)
	at org.gradle.internal.dispatch.ReflectionDispatch.dispatch(ReflectionDispatch.java:35)
	at org.gradle.internal.dispatch.ReflectionDispatch.dispatch(ReflectionDispatch.java:24)
	at org.gradle.internal.dispatch.ContextClassLoaderDispatch.dispatch(ContextClassLoaderDispatch.java:32)
	at org.gradle.internal.dispatch.ProxyDispatchAdapter$DispatchingInvocationHandler.invoke(ProxyDispatchAdapter.java:93)
	at com.sun.proxy.$Proxy2.processTestClass(Unknown Source)
	at org.gradle.api.internal.tasks.testing.worker.TestWorker.processTestClass(TestWorker.java:117)
	at sun.reflect.NativeMethodAccessorImpl.invoke0(Native Method)
	at sun.reflect.NativeMethodAccessorImpl.invoke(NativeMethodAccessorImpl.java:62)
	at sun.reflect.DelegatingMethodAccessorImpl.invoke(DelegatingMethodAccessorImpl.java:43)
	at java.lang.reflect.Method.invoke(Method.java:498)
	at org.gradle.internal.dispatch.ReflectionDispatch.dispatch(ReflectionDispatch.java:35)
	at org.gradle.internal.dispatch.ReflectionDispatch.dispatch(ReflectionDispatch.java:24)
	at org.gradle.internal.remote.internal.hub.MessageHubBackedObjectConnection$DispatchWrapper.dispatch(MessageHubBackedObjectConnection.java:155)
	at org.gradle.internal.remote.internal.hub.MessageHubBackedObjectConnection$DispatchWrapper.dispatch(MessageHubBackedObjectConnection.java:137)
	at org.gradle.internal.remote.internal.hub.MessageHub$Handler.run(MessageHub.java:404)
	at org.gradle.internal.concurrent.ExecutorPolicy$CatchAndRecordFailures.onExecute(ExecutorPolicy.java:63)
	at org.gradle.internal.concurrent.ManagedExecutorImpl$1.run(ManagedExecutorImpl.java:46)
	at java.util.concurrent.ThreadPoolExecutor.runWorker(ThreadPoolExecutor.java:1149)
	at java.util.concurrent.ThreadPoolExecutor$Worker.run(ThreadPoolExecutor.java:624)
	at org.gradle.internal.concurrent.ThreadFactoryImpl$ManagedThreadRunnable.run(ThreadFactoryImpl.java:55)
	at java.lang.Thread.run(Thread.java:748)
</failure>
  </testcase>
  <testcase name="testSRotations" classname="test.tetris.TetrisTestSuite" time="0.004">
    <failure message="org.scalatest.exceptions.TestFailedException: passes was false" type="org.scalatest.exceptions.TestFailedException">org.scalatest.exceptions.TestFailedException: passes was false
	at org.scalatest.Assertions.newAssertionFailedException(Assertions.scala:530)
	at org.scalatest.Assertions.newAssertionFailedException$(Assertions.scala:529)
	at test.GenericRecord$TestSuite.newAssertionFailedException(GenericRecord.scala:233)
	at org.scalatest.Assertions$AssertionsHelper.macroAssert(Assertions.scala:503)
	at test.GenericRecord$TestSuite.$anonfun$handleTest$4(GenericRecord.scala:322)
	at org.scalatest.OutcomeOf.outcomeOf(OutcomeOf.scala:85)
	at org.scalatest.OutcomeOf.outcomeOf$(OutcomeOf.scala:83)
	at org.scalatest.OutcomeOf$.outcomeOf(OutcomeOf.scala:104)
	at org.scalatest.Transformer.apply(Transformer.scala:22)
	at org.scalatest.Transformer.apply(Transformer.scala:20)
	at org.scalatest.FunSuiteLike$$anon$1.apply(FunSuiteLike.scala:186)
	at org.scalatest.TestSuite.withFixture(TestSuite.scala:196)
	at org.scalatest.TestSuite.withFixture$(TestSuite.scala:195)
	at test.GenericRecord$TestSuite.withFixture(GenericRecord.scala:233)
	at org.scalatest.FunSuiteLike.invokeWithFixture$1(FunSuiteLike.scala:184)
	at org.scalatest.FunSuiteLike.$anonfun$runTest$1(FunSuiteLike.scala:196)
	at org.scalatest.SuperEngine.runTestImpl(Engine.scala:286)
	at org.scalatest.FunSuiteLike.runTest(FunSuiteLike.scala:196)
	at org.scalatest.FunSuiteLike.runTest$(FunSuiteLike.scala:178)
	at test.GenericRecord$TestSuite.runTest(GenericRecord.scala:233)
	at org.scalatest.FunSuiteLike.$anonfun$runTests$1(FunSuiteLike.scala:229)
	at org.scalatest.SuperEngine.$anonfun$runTestsInBranch$1(Engine.scala:393)
	at scala.collection.immutable.List.foreach(List.scala:392)
	at org.scalatest.SuperEngine.traverseSubNodes$1(Engine.scala:381)
	at org.scalatest.SuperEngine.runTestsInBranch(Engine.scala:376)
	at org.scalatest.SuperEngine.runTestsImpl(Engine.scala:458)
	at org.scalatest.FunSuiteLike.runTests(FunSuiteLike.scala:229)
	at org.scalatest.FunSuiteLike.runTests$(FunSuiteLike.scala:228)
	at test.GenericRecord$TestSuite.runTests(GenericRecord.scala:233)
	at org.scalatest.Suite.run(Suite.scala:1124)
	at org.scalatest.Suite.run$(Suite.scala:1106)
	at test.GenericRecord$TestSuite.org$scalatest$FunSuiteLike$$super$run(GenericRecord.scala:233)
	at org.scalatest.FunSuiteLike.$anonfun$run$1(FunSuiteLike.scala:233)
	at org.scalatest.SuperEngine.runImpl(Engine.scala:518)
	at org.scalatest.FunSuiteLike.run(FunSuiteLike.scala:233)
	at org.scalatest.FunSuiteLike.run$(FunSuiteLike.scala:232)
	at test.GenericRecord$TestSuite.run(GenericRecord.scala:233)
	at org.scalatestplus.junit.JUnitRunner.run(JUnitRunner.scala:99)
	at org.gradle.api.internal.tasks.testing.junit.JUnitTestClassExecutor.runTestClass(JUnitTestClassExecutor.java:106)
	at org.gradle.api.internal.tasks.testing.junit.JUnitTestClassExecutor.execute(JUnitTestClassExecutor.java:58)
	at org.gradle.api.internal.tasks.testing.junit.JUnitTestClassExecutor.execute(JUnitTestClassExecutor.java:38)
	at org.gradle.api.internal.tasks.testing.junit.AbstractJUnitTestClassProcessor.processTestClass(AbstractJUnitTestClassProcessor.java:66)
	at org.gradle.api.internal.tasks.testing.SuiteTestClassProcessor.processTestClass(SuiteTestClassProcessor.java:51)
	at sun.reflect.NativeMethodAccessorImpl.invoke0(Native Method)
	at sun.reflect.NativeMethodAccessorImpl.invoke(NativeMethodAccessorImpl.java:62)
	at sun.reflect.DelegatingMethodAccessorImpl.invoke(DelegatingMethodAccessorImpl.java:43)
	at java.lang.reflect.Method.invoke(Method.java:498)
	at org.gradle.internal.dispatch.ReflectionDispatch.dispatch(ReflectionDispatch.java:35)
	at org.gradle.internal.dispatch.ReflectionDispatch.dispatch(ReflectionDispatch.java:24)
	at org.gradle.internal.dispatch.ContextClassLoaderDispatch.dispatch(ContextClassLoaderDispatch.java:32)
	at org.gradle.internal.dispatch.ProxyDispatchAdapter$DispatchingInvocationHandler.invoke(ProxyDispatchAdapter.java:93)
	at com.sun.proxy.$Proxy2.processTestClass(Unknown Source)
	at org.gradle.api.internal.tasks.testing.worker.TestWorker.processTestClass(TestWorker.java:117)
	at sun.reflect.NativeMethodAccessorImpl.invoke0(Native Method)
	at sun.reflect.NativeMethodAccessorImpl.invoke(NativeMethodAccessorImpl.java:62)
	at sun.reflect.DelegatingMethodAccessorImpl.invoke(DelegatingMethodAccessorImpl.java:43)
	at java.lang.reflect.Method.invoke(Method.java:498)
	at org.gradle.internal.dispatch.ReflectionDispatch.dispatch(ReflectionDispatch.java:35)
	at org.gradle.internal.dispatch.ReflectionDispatch.dispatch(ReflectionDispatch.java:24)
	at org.gradle.internal.remote.internal.hub.MessageHubBackedObjectConnection$DispatchWrapper.dispatch(MessageHubBackedObjectConnection.java:155)
	at org.gradle.internal.remote.internal.hub.MessageHubBackedObjectConnection$DispatchWrapper.dispatch(MessageHubBackedObjectConnection.java:137)
	at org.gradle.internal.remote.internal.hub.MessageHub$Handler.run(MessageHub.java:404)
	at org.gradle.internal.concurrent.ExecutorPolicy$CatchAndRecordFailures.onExecute(ExecutorPolicy.java:63)
	at org.gradle.internal.concurrent.ManagedExecutorImpl$1.run(ManagedExecutorImpl.java:46)
	at java.util.concurrent.ThreadPoolExecutor.runWorker(ThreadPoolExecutor.java:1149)
	at java.util.concurrent.ThreadPoolExecutor$Worker.run(ThreadPoolExecutor.java:624)
	at org.gradle.internal.concurrent.ThreadFactoryImpl$ManagedThreadRunnable.run(ThreadFactoryImpl.java:55)
	at java.lang.Thread.run(Thread.java:748)
</failure>
  </testcase>
  <testcase name="testTRotations" classname="test.tetris.TetrisTestSuite" time="0.004">
    <failure message="org.scalatest.exceptions.TestFailedException: passes was false" type="org.scalatest.exceptions.TestFailedException">org.scalatest.exceptions.TestFailedException: passes was false
	at org.scalatest.Assertions.newAssertionFailedException(Assertions.scala:530)
	at org.scalatest.Assertions.newAssertionFailedException$(Assertions.scala:529)
	at test.GenericRecord$TestSuite.newAssertionFailedException(GenericRecord.scala:233)
	at org.scalatest.Assertions$AssertionsHelper.macroAssert(Assertions.scala:503)
	at test.GenericRecord$TestSuite.$anonfun$handleTest$4(GenericRecord.scala:322)
	at org.scalatest.OutcomeOf.outcomeOf(OutcomeOf.scala:85)
	at org.scalatest.OutcomeOf.outcomeOf$(OutcomeOf.scala:83)
[...]

step=32, rand=1, actions=<Down>
Want   | Got   
---------------
...... | ......
...... | ......
...... | ......
...J.. | ......
...J.. | ......
..JJ.. | ......
...... | ......
....J. | ......
..SSJ. | ...J..
.SSJJ. | ...JJJ

step=33, rand=1, actions=<Down>
Want   | Got   
---------------
...... | ......
...... | ......
...... | ......
...... | ......
...J.. | ......
...J.. | ......
..JJ.. | ......
....J. | ......
..SSJ. | ...J..
.SSJJ. | ...JJJ

step=34, rand=1, actions=<Down>
Want   | Got   
---------------
...... | ......
...... | ......
...... | ......
...... | ......
...... | ......
...J.. | ......
...J.. | ......
..JJJ. | ......
..SSJ. | ...J..
.SSJJ. | ...JJJ

step=35, rand=1, actions=<Down>
Want   | Got   
---------------
.J.... | ......
.JJJ.. | ......
...... | ......
...... | ......
...... | ......
...J.. | ......
...J.. | ......
..JJJ. | ......
..SSJ. | ...J..
.SSJJ. | ...JJJ

step=36, rand=1, actions=<RotateRight>
Want   | Got   
---------------
..JJ.. | ......
..J... | ......
..J... | ......
...... | ......
...... | ......
...J.. | ......
...J.. | ......
..JJJ. | ......
..SSJ. | ...J..
.SSJJ. | ...JJJ

step=37, rand=1, actions=<Down>
Want   | Got   
---------------
...... | ......
..JJ.. | ......
..J... | ......
..J... | ......
...... | ......
...J.. | ......
...J.. | ......
..JJJ. | ......
..SSJ. | ...J..
.SSJJ. | ...JJJ

step=38, rand=1, actions=<Down>
Want   | Got   
---------------
...... | ......
...... | ......
..JJ.. | ......
..J... | ......
..J... | ......
...J.. | ......
...J.. | ......
..JJJ. | ......
..SSJ. | ...J..
.SSJJ. | ...JJJ

step=39, rand=1, actions=<Down>
Want   | Got   
---------------
...... | ......
...... | ......
...... | ......
..JJ.. | ......
..J... | ......
..JJ.. | ......
...J.. | ......
..JJJ. | ......
..SSJ. | ...J..
.SSJJ. | ...JJJ

step=40, rand=1, actions=<Down>
Want   | Got   
---------------
...... | ......
...... | ......
...... | ......
...... | ......
..JJ.. | ......
..JJ.. | ......
..JJ.. | ......
..JJJ. | ......
..SSJ. | ...J..
.SSJJ. | ...JJJ

step=41, rand=5, actions=<Down>
Want   | Got   
---------------
..T... | ......
.TTT.. | ......
...... | ......
...... | ......
..JJ.. | ......
..JJ.. | ......
..JJ.. | ......
..JJJ. | ......
..SSJ. | ...J..
.SSJJ. | ...JJJ

step=42, rand=5, actions=<RotateRight>
Want   | Got   
---------------
..T... | ......
..TT.. | ......
..T... | ......
...... | ......
..JJ.. | ......
..JJ.. | ......
..JJ.. | ......
..JJJ. | ......
..SSJ. | ...J..
.SSJJ. | ...JJJ

step=43, rand=5, actions=<Left>
Want   | Got   
---------------
.T.... | ......
.TT... | ......
.T.... | ......
...... | ......
..JJ.. | ......
..JJ.. | ......
..JJ.. | ......
..JJJ. | ......
..SSJ. | ..J...
.SSJJ. | ..JJJ.

step=44, rand=5, actions=<Left>
Want   | Got   
---------------
T..... | ......
TT.... | ......
T..... | ......
...... | ......
..JJ.. | ......
..JJ.. | ......
..JJ.. | ......
..JJJ. | ......
..SSJ. | .J....
.SSJJ. | .JJJ..

step=45, rand=5, actions=<Down>
Want   | Got   
---------------
...... | ......
T..... | ......
TT.... | ......
T..... | ......
..JJ.. | ......
..JJ.. | ......
..JJ.. | ......
..JJJ. | ......
..SSJ. | .J....
.SSJJ. | .JJJ..

step=46, rand=5, actions=<Down>
Want   | Got   
---------------
...... | ......
...... | ......
T..... | ......
TT.... | ......
T.JJ.. | ......
..JJ.. | ......
..JJ.. | ......
..JJJ. | ......
..SSJ. | .J....
.SSJJ. | .JJJ..

step=47, rand=5, actions=<Down>
Want   | Got   
---------------
...... | ......
...... | ......
...... | ......
T..... | ......
TTJJ.. | ......
T.JJ.. | ......
..JJ.. | ......
..JJJ. | ......
..SSJ. | .J....
.SSJJ. | .JJJ..

step=48, rand=5, actions=<Down>
Want   | Got   
---------------
...... | ......
...... | ......
...... | ......
...... | ......
T.JJ.. | ......
TTJJ.. | ......
T.JJ.. | ......
..JJJ. | ......
..SSJ. | .J....
.SSJJ. | .JJJ..

step=49, rand=5, actions=<Down>
Want   | Got   
---------------
...... | ......
...... | ......
...... | ......
...... | ......
..JJ.. | ......
T.JJ.. | ......
TTJJ.. | ......
T.JJJ. | ......
..SSJ. | .J....
.SSJJ. | .JJJ..

step=50, rand=5, actions=<Down>
Want   | Got   
---------------
...... | ......
...... | ......
...... | ......
...... | ......
..JJ.. | ......
..JJ.. | ......
T.JJ.. | ......
TTJJJ. | ......
T.SSJ. | .J....
.SSJJ. | .JJJ..

step=51, rand=5, actions=<Down>
Want   | Got   
---------------
...... | ......
...... | ......
...... | ......
...... | ......
..JJ.. | ......
..JJ.. | ......
..JJ.. | ......
T.JJJ. | ......
TTSSJ. | .J....
TSSJJ. | .JJJ..

step=52, rand=5, actions=<Left>
Want   | Got   
---------------
...... | ......
...... | ......
...... | ......
...... | ......
..JJ.. | ......
..JJ.. | ......
..JJ.. | ......
T.JJJ. | ......
TTSSJ. | J.....
TSSJJ. | JJJ...

step=53, rand=3, actions=<Down>
Want   | Got   
---------------
..OO.. | ......
..OO.. | ......
...... | ......
...... | ......
..JJ.. | ......
..JJ.. | ......
..JJ.. | ......
T.JJJ. | ......
TTSSJ. | J.....
TSSJJ. | JJJ...

step=54, rand=3, actions=<Left>
Want   | Got   
---------------
.OO... | ......
.OO... | ......
...... | ......
...... | ......
..JJ.. | ......
..JJ.. | ......
..JJ.. | ......
T.JJJ. | ......
TTSSJ. | J.....
TSSJJ. | JJJ...

step=55, rand=3, actions=<Left>
Want   | Got   
---------------
OO.... | ......
OO.... | ......
...... | ......
...... | ......
..JJ.. | ......
..JJ.. | ......
..JJ.. | ......
T.JJJ. | ......
TTSSJ. | J.....
TSSJJ. | JJJ...

step=56, rand=3, actions=<Down>
Want   | Got   
---------------
...... | ......
OO.... | ......
OO.... | ......
...... | ......
..JJ.. | ......
..JJ.. | ......
..JJ.. | ......
T.JJJ. | ......
TTSSJ. | J.....
TSSJJ. | JJJ...

step=57, rand=3, actions=<Down>
Want   | Got   
---------------
...... | ......
...... | ......
OO.... | ......
OO.... | ......
..JJ.. | ......
..JJ.. | ......
..JJ.. | ......
T.JJJ. | ......
TTSSJ. | J.....
TSSJJ. | JJJ...

step=58, rand=3, actions=<Down>
Want   | Got   
---------------
...... | ......
...... | ......
...... | ......
OO.... | ......
OOJJ.. | ......
..JJ.. | ......
..JJ.. | ......
T.JJJ. | ......
TTSSJ. | J.....
TSSJJ. | JJJ...

step=59, rand=3, actions=<Down>
Want   | Got   
---------------
...... | ......
...... | ......
...... | ......
...... | ......
OOJJ.. | ......
OOJJ.. | ......
..JJ.. | ......
T.JJJ. | ......
TTSSJ. | J.....
TSSJJ. | JJJ...

step=60, rand=3, actions=<Down>
Want   | Got   
---------------
...... | ......
...... | ......
...... | ......
...... | ......
..JJ.. | ......
OOJJ.. | ......
OOJJ.. | ......
T.JJJ. | ......
TTSSJ. | J.....
TSSJJ. | JJJ...

step=61, rand=1, actions=<Down>
Want   | Got   
---------------
.J.... | ......
.JJJ.. | ......
...... | ......
...... | ......
..JJ.. | ......
OOJJ.. | ......
OOJJ.. | ......
T.JJJ. | ......
TTSSJ. | J.....
TSSJJ. | JJJ...

step=62, rand=1, actions=<RotateRight>
Want   | Got   
---------------
..JJ.. | ......
..J... | ......
..J... | ......
...... | ......
..JJ.. | ......
OOJJ.. | ......
OOJJ.. | ......
T.JJJ. | ......
TTSSJ. | J.....
TSSJJ. | JJJ...

step=63, rand=1, actions=<RotateRight>
Want   | Got   
---------------
...... | ......
.JJJ.. | ......
...J.. | ......
...... | ......
..JJ.. | ......
OOJJ.. | ......
OOJJ.. | ......
T.JJJ. | ......
TTSSJ. | J.....
TSSJJ. | JJJ...

step=64, rand=1, actions=<RotateRight>
Want   | Got   
---------------
..J... | ......
..J... | ......
.JJ... | ......
...... | ......
..JJ.. | ......
OOJJ.. | ......
OOJJ.. | ......
T.JJJ. | ......
TTSSJ. | J.....
TSSJJ. | JJJ...

step=65, rand=1, actions=<Left>
Want   | Got   
---------------
.J.... | ......
.J.... | ......
JJ.... | ......
...... | ......
..JJ.. | ......
OOJJ.. | ......
OOJJ.. | ......
T.JJJ. | ......
TTSSJ. | J.....
TSSJJ. | JJJ...

step=66, rand=1, actions=<Down>
Want   | Got   
---------------
...... | ......
.J.... | ......
.J.... | ......
JJ.... | ......
..JJ.. | ......
OOJJ.. | ......
OOJJ.. | ......
T.JJJ. | ......
TTSSJ. | J.....
TSSJJ. | JJJ...

step=67, rand=1, actions=<Down>
Want   | Got   
---------------
...... | ......
...... | ......
.J.... | ......
.J.... | ......
JJJJ.. | ......
OOJJ.. | ......
OOJJ.. | ......
T.JJJ. | ......
TTSSJ. | J.....
TSSJJ. | JJJ...

step=68, rand=1, actions=<Down>
Want   | Got   
---------------
.J.... | ......
.JJJ.. | ......
.J.... | ......
.J.... | ......
JJJJ.. | ......
OOJJ.. | ......
OOJJ.. | ......
T.JJJ. | ......
TTSSJ. | J.....
TSSJJ. | JJJ...

step=69, rand=1, actions=<RotateRight>
Want   | Got   
---------------
..JJ.. | ......
..J... | ......
.JJ... | ......
.J.... | ......
JJJJ.. | ......
OOJJ.. | ......
OOJJ.. | ......
T.JJJ. | ......
TTSSJ. | J.....
TSSJJ. | JJJ...

step=70, rand=1, actions=<RotateRight>
Want   | Got   
---------------
...... | ......
.JJJ.. | ......
.J.J.. | ......
.J.... | ......
JJJJ.. | ......
OOJJ.. | ......
OOJJ.. | ......
T.JJJ. | ......
TTSSJ. | J.....
TSSJJ. | JJJ...

step=71, rand=1, actions=<RotateRight>
Want   | Got   
---------------
...... | ......
.JJJ.. | ......
.J.J.. | ......
.J.... | ......
JJJJ.. | ......
OOJJ.. | ......
OOJJ.. | ......
T.JJJ. | ......
TTSSJ. | J.....
TSSJJ. | JJJ...

step=72, rand=1, actions=<Right>
Want   | Got   
---------------
...... | ......
..JJJ. | ......
.J..J. | ......
.J.... | ......
JJJJ.. | ......
OOJJ.. | ......
OOJJ.. | ......
T.JJJ. | ......
TTSSJ. | .J....
TSSJJ. | .JJJ..

step=73, rand=1, actions=<RotateRight>
Want   | Got   
---------------
...J.. | ......
...J.. | ......
.JJJ.. | ......
.J.... | ......
JJJJ.. | ......
OOJJ.. | ......
OOJJ.. | ......
T.JJJ. | ......
TTSSJ. | .J....
TSSJJ. | .JJJ..

step=74, rand=1, actions=<Right>
Want   | Got   
---------------
....J. | ......
....J. | ......
.J.JJ. | ......
.J.... | ......
JJJJ.. | ......
OOJJ.. | ......
OOJJ.. | ......
T.JJJ. | ......
TTSSJ. | ..J...
TSSJJ. | ..JJJ.

step=75, rand=1, actions=<Right>
Want   | Got   
---------------
.....J | ......
.....J | ......
.J..JJ | ......
.J.... | ......
JJJJ.. | ......
OOJJ.. | ......
OOJJ.. | ......
T.JJJ. | ......
TTSSJ. | ...J..
TSSJJ. | ...JJJ

step=76, rand=1, actions=<Down>
Want   | Got   
---------------
...... | ......
.....J | ......
.J...J | ......
.J..JJ | ......
JJJJ.. | ......
OOJJ.. | ......
OOJJ.. | ......
T.JJJ. | ......
TTSSJ. | ...J..
TSSJJ. | ...JJJ

step=77, rand=1, actions=<Down>
Want   | Got   
---------------
...... | ......
...... | ......
.J...J | ......
.J...J | ......
JJJJJJ | ......
OOJJ.. | ......
OOJJ.. | ......
T.JJJ. | ......
TTSSJ. | ...J..
TSSJJ. | ...JJJ

step=78, rand=1, actions=<Down>
Want   | Got   
---------------
...... | ......
...... | ......
.J.... | ......
.J...J | ......
JJJJ.J | ......
OOJJJJ | ......
OOJJ.. | ......
T.JJJ. | ......
TTSSJ. | ...J..
TSSJJ. | ...JJJ

step=79, rand=1, actions=<Down>
Want   | Got   
---------------
...... | ......
...... | ......
.J.... | ......
.J.... | ......
JJJJ.J | ......
OOJJ.J | ......
OOJJJJ | ......
T.JJJ. | ......
TTSSJ. | ...J..
TSSJJ. | ...JJJ

step=80, rand=5, actions=<Down>
Want   | Got   
---------------
..T... | ......
.TTT.. | ......
...... | ......
.J.... | ......
.J.... | ......
JJJJ.J | ......
OOJJ.J | ......
T.JJJ. | ......
TTSSJ. | ...J..
TSSJJ. | ...JJJ

step=81, rand=5, actions=<Right>
Want   | Got   
---------------
...T.. | ......
..TTT. | ......
...... | ......
.J.... | ......
.J.... | ......
JJJJ.J | ......
OOJJ.J | ......
T.JJJ. | ......
TTSSJ. | ...J..
TSSJJ. | ...JJJ

step=82, rand=5, actions=<RotateRight>
Want   | Got   
---------------
...T.. | ......
...TT. | ......
...T.. | ......
.J.... | ......
.J.... | ......
JJJJ.J | ......
OOJJ.J | ......
T.JJJ. | ......
TTSSJ. | ...J..
TSSJJ. | ...JJJ

step=83, rand=5, actions=<RotateRight>
Want   | Got   
---------------
...... | ......
..TTT. | ......
...T.. | ......
.J.... | ......
.J.... | ......
JJJJ.J | ......
OOJJ.J | ......
T.JJJ. | ......
TTSSJ. | ...J..
TSSJJ. | ...JJJ

step=84, rand=5, actions=<Right>
Want   | Got   
---------------
...... | ......
...TTT | ......
....T. | ......
.J.... | ......
.J.... | ......
JJJJ.J | ......
OOJJ.J | ......
T.JJJ. | ......
TTSSJ. | ...J..
TSSJJ. | ...JJJ

step=85, rand=5, actions=<Down>
Want   | Got   
---------------
...... | ......
...... | ......
...TTT | ......
.J..T. | ......
.J.... | ......
JJJJ.J | ......
OOJJ.J | ......
T.JJJ. | ......
TTSSJ. | ...J..
TSSJJ. | ...JJJ

step=86, rand=5, actions=<Down>
Want   | Got   
---------------
...... | ......
...... | ......
...... | ......
.J.TTT | ......
.J..T. | ......
JJJJ.J | ......
OOJJ.J | ......
T.JJJ. | ......
TTSSJ. | ...J..
TSSJJ. | ...JJJ

step=87, rand=5, actions=<Down>
Want   | Got   
---------------
...... | ......
...... | ......
...... | ......
.J.... | ......
.J.TTT | ......
JJJJTJ | ......
OOJJ.J | ......
T.JJJ. | ......
TTSSJ. | ...J..
TSSJJ. | ...JJJ

step=88, rand=3, actions=<Down>
Want   | Got   
---------------
..OO.. | ......
..OO.. | ......
...... | ......
...... | ......
.J.... | ......
.J.TTT | ......
OOJJ.J | ......
T.JJJ. | ......
TTSSJ. | ...J..
TSSJJ. | ...JJJ

step=89, rand=3, actions=<Right>
Want   | Got   
---------------
...OO. | ......
...OO. | ......
...... | ......
...... | ......
.J.... | ......
.J.TTT | ......
OOJJ.J | ......
T.JJJ. | ......
TTSSJ. | ...J..
TSSJJ. | ...JJJ

step=90, rand=3, actions=<Right>
Want   | Got   
---------------
....OO | ......
....OO | ......
...... | ......
...... | ......
.J.... | ......
.J.TTT | ......
OOJJ.J | ......
T.JJJ. | ......
TTSSJ. | ...J..
TSSJJ. | ...JJJ

step=91, rand=3, actions=<Left>
Want   | Got   
---------------
...OO. | ......
...OO. | ......
...... | ......
...... | ......
.J.... | ......
.J.TTT | ......
OOJJ.J | ......
T.JJJ. | ......
TTSSJ. | ..J...
TSSJJ. | ..JJJ.

step=92, rand=3, actions=<Down>
Want   | Got   
---------------
...... | ......
...OO. | ......
...OO. | ......
...... | ......
.J.... | ......
.J.TTT | ......
OOJJ.J | ......
T.JJJ. | ......
TTSSJ. | ..J...
TSSJJ. | ..JJJ.

step=93, rand=3, actions=<Right>
Want   | Got   
---------------
...... | ......
....OO | ......
....OO | ......
...... | ......
.J.... | ......
.J.TTT | ......
OOJJ.J | ......
T.JJJ. | ......
TTSSJ. | ...J..
TSSJJ. | ...JJJ

step=94, rand=3, actions=<Down>
Want   | Got   
---------------
...... | ......
...... | ......
....OO | ......
....OO | ......
.J.... | ......
.J.TTT | ......
OOJJ.J | ......
T.JJJ. | ......
TTSSJ. | ...J..
TSSJJ. | ...JJJ

step=95, rand=3, actions=<Down>
Want   | Got   
---------------
...... | ......
...... | ......
...... | ......
....OO | ......
.J..OO | ......
.J.TTT | ......
OOJJ.J | ......
T.JJJ. | ......
TTSSJ. | ...J..
TSSJJ. | ...JJJ

step=96, rand=4, actions=<Down>
Want   | Got   
---------------
..SS.. | ......
.SS... | ......
...... | ......
....OO | ......
.J..OO | ......
.J.TTT | ......
OOJJ.J | ......
T.JJJ. | ......
TTSSJ. | ...J..
TSSJJ. | ...JJJ

step=97, rand=4, actions=<RotateRight>
Want   | Got   
---------------
..S... | ......
..SS.. | ......
...S.. | ......
....OO | ......
.J..OO | ......
.J.TTT | ......
OOJJ.J | ......
T.JJJ. | ......
TTSSJ. | ...J..
TSSJJ. | ...JJJ

step=98, rand=4, actions=<Left>
Want   | Got   
---------------
.S.... | ......
.SS... | ......
..S... | ......
....OO | ......
.J..OO | ......
.J.TTT | ......
OOJJ.J | ......
T.JJJ. | ......
TTSSJ. | ..J...
TSSJJ. | ..JJJ.

step=99, rand=4, actions=<Down>
Want   | Got   
---------------
...... | ......
.S.... | ......
.SS... | ......
..S.OO | ......
.J..OO | ......
.J.TTT | ......
OOJJ.J | ......
T.JJJ. | ......
TTSSJ. | ..J...
TSSJJ. | ..JJJ.

step=100, rand=4, actions=<Down>
Want   | Got   
---------------
...... | ......
...... | ......
.S.... | ......
.SS.OO | ......
.JS.OO | ......
.J.TTT | ......
OOJJ.J | ......
T.JJJ. | ......
TTSSJ. | ..J...
TSSJJ. | ..JJJ.

step=101, rand=1, actions=<Down>
Want   | Got   
---------------
.J.... | ......
.JJJ.. | ......
.S.... | ......
.SS.OO | ......
.JS.OO | ......
.J.TTT | ......
OOJJ.J | ......
T.JJJ. | ......
TTSSJ. | ..J...
TSSJJ. | ..JJJ.

step=102, rand=1, actions=<Right>
Want   | Got   
---------------
..J... | ......
..JJJ. | ......
.S.... | ......
.SS.OO | ......
.JS.OO | ......
.J.TTT | ......
OOJJ.J | ......
T.JJJ. | ......
TTSSJ. | ...J..
TSSJJ. | ...JJJ

step=103, rand=1, actions=<RotateRight>
Want   | Got   
---------------
...JJ. | ......
...J.. | ......
.S.J.. | ......
.SS.OO | ......
.JS.OO | ......
.J.TTT | ......
OOJJ.J | ......
T.JJJ. | ......
TTSSJ. | ...J..
TSSJJ. | ...JJJ

step=104, rand=1, actions=<Down>
Want   | Got   
---------------
...... | ......
...JJ. | ......
.S.J.. | ......
.SSJOO | ......
.JS.OO | ......
.J.TTT | ......
OOJJ.J | ......
T.JJJ. | ......
TTSSJ. | ...J..
TSSJJ. | ...JJJ

step=105, rand=1, actions=<Down>
Want   | Got   
---------------
...... | ......
...... | ......
.S.JJ. | ......
.SSJOO | ......
.JSJOO | ......
.J.TTT | ......
OOJJ.J | ......
T.JJJ. | ......
TTSSJ. | ...J..
TSSJJ. | ...JJJ

step=106, rand=3, actions=<Down>
Want   | Got   
---------------
..OO.. | ......
..OO.. | ......
.S.JJ. | ......
.SSJOO | ......
.JSJOO | ......
.J.TTT | ......
OOJJ.J | ......
T.JJJ. | ......
TTSSJ. | ...J..
TSSJJ. | ...JJJ

step=107, rand=3, actions=<Right>
Want   | Got   
---------------
...OO. | ......
...OO. | ......
.S.JJ. | ......
.SSJOO | ......
.JSJOO | ......
.J.TTT | ......
OOJJ.J | ......
T.JJJ. | ......
TTSSJ. | ...J..
TSSJJ. | ...JJJ

step=108, rand=3, actions=<Right>
Want   | Got   
---------------
....OO | ......
....OO | ......
.S.JJ. | ......
.SSJOO | ......
.JSJOO | ......
.J.TTT | ......
OOJJ.J | ......
T.JJJ. | ......
TTSSJ. | ...J..
TSSJJ. | ...JJJ

step=109, rand=3, actions=<Right>
Want   | Got   
---------------
....OO | ......
....OO | ......
.S.JJ. | ......
.SSJOO | ......
.JSJOO | ......
.J.TTT | ......
OOJJ.J | ......
T.JJJ. | ......
TTSSJ. | ...J..
TSSJJ. | ...JJJ

step=110, rand=3, actions=<Down>
Want   | Got   
---------------
..OOOO | ......
..OOOO | ......
.S.JJ. | ......
.SSJOO | ......
.JSJOO | ......
.J.TTT | ......
OOJJ.J | ......
T.JJJ. | ......
TTSSJ. | ...J..
TSSJJ. | ...JJJ

step=111, rand=3, actions=<Left>
Want   | Got   
---------------
.OO.OO | ......
.OO.OO | ......
.S.JJ. | ......
.SSJOO | ......
.JSJOO | ......
.J.TTT | ......
OOJJ.J | ......
T.JJJ. | ......
TTSSJ. | ..J...
TSSJJ. | ..JJJ.

step=112, rand=3, actions=<Left>
Want   | Got   
---------------
OO..OO | ......
OO..OO | ......
.S.JJ. | ......
.SSJOO | ......
.JSJOO | ......
.J.TTT | ......
OOJJ.J | ......
T.JJJ. | ......
TTSSJ. | .J....
TSSJJ. | .JJJ..

step=113, rand=3, actions=<Left>
Want   | Got   
---------------
OO..OO | ......
OO..OO | ......
.S.JJ. | ......
.SSJOO | ......
.JSJOO | ......
.J.TTT | ......
OOJJ.J | ......
T.JJJ. | ......
TTSSJ. | J.....
TSSJJ. | JJJ...

step=114, rand=5, actions=<Down>
Want              | Got   
--------------------------
GameOverDisplay() | ......
                  | ......
                  | ......
                  | ......
                  | ......
                  | ......
                  | ......
                  | ......
                  | J.....
                  | JJJ...

=========================================================================
Interleave Test: testGame5x9, testGame8x11 : [X] Fail : No Points

Assuming you passed the non-interleaved version of each test:

You likely have some global state. Running two instances of TetrisLogic
and alternately doing steps between them results in some interference.
Running your game with a single  TetrisLogic instance works, but when
we have two  TetrisLogic instances running in 'parallel', the test fails.
    
=========================================================================
Interleave Test: testGame8x11, test6x10 : [X] Fail : No Points

Assuming you passed the non-interleaved version of each test:

You likely have some global state. Running two instances of TetrisLogic
and alternately doing steps between them results in some interference.
Running your game with a single  TetrisLogic instance works, but when
we have two  TetrisLogic instances running in 'parallel', the test fails.
    
]]></system-out>
  <system-err><![CDATA[]]></system-err>
</testsuite>
