<?xml version="1.0" encoding="UTF-8"?>
<testsuite name="test.snake.SnakeTestsAssignment1_1" tests="24" skipped="0" failures="14" errors="0" timestamp="2019-09-03T15:10:59" hostname="Ada" time="0.61">
  <properties/>
  <testcase name="testStartCorrectly" classname="test.snake.SnakeTestsAssignment1_1" time="0.036"/>
  <testcase name="testApplePos3" classname="test.snake.SnakeTestsAssignment1_1" time="0.001"/>
  <testcase name="testApplePos8" classname="test.snake.SnakeTestsAssignment1_1" time="0.002"/>
  <testcase name="testNoRoomForApple" classname="test.snake.SnakeTestsAssignment1_1" time="0.005"/>
  <testcase name="testMove" classname="test.snake.SnakeTestsAssignment1_1" time="0.005"/>
  <testcase name="testIgnoreEatHead" classname="test.snake.SnakeTestsAssignment1_1" time="0.011"/>
  <testcase name="testQuickSwitch" classname="test.snake.SnakeTestsAssignment1_1" time="0.09">
    <failure message="org.scalatest.exceptions.TestFailedException: handleAssertion was false" type="org.scalatest.exceptions.TestFailedException">org.scalatest.exceptions.TestFailedException: handleAssertion was false
	at org.scalatest.Assertions.newAssertionFailedException(Assertions.scala:530)
	at org.scalatest.Assertions.newAssertionFailedException$(Assertions.scala:529)
	at test.GenericRecord$TestSuite.newAssertionFailedException(GenericRecord.scala:205)
	at org.scalatest.Assertions$AssertionsHelper.macroAssert(Assertions.scala:503)
	at test.GenericRecord$TestSuite.$anonfun$handleTest$4(GenericRecord.scala:291)
	at org.scalatest.OutcomeOf.outcomeOf(OutcomeOf.scala:85)
	at org.scalatest.OutcomeOf.outcomeOf$(OutcomeOf.scala:83)
	at org.scalatest.OutcomeOf$.outcomeOf(OutcomeOf.scala:104)
	at org.scalatest.Transformer.apply(Transformer.scala:22)
	at org.scalatest.Transformer.apply(Transformer.scala:20)
	at org.scalatest.FunSuiteLike$$anon$1.apply(FunSuiteLike.scala:186)
	at org.scalatest.TestSuite.withFixture(TestSuite.scala:196)
	at org.scalatest.TestSuite.withFixture$(TestSuite.scala:195)
	at test.GenericRecord$TestSuite.withFixture(GenericRecord.scala:205)
	at org.scalatest.FunSuiteLike.invokeWithFixture$1(FunSuiteLike.scala:184)
	at org.scalatest.FunSuiteLike.$anonfun$runTest$1(FunSuiteLike.scala:196)
	at org.scalatest.SuperEngine.runTestImpl(Engine.scala:286)
	at org.scalatest.FunSuiteLike.runTest(FunSuiteLike.scala:196)
	at org.scalatest.FunSuiteLike.runTest$(FunSuiteLike.scala:178)
	at test.GenericRecord$TestSuite.runTest(GenericRecord.scala:205)
	at org.scalatest.FunSuiteLike.$anonfun$runTests$1(FunSuiteLike.scala:229)
	at org.scalatest.SuperEngine.$anonfun$runTestsInBranch$1(Engine.scala:393)
	at scala.collection.immutable.List.foreach(List.scala:392)
	at org.scalatest.SuperEngine.traverseSubNodes$1(Engine.scala:381)
	at org.scalatest.SuperEngine.runTestsInBranch(Engine.scala:376)
	at org.scalatest.SuperEngine.runTestsImpl(Engine.scala:458)
	at org.scalatest.FunSuiteLike.runTests(FunSuiteLike.scala:229)
	at org.scalatest.FunSuiteLike.runTests$(FunSuiteLike.scala:228)
	at test.GenericRecord$TestSuite.runTests(GenericRecord.scala:205)
	at org.scalatest.Suite.run(Suite.scala:1124)
	at org.scalatest.Suite.run$(Suite.scala:1106)
	at test.GenericRecord$TestSuite.org$scalatest$FunSuiteLike$$super$run(GenericRecord.scala:205)
	at org.scalatest.FunSuiteLike.$anonfun$run$1(FunSuiteLike.scala:233)
	at org.scalatest.SuperEngine.runImpl(Engine.scala:518)
	at org.scalatest.FunSuiteLike.run(FunSuiteLike.scala:233)
	at org.scalatest.FunSuiteLike.run$(FunSuiteLike.scala:232)
	at test.GenericRecord$TestSuite.run(GenericRecord.scala:205)
	at org.scalatestplus.junit.JUnitRunner.run(JUnitRunner.scala:99)
	at org.gradle.api.internal.tasks.testing.junit.JUnitTestClassExecutor.runTestClass(JUnitTestClassExecutor.java:106)
	at org.gradle.api.internal.tasks.testing.junit.JUnitTestClassExecutor.execute(JUnitTestClassExecutor.java:58)
	at org.gradle.api.internal.tasks.testing.junit.JUnitTestClassExecutor.execute(JUnitTestClassExecutor.java:38)
	at org.gradle.api.internal.tasks.testing.junit.AbstractJUnitTestClassProcessor.processTestClass(AbstractJUnitTestClassProcessor.java:66)
	at org.gradle.api.internal.tasks.testing.SuiteTestClassProcessor.processTestClass(SuiteTestClassProcessor.java:51)
	at sun.reflect.NativeMethodAccessorImpl.invoke0(Native Method)
	at sun.reflect.NativeMethodAccessorImpl.invoke(NativeMethodAccessorImpl.java:62)
	at sun.reflect.DelegatingMethodAccessorImpl.invoke(DelegatingMethodAccessorImpl.java:43)
	at java.lang.reflect.Method.invoke(Method.java:498)
	at org.gradle.internal.dispatch.ReflectionDispatch.dispatch(ReflectionDispatch.java:35)
	at org.gradle.internal.dispatch.ReflectionDispatch.dispatch(ReflectionDispatch.java:24)
	at org.gradle.internal.dispatch.ContextClassLoaderDispatch.dispatch(ContextClassLoaderDispatch.java:32)
	at org.gradle.internal.dispatch.ProxyDispatchAdapter$DispatchingInvocationHandler.invoke(ProxyDispatchAdapter.java:93)
	at com.sun.proxy.$Proxy2.processTestClass(Unknown Source)
	at org.gradle.api.internal.tasks.testing.worker.TestWorker.processTestClass(TestWorker.java:117)
	at sun.reflect.NativeMethodAccessorImpl.invoke0(Native Method)
	at sun.reflect.NativeMethodAccessorImpl.invoke(NativeMethodAccessorImpl.java:62)
	at sun.reflect.DelegatingMethodAccessorImpl.invoke(DelegatingMethodAccessorImpl.java:43)
	at java.lang.reflect.Method.invoke(Method.java:498)
	at org.gradle.internal.dispatch.ReflectionDispatch.dispatch(ReflectionDispatch.java:35)
	at org.gradle.internal.dispatch.ReflectionDispatch.dispatch(ReflectionDispatch.java:24)
	at org.gradle.internal.remote.internal.hub.MessageHubBackedObjectConnection$DispatchWrapper.dispatch(MessageHubBackedObjectConnection.java:155)
	at org.gradle.internal.remote.internal.hub.MessageHubBackedObjectConnection$DispatchWrapper.dispatch(MessageHubBackedObjectConnection.java:137)
	at org.gradle.internal.remote.internal.hub.MessageHub$Handler.run(MessageHub.java:404)
	at org.gradle.internal.concurrent.ExecutorPolicy$CatchAndRecordFailures.onExecute(ExecutorPolicy.java:63)
	at org.gradle.internal.concurrent.ManagedExecutorImpl$1.run(ManagedExecutorImpl.java:46)
	at java.util.concurrent.ThreadPoolExecutor.runWorker(ThreadPoolExecutor.java:1149)
	at java.util.concurrent.ThreadPoolExecutor$Worker.run(ThreadPoolExecutor.java:624)
	at org.gradle.internal.concurrent.ThreadFactoryImpl$ManagedThreadRunnable.run(ThreadFactoryImpl.java:55)
	at java.lang.Thread.run(Thread.java:748)
</failure>
  </testcase>
  <testcase name="testChangeDirs" classname="test.snake.SnakeTestsAssignment1_1" time="0.038">
    <failure message="org.scalatest.exceptions.TestFailedException: handleAssertion was false" type="org.scalatest.exceptions.TestFailedException">org.scalatest.exceptions.TestFailedException: handleAssertion was false
	at org.scalatest.Assertions.newAssertionFailedException(Assertions.scala:530)
	at org.scalatest.Assertions.newAssertionFailedException$(Assertions.scala:529)
	at test.GenericRecord$TestSuite.newAssertionFailedException(GenericRecord.scala:205)
	at org.scalatest.Assertions$AssertionsHelper.macroAssert(Assertions.scala:503)
	at test.GenericRecord$TestSuite.$anonfun$handleTest$4(GenericRecord.scala:291)
	at org.scalatest.OutcomeOf.outcomeOf(OutcomeOf.scala:85)
	at org.scalatest.OutcomeOf.outcomeOf$(OutcomeOf.scala:83)
	at org.scalatest.OutcomeOf$.outcomeOf(OutcomeOf.scala:104)
	at org.scalatest.Transformer.apply(Transformer.scala:22)
	at org.scalatest.Transformer.apply(Transformer.scala:20)
	at org.scalatest.FunSuiteLike$$anon$1.apply(FunSuiteLike.scala:186)
	at org.scalatest.TestSuite.withFixture(TestSuite.scala:196)
	at org.scalatest.TestSuite.withFixture$(TestSuite.scala:195)
	at test.GenericRecord$TestSuite.withFixture(GenericRecord.scala:205)
	at org.scalatest.FunSuiteLike.invokeWithFixture$1(FunSuiteLike.scala:184)
	at org.scalatest.FunSuiteLike.$anonfun$runTest$1(FunSuiteLike.scala:196)
	at org.scalatest.SuperEngine.runTestImpl(Engine.scala:286)
	at org.scalatest.FunSuiteLike.runTest(FunSuiteLike.scala:196)
	at org.scalatest.FunSuiteLike.runTest$(FunSuiteLike.scala:178)
	at test.GenericRecord$TestSuite.runTest(GenericRecord.scala:205)
	at org.scalatest.FunSuiteLike.$anonfun$runTests$1(FunSuiteLike.scala:229)
	at org.scalatest.SuperEngine.$anonfun$runTestsInBranch$1(Engine.scala:393)
	at scala.collection.immutable.List.foreach(List.scala:392)
	at org.scalatest.SuperEngine.traverseSubNodes$1(Engine.scala:381)
	at org.scalatest.SuperEngine.runTestsInBranch(Engine.scala:376)
	at org.scalatest.SuperEngine.runTestsImpl(Engine.scala:458)
	at org.scalatest.FunSuiteLike.runTests(FunSuiteLike.scala:229)
	at org.scalatest.FunSuiteLike.runTests$(FunSuiteLike.scala:228)
	at test.GenericRecord$TestSuite.runTests(GenericRecord.scala:205)
	at org.scalatest.Suite.run(Suite.scala:1124)
	at org.scalatest.Suite.run$(Suite.scala:1106)
	at test.GenericRecord$TestSuite.org$scalatest$FunSuiteLike$$super$run(GenericRecord.scala:205)
	at org.scalatest.FunSuiteLike.$anonfun$run$1(FunSuiteLike.scala:233)
	at org.scalatest.SuperEngine.runImpl(Engine.scala:518)
	at org.scalatest.FunSuiteLike.run(FunSuiteLike.scala:233)
	at org.scalatest.FunSuiteLike.run$(FunSuiteLike.scala:232)
	at test.GenericRecord$TestSuite.run(GenericRecord.scala:205)
	at org.scalatestplus.junit.JUnitRunner.run(JUnitRunner.scala:99)
	at org.gradle.api.internal.tasks.testing.junit.JUnitTestClassExecutor.runTestClass(JUnitTestClassExecutor.java:106)
	at org.gradle.api.internal.tasks.testing.junit.JUnitTestClassExecutor.execute(JUnitTestClassExecutor.java:58)
	at org.gradle.api.internal.tasks.testing.junit.JUnitTestClassExecutor.execute(JUnitTestClassExecutor.java:38)
	at org.gradle.api.internal.tasks.testing.junit.AbstractJUnitTestClassProcessor.processTestClass(AbstractJUnitTestClassProcessor.java:66)
	at org.gradle.api.internal.tasks.testing.SuiteTestClassProcessor.processTestClass(SuiteTestClassProcessor.java:51)
	at sun.reflect.NativeMethodAccessorImpl.invoke0(Native Method)
	at sun.reflect.NativeMethodAccessorImpl.invoke(NativeMethodAccessorImpl.java:62)
	at sun.reflect.DelegatingMethodAccessorImpl.invoke(DelegatingMethodAccessorImpl.java:43)
	at java.lang.reflect.Method.invoke(Method.java:498)
	at org.gradle.internal.dispatch.ReflectionDispatch.dispatch(ReflectionDispatch.java:35)
	at org.gradle.internal.dispatch.ReflectionDispatch.dispatch(ReflectionDispatch.java:24)
	at org.gradle.internal.dispatch.ContextClassLoaderDispatch.dispatch(ContextClassLoaderDispatch.java:32)
	at org.gradle.internal.dispatch.ProxyDispatchAdapter$DispatchingInvocationHandler.invoke(ProxyDispatchAdapter.java:93)
	at com.sun.proxy.$Proxy2.processTestClass(Unknown Source)
	at org.gradle.api.internal.tasks.testing.worker.TestWorker.processTestClass(TestWorker.java:117)
	at sun.reflect.NativeMethodAccessorImpl.invoke0(Native Method)
	at sun.reflect.NativeMethodAccessorImpl.invoke(NativeMethodAccessorImpl.java:62)
	at sun.reflect.DelegatingMethodAccessorImpl.invoke(DelegatingMethodAccessorImpl.java:43)
	at java.lang.reflect.Method.invoke(Method.java:498)
	at org.gradle.internal.dispatch.ReflectionDispatch.dispatch(ReflectionDispatch.java:35)
	at org.gradle.internal.dispatch.ReflectionDispatch.dispatch(ReflectionDispatch.java:24)
	at org.gradle.internal.remote.internal.hub.MessageHubBackedObjectConnection$DispatchWrapper.dispatch(MessageHubBackedObjectConnection.java:155)
	at org.gradle.internal.remote.internal.hub.MessageHubBackedObjectConnection$DispatchWrapper.dispatch(MessageHubBackedObjectConnection.java:137)
	at org.gradle.internal.remote.internal.hub.MessageHub$Handler.run(MessageHub.java:404)
	at org.gradle.internal.concurrent.ExecutorPolicy$CatchAndRecordFailures.onExecute(ExecutorPolicy.java:63)
	at org.gradle.internal.concurrent.ManagedExecutorImpl$1.run(ManagedExecutorImpl.java:46)
	at java.util.concurrent.ThreadPoolExecutor.runWorker(ThreadPoolExecutor.java:1149)
	at java.util.concurrent.ThreadPoolExecutor$Worker.run(ThreadPoolExecutor.java:624)
	at org.gradle.internal.concurrent.ThreadFactoryImpl$ManagedThreadRunnable.run(ThreadFactoryImpl.java:55)
	at java.lang.Thread.run(Thread.java:748)
</failure>
  </testcase>
  <testcase name="testWrapAroundEast" classname="test.snake.SnakeTestsAssignment1_1" time="0.019"/>
  <testcase name="testWrapAroundWest" classname="test.snake.SnakeTestsAssignment1_1" time="0.016">
    <failure message="org.scalatest.exceptions.TestFailedException: handleAssertion was false" type="org.scalatest.exceptions.TestFailedException">org.scalatest.exceptions.TestFailedException: handleAssertion was false
	at org.scalatest.Assertions.newAssertionFailedException(Assertions.scala:530)
	at org.scalatest.Assertions.newAssertionFailedException$(Assertions.scala:529)
	at test.GenericRecord$TestSuite.newAssertionFailedException(GenericRecord.scala:205)
	at org.scalatest.Assertions$AssertionsHelper.macroAssert(Assertions.scala:503)
	at test.GenericRecord$TestSuite.$anonfun$handleTest$4(GenericRecord.scala:291)
	at org.scalatest.OutcomeOf.outcomeOf(OutcomeOf.scala:85)
	at org.scalatest.OutcomeOf.outcomeOf$(OutcomeOf.scala:83)
	at org.scalatest.OutcomeOf$.outcomeOf(OutcomeOf.scala:104)
	at org.scalatest.Transformer.apply(Transformer.scala:22)
	at org.scalatest.Transformer.apply(Transformer.scala:20)
	at org.scalatest.FunSuiteLike$$anon$1.apply(FunSuiteLike.scala:186)
	at org.scalatest.TestSuite.withFixture(TestSuite.scala:196)
	at org.scalatest.TestSuite.withFixture$(TestSuite.scala:195)
	at test.GenericRecord$TestSuite.withFixture(GenericRecord.scala:205)
	at org.scalatest.FunSuiteLike.invokeWithFixture$1(FunSuiteLike.scala:184)
	at org.scalatest.FunSuiteLike.$anonfun$runTest$1(FunSuiteLike.scala:196)
	at org.scalatest.SuperEngine.runTestImpl(Engine.scala:286)
	at org.scalatest.FunSuiteLike.runTest(FunSuiteLike.scala:196)
	at org.scalatest.FunSuiteLike.runTest$(FunSuiteLike.scala:178)
	at test.GenericRecord$TestSuite.runTest(GenericRecord.scala:205)
	at org.scalatest.FunSuiteLike.$anonfun$runTests$1(FunSuiteLike.scala:229)
	at org.scalatest.SuperEngine.$anonfun$runTestsInBranch$1(Engine.scala:393)
	at scala.collection.immutable.List.foreach(List.scala:392)
	at org.scalatest.SuperEngine.traverseSubNodes$1(Engine.scala:381)
	at org.scalatest.SuperEngine.runTestsInBranch(Engine.scala:376)
	at org.scalatest.SuperEngine.runTestsImpl(Engine.scala:458)
	at org.scalatest.FunSuiteLike.runTests(FunSuiteLike.scala:229)
	at org.scalatest.FunSuiteLike.runTests$(FunSuiteLike.scala:228)
	at test.GenericRecord$TestSuite.runTests(GenericRecord.scala:205)
	at org.scalatest.Suite.run(Suite.scala:1124)
	at org.scalatest.Suite.run$(Suite.scala:1106)
	at test.GenericRecord$TestSuite.org$scalatest$FunSuiteLike$$super$run(GenericRecord.scala:205)
	at org.scalatest.FunSuiteLike.$anonfun$run$1(FunSuiteLike.scala:233)
	at org.scalatest.SuperEngine.runImpl(Engine.scala:518)
	at org.scalatest.FunSuiteLike.run(FunSuiteLike.scala:233)
	at org.scalatest.FunSuiteLike.run$(FunSuiteLike.scala:232)
	at test.GenericRecord$TestSuite.run(GenericRecord.scala:205)
	at org.scalatestplus.junit.JUnitRunner.run(JUnitRunner.scala:99)
	at org.gradle.api.internal.tasks.testing.junit.JUnitTestClassExecutor.runTestClass(JUnitTestClassExecutor.java:106)
	at org.gradle.api.internal.tasks.testing.junit.JUnitTestClassExecutor.execute(JUnitTestClassExecutor.java:58)
	at org.gradle.api.internal.tasks.testing.junit.JUnitTestClassExecutor.execute(JUnitTestClassExecutor.java:38)
	at org.gradle.api.internal.tasks.testing.junit.AbstractJUnitTestClassProcessor.processTestClass(AbstractJUnitTestClassProcessor.java:66)
	at org.gradle.api.internal.tasks.testing.SuiteTestClassProcessor.processTestClass(SuiteTestClassProcessor.java:51)
	at sun.reflect.NativeMethodAccessorImpl.invoke0(Native Method)
	at sun.reflect.NativeMethodAccessorImpl.invoke(NativeMethodAccessorImpl.java:62)
	at sun.reflect.DelegatingMethodAccessorImpl.invoke(DelegatingMethodAccessorImpl.java:43)
	at java.lang.reflect.Method.invoke(Method.java:498)
	at org.gradle.internal.dispatch.ReflectionDispatch.dispatch(ReflectionDispatch.java:35)
	at org.gradle.internal.dispatch.ReflectionDispatch.dispatch(ReflectionDispatch.java:24)
	at org.gradle.internal.dispatch.ContextClassLoaderDispatch.dispatch(ContextClassLoaderDispatch.java:32)
	at org.gradle.internal.dispatch.ProxyDispatchAdapter$DispatchingInvocationHandler.invoke(ProxyDispatchAdapter.java:93)
	at com.sun.proxy.$Proxy2.processTestClass(Unknown Source)
	at org.gradle.api.internal.tasks.testing.worker.TestWorker.processTestClass(TestWorker.java:117)
	at sun.reflect.NativeMethodAccessorImpl.invoke0(Native Method)
	at sun.reflect.NativeMethodAccessorImpl.invoke(NativeMethodAccessorImpl.java:62)
	at sun.reflect.DelegatingMethodAccessorImpl.invoke(DelegatingMethodAccessorImpl.java:43)
	at java.lang.reflect.Method.invoke(Method.java:498)
	at org.gradle.internal.dispatch.ReflectionDispatch.dispatch(ReflectionDispatch.java:35)
	at org.gradle.internal.dispatch.ReflectionDispatch.dispatch(ReflectionDispatch.java:24)
	at org.gradle.internal.remote.internal.hub.MessageHubBackedObjectConnection$DispatchWrapper.dispatch(MessageHubBackedObjectConnection.java:155)
	at org.gradle.internal.remote.internal.hub.MessageHubBackedObjectConnection$DispatchWrapper.dispatch(MessageHubBackedObjectConnection.java:137)
	at org.gradle.internal.remote.internal.hub.MessageHub$Handler.run(MessageHub.java:404)
	at org.gradle.internal.concurrent.ExecutorPolicy$CatchAndRecordFailures.onExecute(ExecutorPolicy.java:63)
	at org.gradle.internal.concurrent.ManagedExecutorImpl$1.run(ManagedExecutorImpl.java:46)
	at java.util.concurrent.ThreadPoolExecutor.runWorker(ThreadPoolExecutor.java:1149)
	at java.util.concurrent.ThreadPoolExecutor$Worker.run(ThreadPoolExecutor.java:624)
	at org.gradle.internal.concurrent.ThreadFactoryImpl$ManagedThreadRunnable.run(ThreadFactoryImpl.java:55)
	at java.lang.Thread.run(Thread.java:748)
</failure>
  </testcase>
  <testcase name="testWrapAroundNorth" classname="test.snake.SnakeTestsAssignment1_1" time="0.012">
    <failure message="org.scalatest.exceptions.TestFailedException: handleAssertion was false" type="org.scalatest.exceptions.TestFailedException">org.scalatest.exceptions.TestFailedException: handleAssertion was false
	at org.scalatest.Assertions.newAssertionFailedException(Assertions.scala:530)
	at org.scalatest.Assertions.newAssertionFailedException$(Assertions.scala:529)
	at test.GenericRecord$TestSuite.newAssertionFailedException(GenericRecord.scala:205)
	at org.scalatest.Assertions$AssertionsHelper.macroAssert(Assertions.scala:503)
	at test.GenericRecord$TestSuite.$anonfun$handleTest$4(GenericRecord.scala:291)
	at org.scalatest.OutcomeOf.outcomeOf(OutcomeOf.scala:85)
	at org.scalatest.OutcomeOf.outcomeOf$(OutcomeOf.scala:83)
	at org.scalatest.OutcomeOf$.outcomeOf(OutcomeOf.scala:104)
	at org.scalatest.Transformer.apply(Transformer.scala:22)
	at org.scalatest.Transformer.apply(Transformer.scala:20)
	at org.scalatest.FunSuiteLike$$anon$1.apply(FunSuiteLike.scala:186)
	at org.scalatest.TestSuite.withFixture(TestSuite.scala:196)
	at org.scalatest.TestSuite.withFixture$(TestSuite.scala:195)
	at test.GenericRecord$TestSuite.withFixture(GenericRecord.scala:205)
	at org.scalatest.FunSuiteLike.invokeWithFixture$1(FunSuiteLike.scala:184)
	at org.scalatest.FunSuiteLike.$anonfun$runTest$1(FunSuiteLike.scala:196)
	at org.scalatest.SuperEngine.runTestImpl(Engine.scala:286)
	at org.scalatest.FunSuiteLike.runTest(FunSuiteLike.scala:196)
	at org.scalatest.FunSuiteLike.runTest$(FunSuiteLike.scala:178)
	at test.GenericRecord$TestSuite.runTest(GenericRecord.scala:205)
	at org.scalatest.FunSuiteLike.$anonfun$runTests$1(FunSuiteLike.scala:229)
	at org.scalatest.SuperEngine.$anonfun$runTestsInBranch$1(Engine.scala:393)
	at scala.collection.immutable.List.foreach(List.scala:392)
	at org.scalatest.SuperEngine.traverseSubNodes$1(Engine.scala:381)
	at org.scalatest.SuperEngine.runTestsInBranch(Engine.scala:376)
	at org.scalatest.SuperEngine.runTestsImpl(Engine.scala:458)
	at org.scalatest.FunSuiteLike.runTests(FunSuiteLike.scala:229)
	at org.scalatest.FunSuiteLike.runTests$(FunSuiteLike.scala:228)
	at test.GenericRecord$TestSuite.runTests(GenericRecord.scala:205)
	at org.scalatest.Suite.run(Suite.scala:1124)
	at org.scalatest.Suite.run$(Suite.scala:1106)
	at test.GenericRecord$TestSuite.org$scalatest$FunSuiteLike$$super$run(GenericRecord.scala:205)
	at org.scalatest.FunSuiteLike.$anonfun$run$1(FunSuiteLike.scala:233)
	at org.scalatest.SuperEngine.runImpl(Engine.scala:518)
	at org.scalatest.FunSuiteLike.run(FunSuiteLike.scala:233)
	at org.scalatest.FunSuiteLike.run$(FunSuiteLike.scala:232)
	at test.GenericRecord$TestSuite.run(GenericRecord.scala:205)
	at org.scalatestplus.junit.JUnitRunner.run(JUnitRunner.scala:99)
	at org.gradle.api.internal.tasks.testing.junit.JUnitTestClassExecutor.runTestClass(JUnitTestClassExecutor.java:106)
	at org.gradle.api.internal.tasks.testing.junit.JUnitTestClassExecutor.execute(JUnitTestClassExecutor.java:58)
	at org.gradle.api.internal.tasks.testing.junit.JUnitTestClassExecutor.execute(JUnitTestClassExecutor.java:38)
	at org.gradle.api.internal.tasks.testing.junit.AbstractJUnitTestClassProcessor.processTestClass(AbstractJUnitTestClassProcessor.java:66)
	at org.gradle.api.internal.tasks.testing.SuiteTestClassProcessor.processTestClass(SuiteTestClassProcessor.java:51)
	at sun.reflect.NativeMethodAccessorImpl.invoke0(Native Method)
	at sun.reflect.NativeMethodAccessorImpl.invoke(NativeMethodAccessorImpl.java:62)
	at sun.reflect.DelegatingMethodAccessorImpl.invoke(DelegatingMethodAccessorImpl.java:43)
	at java.lang.reflect.Method.invoke(Method.java:498)
	at org.gradle.internal.dispatch.ReflectionDispatch.dispatch(ReflectionDispatch.java:35)
	at org.gradle.internal.dispatch.ReflectionDispatch.dispatch(ReflectionDispatch.java:24)
	at org.gradle.internal.dispatch.ContextClassLoaderDispatch.dispatch(ContextClassLoaderDispatch.java:32)
	at org.gradle.internal.dispatch.ProxyDispatchAdapter$DispatchingInvocationHandler.invoke(ProxyDispatchAdapter.java:93)
	at com.sun.proxy.$Proxy2.processTestClass(Unknown Source)
	at org.gradle.api.internal.tasks.testing.worker.TestWorker.processTestClass(TestWorker.java:117)
	at sun.reflect.NativeMethodAccessorImpl.invoke0(Native Method)
	at sun.reflect.NativeMethodAccessorImpl.invoke(NativeMethodAccessorImpl.java:62)
	at sun.reflect.DelegatingMethodAccessorImpl.invoke(DelegatingMethodAccessorImpl.java:43)
	at java.lang.reflect.Method.invoke(Method.java:498)
	at org.gradle.internal.dispatch.ReflectionDispatch.dispatch(ReflectionDispatch.java:35)
	at org.gradle.internal.dispatch.ReflectionDispatch.dispatch(ReflectionDispatch.java:24)
	at org.gradle.internal.remote.internal.hub.MessageHubBackedObjectConnection$DispatchWrapper.dispatch(MessageHubBackedObjectConnection.java:155)
	at org.gradle.internal.remote.internal.hub.MessageHubBackedObjectConnection$DispatchWrapper.dispatch(MessageHubBackedObjectConnection.java:137)
	at org.gradle.internal.remote.internal.hub.MessageHub$Handler.run(MessageHub.java:404)
	at org.gradle.internal.concurrent.ExecutorPolicy$CatchAndRecordFailures.onExecute(ExecutorPolicy.java:63)
	at org.gradle.internal.concurrent.ManagedExecutorImpl$1.run(ManagedExecutorImpl.java:46)
	at java.util.concurrent.ThreadPoolExecutor.runWorker(ThreadPoolExecutor.java:1149)
	at java.util.concurrent.ThreadPoolExecutor$Worker.run(ThreadPoolExecutor.java:624)
	at org.gradle.internal.concurrent.ThreadFactoryImpl$ManagedThreadRunnable.run(ThreadFactoryImpl.java:55)
	at java.lang.Thread.run(Thread.java:748)
</failure>
  </testcase>
  <testcase name="testWrapAroundSouth" classname="test.snake.SnakeTestsAssignment1_1" time="0.01">
    <failure message="org.scalatest.exceptions.TestFailedException: handleAssertion was false" type="org.scalatest.exceptions.TestFailedException">org.scalatest.exceptions.TestFailedException: handleAssertion was false
	at org.scalatest.Assertions.newAssertionFailedException(Assertions.scala:530)
	at org.scalatest.Assertions.newAssertionFailedException$(Assertions.scala:529)
	at test.GenericRecord$TestSuite.newAssertionFailedException(GenericRecord.scala:205)
	at org.scalatest.Assertions$AssertionsHelper.macroAssert(Assertions.scala:503)
	at test.GenericRecord$TestSuite.$anonfun$handleTest$4(GenericRecord.scala:291)
	at org.scalatest.OutcomeOf.outcomeOf(OutcomeOf.scala:85)
	at org.scalatest.OutcomeOf.outcomeOf$(OutcomeOf.scala:83)
	at org.scalatest.OutcomeOf$.outcomeOf(OutcomeOf.scala:104)
	at org.scalatest.Transformer.apply(Transformer.scala:22)
	at org.scalatest.Transformer.apply(Transformer.scala:20)
	at org.scalatest.FunSuiteLike$$anon$1.apply(FunSuiteLike.scala:186)
	at org.scalatest.TestSuite.withFixture(TestSuite.scala:196)
	at org.scalatest.TestSuite.withFixture$(TestSuite.scala:195)
	at test.GenericRecord$TestSuite.withFixture(GenericRecord.scala:205)
	at org.scalatest.FunSuiteLike.invokeWithFixture$1(FunSuiteLike.scala:184)
	at org.scalatest.FunSuiteLike.$anonfun$runTest$1(FunSuiteLike.scala:196)
	at org.scalatest.SuperEngine.runTestImpl(Engine.scala:286)
	at org.scalatest.FunSuiteLike.runTest(FunSuiteLike.scala:196)
	at org.scalatest.FunSuiteLike.runTest$(FunSuiteLike.scala:178)
	at test.GenericRecord$TestSuite.runTest(GenericRecord.scala:205)
	at org.scalatest.FunSuiteLike.$anonfun$runTests$1(FunSuiteLike.scala:229)
	at org.scalatest.SuperEngine.$anonfun$runTestsInBranch$1(Engine.scala:393)
	at scala.collection.immutable.List.foreach(List.scala:392)
	at org.scalatest.SuperEngine.traverseSubNodes$1(Engine.scala:381)
	at org.scalatest.SuperEngine.runTestsInBranch(Engine.scala:376)
	at org.scalatest.SuperEngine.runTestsImpl(Engine.scala:458)
	at org.scalatest.FunSuiteLike.runTests(FunSuiteLike.scala:229)
	at org.scalatest.FunSuiteLike.runTests$(FunSuiteLike.scala:228)
	at test.GenericRecord$TestSuite.runTests(GenericRecord.scala:205)
	at org.scalatest.Suite.run(Suite.scala:1124)
	at org.scalatest.Suite.run$(Suite.scala:1106)
	at test.GenericRecord$TestSuite.org$scalatest$FunSuiteLike$$super$run(GenericRecord.scala:205)
	at org.scalatest.FunSuiteLike.$anonfun$run$1(FunSuiteLike.scala:233)
	at org.scalatest.SuperEngine.runImpl(Engine.scala:518)
	at org.scalatest.FunSuiteLike.run(FunSuiteLike.scala:233)
	at org.scalatest.FunSuiteLike.run$(FunSuiteLike.scala:232)
	at test.GenericRecord$TestSuite.run(GenericRecord.scala:205)
	at org.scalatestplus.junit.JUnitRunner.run(JUnitRunner.scala:99)
	at org.gradle.api.internal.tasks.testing.junit.JUnitTestClassExecutor.runTestClass(JUnitTestClassExecutor.java:106)
	at org.gradle.api.internal.tasks.testing.junit.JUnitTestClassExecutor.execute(JUnitTestClassExecutor.java:58)
	at org.gradle.api.internal.tasks.testing.junit.JUnitTestClassExecutor.execute(JUnitTestClassExecutor.java:38)
	at org.gradle.api.internal.tasks.testing.junit.AbstractJUnitTestClassProcessor.processTestClass(AbstractJUnitTestClassProcessor.java:66)
	at org.gradle.api.internal.tasks.testing.SuiteTestClassProcessor.processTestClass(SuiteTestClassProcessor.java:51)
	at sun.reflect.NativeMethodAccessorImpl.invoke0(Native Method)
	at sun.reflect.NativeMethodAccessorImpl.invoke(NativeMethodAccessorImpl.java:62)
	at sun.reflect.DelegatingMethodAccessorImpl.invoke(DelegatingMethodAccessorImpl.java:43)
	at java.lang.reflect.Method.invoke(Method.java:498)
	at org.gradle.internal.dispatch.ReflectionDispatch.dispatch(ReflectionDispatch.java:35)
	at org.gradle.internal.dispatch.ReflectionDispatch.dispatch(ReflectionDispatch.java:24)
	at org.gradle.internal.dispatch.ContextClassLoaderDispatch.dispatch(ContextClassLoaderDispatch.java:32)
	at org.gradle.internal.dispatch.ProxyDispatchAdapter$DispatchingInvocationHandler.invoke(ProxyDispatchAdapter.java:93)
	at com.sun.proxy.$Proxy2.processTestClass(Unknown Source)
	at org.gradle.api.internal.tasks.testing.worker.TestWorker.processTestClass(TestWorker.java:117)
	at sun.reflect.NativeMethodAccessorImpl.invoke0(Native Method)
	at sun.reflect.NativeMethodAccessorImpl.invoke(NativeMethodAccessorImpl.java:62)
	at sun.reflect.DelegatingMethodAccessorImpl.invoke(DelegatingMethodAccessorImpl.java:43)
	at java.lang.reflect.Method.invoke(Method.java:498)
	at org.gradle.internal.dispatch.ReflectionDispatch.dispatch(ReflectionDispatch.java:35)
	at org.gradle.internal.dispatch.ReflectionDispatch.dispatch(ReflectionDispatch.java:24)
	at org.gradle.internal.remote.internal.hub.MessageHubBackedObjectConnection$DispatchWrapper.dispatch(MessageHubBackedObjectConnection.java:155)
	at org.gradle.internal.remote.internal.hub.MessageHubBackedObjectConnection$DispatchWrapper.dispatch(MessageHubBackedObjectConnection.java:137)
	at org.gradle.internal.remote.internal.hub.MessageHub$Handler.run(MessageHub.java:404)
	at org.gradle.internal.concurrent.ExecutorPolicy$CatchAndRecordFailures.onExecute(ExecutorPolicy.java:63)
	at org.gradle.internal.concurrent.ManagedExecutorImpl$1.run(ManagedExecutorImpl.java:46)
	at java.util.concurrent.ThreadPoolExecutor.runWorker(ThreadPoolExecutor.java:1149)
	at java.util.concurrent.ThreadPoolExecutor$Worker.run(ThreadPoolExecutor.java:624)
	at org.gradle.internal.concurrent.ThreadFactoryImpl$ManagedThreadRunnable.run(ThreadFactoryImpl.java:55)
	at java.lang.Thread.run(Thread.java:748)
</failure>
  </testcase>
  <testcase name="testGrow" classname="test.snake.SnakeTestsAssignment1_1" time="0.003"/>
  <testcase name="testGrowTwice" classname="test.snake.SnakeTestsAssignment1_1" time="0.005"/>
  <testcase name="testPreciselyDoesNotDie" classname="test.snake.SnakeTestsAssignment1_1" time="0.019">
    <failure message="org.scalatest.exceptions.TestFailedException: handleAssertion was false" type="org.scalatest.exceptions.TestFailedException">org.scalatest.exceptions.TestFailedException: handleAssertion was false
	at org.scalatest.Assertions.newAssertionFailedException(Assertions.scala:530)
	at org.scalatest.Assertions.newAssertionFailedException$(Assertions.scala:529)
	at test.GenericRecord$TestSuite.newAssertionFailedException(GenericRecord.scala:205)
	at org.scalatest.Assertions$AssertionsHelper.macroAssert(Assertions.scala:503)
	at test.GenericRecord$TestSuite.$anonfun$handleTest$4(GenericRecord.scala:291)
	at org.scalatest.OutcomeOf.outcomeOf(OutcomeOf.scala:85)
	at org.scalatest.OutcomeOf.outcomeOf$(OutcomeOf.scala:83)
	at org.scalatest.OutcomeOf$.outcomeOf(OutcomeOf.scala:104)
	at org.scalatest.Transformer.apply(Transformer.scala:22)
	at org.scalatest.Transformer.apply(Transformer.scala:20)
	at org.scalatest.FunSuiteLike$$anon$1.apply(FunSuiteLike.scala:186)
	at org.scalatest.TestSuite.withFixture(TestSuite.scala:196)
	at org.scalatest.TestSuite.withFixture$(TestSuite.scala:195)
	at test.GenericRecord$TestSuite.withFixture(GenericRecord.scala:205)
	at org.scalatest.FunSuiteLike.invokeWithFixture$1(FunSuiteLike.scala:184)
	at org.scalatest.FunSuiteLike.$anonfun$runTest$1(FunSuiteLike.scala:196)
	at org.scalatest.SuperEngine.runTestImpl(Engine.scala:286)
	at org.scalatest.FunSuiteLike.runTest(FunSuiteLike.scala:196)
	at org.scalatest.FunSuiteLike.runTest$(FunSuiteLike.scala:178)
	at test.GenericRecord$TestSuite.runTest(GenericRecord.scala:205)
	at org.scalatest.FunSuiteLike.$anonfun$runTests$1(FunSuiteLike.scala:229)
	at org.scalatest.SuperEngine.$anonfun$runTestsInBranch$1(Engine.scala:393)
	at scala.collection.immutable.List.foreach(List.scala:392)
	at org.scalatest.SuperEngine.traverseSubNodes$1(Engine.scala:381)
	at org.scalatest.SuperEngine.runTestsInBranch(Engine.scala:376)
	at org.scalatest.SuperEngine.runTestsImpl(Engine.scala:458)
	at org.scalatest.FunSuiteLike.runTests(FunSuiteLike.scala:229)
	at org.scalatest.FunSuiteLike.runTests$(FunSuiteLike.scala:228)
	at test.GenericRecord$TestSuite.runTests(GenericRecord.scala:205)
	at org.scalatest.Suite.run(Suite.scala:1124)
	at org.scalatest.Suite.run$(Suite.scala:1106)
	at test.GenericRecord$TestSuite.org$scalatest$FunSuiteLike$$super$run(GenericRecord.scala:205)
	at org.scalatest.FunSuiteLike.$anonfun$run$1(FunSuiteLike.scala:233)
	at org.scalatest.SuperEngine.runImpl(Engine.scala:518)
	at org.scalatest.FunSuiteLike.run(FunSuiteLike.scala:233)
	at org.scalatest.FunSuiteLike.run$(FunSuiteLike.scala:232)
	at test.GenericRecord$TestSuite.run(GenericRecord.scala:205)
	at org.scalatestplus.junit.JUnitRunner.run(JUnitRunner.scala:99)
	at org.gradle.api.internal.tasks.testing.junit.JUnitTestClassExecutor.runTestClass(JUnitTestClassExecutor.java:106)
	at org.gradle.api.internal.tasks.testing.junit.JUnitTestClassExecutor.execute(JUnitTestClassExecutor.java:58)
	at org.gradle.api.internal.tasks.testing.junit.JUnitTestClassExecutor.execute(JUnitTestClassExecutor.java:38)
	at org.gradle.api.internal.tasks.testing.junit.AbstractJUnitTestClassProcessor.processTestClass(AbstractJUnitTestClassProcessor.java:66)
	at org.gradle.api.internal.tasks.testing.SuiteTestClassProcessor.processTestClass(SuiteTestClassProcessor.java:51)
	at sun.reflect.NativeMethodAccessorImpl.invoke0(Native Method)
	at sun.reflect.NativeMethodAccessorImpl.invoke(NativeMethodAccessorImpl.java:62)
	at sun.reflect.DelegatingMethodAccessorImpl.invoke(DelegatingMethodAccessorImpl.java:43)
	at java.lang.reflect.Method.invoke(Method.java:498)
	at org.gradle.internal.dispatch.ReflectionDispatch.dispatch(ReflectionDispatch.java:35)
	at org.gradle.internal.dispatch.ReflectionDispatch.dispatch(ReflectionDispatch.java:24)
	at org.gradle.internal.dispatch.ContextClassLoaderDispatch.dispatch(ContextClassLoaderDispatch.java:32)
	at org.gradle.internal.dispatch.ProxyDispatchAdapter$DispatchingInvocationHandler.invoke(ProxyDispatchAdapter.java:93)
	at com.sun.proxy.$Proxy2.processTestClass(Unknown Source)
	at org.gradle.api.internal.tasks.testing.worker.TestWorker.processTestClass(TestWorker.java:117)
	at sun.reflect.NativeMethodAccessorImpl.invoke0(Native Method)
	at sun.reflect.NativeMethodAccessorImpl.invoke(NativeMethodAccessorImpl.java:62)
	at sun.reflect.DelegatingMethodAccessorImpl.invoke(DelegatingMethodAccessorImpl.java:43)
	at java.lang.reflect.Method.invoke(Method.java:498)
	at org.gradle.internal.dispatch.ReflectionDispatch.dispatch(ReflectionDispatch.java:35)
	at org.gradle.internal.dispatch.ReflectionDispatch.dispatch(ReflectionDispatch.java:24)
	at org.gradle.internal.remote.internal.hub.MessageHubBackedObjectConnection$DispatchWrapper.dispatch(MessageHubBackedObjectConnection.java:155)
	at org.gradle.internal.remote.internal.hub.MessageHubBackedObjectConnection$DispatchWrapper.dispatch(MessageHubBackedObjectConnection.java:137)
	at org.gradle.internal.remote.internal.hub.MessageHub$Handler.run(MessageHub.java:404)
	at org.gradle.internal.concurrent.ExecutorPolicy$CatchAndRecordFailures.onExecute(ExecutorPolicy.java:63)
	at org.gradle.internal.concurrent.ManagedExecutorImpl$1.run(ManagedExecutorImpl.java:46)
	at java.util.concurrent.ThreadPoolExecutor.runWorker(ThreadPoolExecutor.java:1149)
	at java.util.concurrent.ThreadPoolExecutor$Worker.run(ThreadPoolExecutor.java:624)
	at org.gradle.internal.concurrent.ThreadFactoryImpl$ManagedThreadRunnable.run(ThreadFactoryImpl.java:55)
	at java.lang.Thread.run(Thread.java:748)
</failure>
  </testcase>
  <testcase name="testGameOver" classname="test.snake.SnakeTestsAssignment1_1" time="0.02">
    <failure message="org.scalatest.exceptions.TestFailedException: handleAssertion was false" type="org.scalatest.exceptions.TestFailedException">org.scalatest.exceptions.TestFailedException: handleAssertion was false
	at org.scalatest.Assertions.newAssertionFailedException(Assertions.scala:530)
	at org.scalatest.Assertions.newAssertionFailedException$(Assertions.scala:529)
	at test.GenericRecord$TestSuite.newAssertionFailedException(GenericRecord.scala:205)
	at org.scalatest.Assertions$AssertionsHelper.macroAssert(Assertions.scala:503)
	at test.GenericRecord$TestSuite.$anonfun$handleTest$4(GenericRecord.scala:291)
	at org.scalatest.OutcomeOf.outcomeOf(OutcomeOf.scala:85)
	at org.scalatest.OutcomeOf.outcomeOf$(OutcomeOf.scala:83)
	at org.scalatest.OutcomeOf$.outcomeOf(OutcomeOf.scala:104)
	at org.scalatest.Transformer.apply(Transformer.scala:22)
	at org.scalatest.Transformer.apply(Transformer.scala:20)
	at org.scalatest.FunSuiteLike$$anon$1.apply(FunSuiteLike.scala:186)
	at org.scalatest.TestSuite.withFixture(TestSuite.scala:196)
	at org.scalatest.TestSuite.withFixture$(TestSuite.scala:195)
	at test.GenericRecord$TestSuite.withFixture(GenericRecord.scala:205)
	at org.scalatest.FunSuiteLike.invokeWithFixture$1(FunSuiteLike.scala:184)
	at org.scalatest.FunSuiteLike.$anonfun$runTest$1(FunSuiteLike.scala:196)
	at org.scalatest.SuperEngine.runTestImpl(Engine.scala:286)
	at org.scalatest.FunSuiteLike.runTest(FunSuiteLike.scala:196)
	at org.scalatest.FunSuiteLike.runTest$(FunSuiteLike.scala:178)
	at test.GenericRecord$TestSuite.runTest(GenericRecord.scala:205)
	at org.scalatest.FunSuiteLike.$anonfun$runTests$1(FunSuiteLike.scala:229)
	at org.scalatest.SuperEngine.$anonfun$runTestsInBranch$1(Engine.scala:393)
	at scala.collection.immutable.List.foreach(List.scala:392)
	at org.scalatest.SuperEngine.traverseSubNodes$1(Engine.scala:381)
	at org.scalatest.SuperEngine.runTestsInBranch(Engine.scala:376)
	at org.scalatest.SuperEngine.runTestsImpl(Engine.scala:458)
	at org.scalatest.FunSuiteLike.runTests(FunSuiteLike.scala:229)
	at org.scalatest.FunSuiteLike.runTests$(FunSuiteLike.scala:228)
	at test.GenericRecord$TestSuite.runTests(GenericRecord.scala:205)
	at org.scalatest.Suite.run(Suite.scala:1124)
	at org.scalatest.Suite.run$(Suite.scala:1106)
	at test.GenericRecord$TestSuite.org$scalatest$FunSuiteLike$$super$run(GenericRecord.scala:205)
	at org.scalatest.FunSuiteLike.$anonfun$run$1(FunSuiteLike.scala:233)
	at org.scalatest.SuperEngine.runImpl(Engine.scala:518)
	at org.scalatest.FunSuiteLike.run(FunSuiteLike.scala:233)
	at org.scalatest.FunSuiteLike.run$(FunSuiteLike.scala:232)
	at test.GenericRecord$TestSuite.run(GenericRecord.scala:205)
	at org.scalatestplus.junit.JUnitRunner.run(JUnitRunner.scala:99)
	at org.gradle.api.internal.tasks.testing.junit.JUnitTestClassExecutor.runTestClass(JUnitTestClassExecutor.java:106)
	at org.gradle.api.internal.tasks.testing.junit.JUnitTestClassExecutor.execute(JUnitTestClassExecutor.java:58)
	at org.gradle.api.internal.tasks.testing.junit.JUnitTestClassExecutor.execute(JUnitTestClassExecutor.java:38)
	at org.gradle.api.internal.tasks.testing.junit.AbstractJUnitTestClassProcessor.processTestClass(AbstractJUnitTestClassProcessor.java:66)
	at org.gradle.api.internal.tasks.testing.SuiteTestClassProcessor.processTestClass(SuiteTestClassProcessor.java:51)
	at sun.reflect.NativeMethodAccessorImpl.invoke0(Native Method)
	at sun.reflect.NativeMethodAccessorImpl.invoke(NativeMethodAccessorImpl.java:62)
	at sun.reflect.DelegatingMethodAccessorImpl.invoke(DelegatingMethodAccessorImpl.java:43)
	at java.lang.reflect.Method.invoke(Method.java:498)
	at org.gradle.internal.dispatch.ReflectionDispatch.dispatch(ReflectionDispatch.java:35)
	at org.gradle.internal.dispatch.ReflectionDispatch.dispatch(ReflectionDispatch.java:24)
	at org.gradle.internal.dispatch.ContextClassLoaderDispatch.dispatch(ContextClassLoaderDispatch.java:32)
	at org.gradle.internal.dispatch.ProxyDispatchAdapter$DispatchingInvocationHandler.invoke(ProxyDispatchAdapter.java:93)
	at com.sun.proxy.$Proxy2.processTestClass(Unknown Source)
	at org.gradle.api.internal.tasks.testing.worker.TestWorker.processTestClass(TestWorker.java:117)
	at sun.reflect.NativeMethodAccessorImpl.invoke0(Native Method)
	at sun.reflect.NativeMethodAccessorImpl.invoke(NativeMethodAccessorImpl.java:62)
	at sun.reflect.DelegatingMethodAccessorImpl.invoke(DelegatingMethodAccessorImpl.java:43)
	at java.lang.reflect.Method.invoke(Method.java:498)
	at org.gradle.internal.dispatch.ReflectionDispatch.dispatch(ReflectionDispatch.java:35)
	at org.gradle.internal.dispatch.ReflectionDispatch.dispatch(ReflectionDispatch.java:24)
	at org.gradle.internal.remote.internal.hub.MessageHubBackedObjectConnection$DispatchWrapper.dispatch(MessageHubBackedObjectConnection.java:155)
	at org.gradle.internal.remote.internal.hub.MessageHubBackedObjectConnection$DispatchWrapper.dispatch(MessageHubBackedObjectConnection.java:137)
	at org.gradle.internal.remote.internal.hub.MessageHub$Handler.run(MessageHub.java:404)
	at org.gradle.internal.concurrent.ExecutorPolicy$CatchAndRecordFailures.onExecute(ExecutorPolicy.java:63)
	at org.gradle.internal.concurrent.ManagedExecutorImpl$1.run(ManagedExecutorImpl.java:46)
	at java.util.concurrent.ThreadPoolExecutor.runWorker(ThreadPoolExecutor.java:1149)
	at java.util.concurrent.ThreadPoolExecutor$Worker.run(ThreadPoolExecutor.java:624)
	at org.gradle.internal.concurrent.ThreadFactoryImpl$ManagedThreadRunnable.run(ThreadFactoryImpl.java:55)
	at java.lang.Thread.run(Thread.java:748)
</failure>
  </testcase>
  <testcase name="testNoEscapeGameOver" classname="test.snake.SnakeTestsAssignment1_1" time="0.016">
    <failure message="org.scalatest.exceptions.TestFailedException: handleAssertion was false" type="org.scalatest.exceptions.TestFailedException">org.scalatest.exceptions.TestFailedException: handleAssertion was false
	at org.scalatest.Assertions.newAssertionFailedException(Assertions.scala:530)
	at org.scalatest.Assertions.newAssertionFailedException$(Assertions.scala:529)
	at test.GenericRecord$TestSuite.newAssertionFailedException(GenericRecord.scala:205)
	at org.scalatest.Assertions$AssertionsHelper.macroAssert(Assertions.scala:503)
	at test.GenericRecord$TestSuite.$anonfun$handleTest$4(GenericRecord.scala:291)
	at org.scalatest.OutcomeOf.outcomeOf(OutcomeOf.scala:85)
	at org.scalatest.OutcomeOf.outcomeOf$(OutcomeOf.scala:83)
	at org.scalatest.OutcomeOf$.outcomeOf(OutcomeOf.scala:104)
	at org.scalatest.Transformer.apply(Transformer.scala:22)
	at org.scalatest.Transformer.apply(Transformer.scala:20)
	at org.scalatest.FunSuiteLike$$anon$1.apply(FunSuiteLike.scala:186)
	at org.scalatest.TestSuite.withFixture(TestSuite.scala:196)
	at org.scalatest.TestSuite.withFixture$(TestSuite.scala:195)
	at test.GenericRecord$TestSuite.withFixture(GenericRecord.scala:205)
	at org.scalatest.FunSuiteLike.invokeWithFixture$1(FunSuiteLike.scala:184)
	at org.scalatest.FunSuiteLike.$anonfun$runTest$1(FunSuiteLike.scala:196)
	at org.scalatest.SuperEngine.runTestImpl(Engine.scala:286)
	at org.scalatest.FunSuiteLike.runTest(FunSuiteLike.scala:196)
	at org.scalatest.FunSuiteLike.runTest$(FunSuiteLike.scala:178)
	at test.GenericRecord$TestSuite.runTest(GenericRecord.scala:205)
	at org.scalatest.FunSuiteLike.$anonfun$runTests$1(FunSuiteLike.scala:229)
	at org.scalatest.SuperEngine.$anonfun$runTestsInBranch$1(Engine.scala:393)
	at scala.collection.immutable.List.foreach(List.scala:392)
	at org.scalatest.SuperEngine.traverseSubNodes$1(Engine.scala:381)
	at org.scalatest.SuperEngine.runTestsInBranch(Engine.scala:376)
	at org.scalatest.SuperEngine.runTestsImpl(Engine.scala:458)
	at org.scalatest.FunSuiteLike.runTests(FunSuiteLike.scala:229)
	at org.scalatest.FunSuiteLike.runTests$(FunSuiteLike.scala:228)
	at test.GenericRecord$TestSuite.runTests(GenericRecord.scala:205)
	at org.scalatest.Suite.run(Suite.scala:1124)
	at org.scalatest.Suite.run$(Suite.scala:1106)
	at test.GenericRecord$TestSuite.org$scalatest$FunSuiteLike$$super$run(GenericRecord.scala:205)
	at org.scalatest.FunSuiteLike.$anonfun$run$1(FunSuiteLike.scala:233)
	at org.scalatest.SuperEngine.runImpl(Engine.scala:518)
	at org.scalatest.FunSuiteLike.run(FunSuiteLike.scala:233)
	at org.scalatest.FunSuiteLike.run$(FunSuiteLike.scala:232)
	at test.GenericRecord$TestSuite.run(GenericRecord.scala:205)
	at org.scalatestplus.junit.JUnitRunner.run(JUnitRunner.scala:99)
	at org.gradle.api.internal.tasks.testing.junit.JUnitTestClassExecutor.runTestClass(JUnitTestClassExecutor.java:106)
	at org.gradle.api.internal.tasks.testing.junit.JUnitTestClassExecutor.execute(JUnitTestClassExecutor.java:58)
	at org.gradle.api.internal.tasks.testing.junit.JUnitTestClassExecutor.execute(JUnitTestClassExecutor.java:38)
	at org.gradle.api.internal.tasks.testing.junit.AbstractJUnitTestClassProcessor.processTestClass(AbstractJUnitTestClassProcessor.java:66)
	at org.gradle.api.internal.tasks.testing.SuiteTestClassProcessor.processTestClass(SuiteTestClassProcessor.java:51)
	at sun.reflect.NativeMethodAccessorImpl.invoke0(Native Method)
	at sun.reflect.NativeMethodAccessorImpl.invoke(NativeMethodAccessorImpl.java:62)
	at sun.reflect.DelegatingMethodAccessorImpl.invoke(DelegatingMethodAccessorImpl.java:43)
	at java.lang.reflect.Method.invoke(Method.java:498)
	at org.gradle.internal.dispatch.ReflectionDispatch.dispatch(ReflectionDispatch.java:35)
	at org.gradle.internal.dispatch.ReflectionDispatch.dispatch(ReflectionDispatch.java:24)
	at org.gradle.internal.dispatch.ContextClassLoaderDispatch.dispatch(ContextClassLoaderDispatch.java:32)
	at org.gradle.internal.dispatch.ProxyDispatchAdapter$DispatchingInvocationHandler.invoke(ProxyDispatchAdapter.java:93)
	at com.sun.proxy.$Proxy2.processTestClass(Unknown Source)
	at org.gradle.api.internal.tasks.testing.worker.TestWorker.processTestClass(TestWorker.java:117)
	at sun.reflect.NativeMethodAccessorImpl.invoke0(Native Method)
	at sun.reflect.NativeMethodAccessorImpl.invoke(NativeMethodAccessorImpl.java:62)
	at sun.reflect.DelegatingMethodAccessorImpl.invoke(DelegatingMethodAccessorImpl.java:43)
	at java.lang.reflect.Method.invoke(Method.java:498)
	at org.gradle.internal.dispatch.ReflectionDispatch.dispatch(ReflectionDispatch.java:35)
	at org.gradle.internal.dispatch.ReflectionDispatch.dispatch(ReflectionDispatch.java:24)
	at org.gradle.internal.remote.internal.hub.MessageHubBackedObjectConnection$DispatchWrapper.dispatch(MessageHubBackedObjectConnection.java:155)
	at org.gradle.internal.remote.internal.hub.MessageHubBackedObjectConnection$DispatchWrapper.dispatch(MessageHubBackedObjectConnection.java:137)
	at org.gradle.internal.remote.internal.hub.MessageHub$Handler.run(MessageHub.java:404)
	at org.gradle.internal.concurrent.ExecutorPolicy$CatchAndRecordFailures.onExecute(ExecutorPolicy.java:63)
	at org.gradle.internal.concurrent.ManagedExecutorImpl$1.run(ManagedExecutorImpl.java:46)
	at java.util.concurrent.ThreadPoolExecutor.runWorker(ThreadPoolExecutor.java:1149)
	at java.util.concurrent.ThreadPoolExecutor$Worker.run(ThreadPoolExecutor.java:624)
	at org.gradle.internal.concurrent.ThreadFactoryImpl$ManagedThreadRunnable.run(ThreadFactoryImpl.java:55)
	at java.lang.Thread.run(Thread.java:748)
</failure>
  </testcase>
  <testcase name="testGame3x1" classname="test.snake.SnakeTestsAssignment1_1" time="0.026">
    <failure message="org.scalatest.exceptions.TestFailedException: handleAssertion was false" type="org.scalatest.exceptions.TestFailedException">org.scalatest.exceptions.TestFailedException: handleAssertion was false
	at org.scalatest.Assertions.newAssertionFailedException(Assertions.scala:530)
	at org.scalatest.Assertions.newAssertionFailedException$(Assertions.scala:529)
	at test.GenericRecord$TestSuite.newAssertionFailedException(GenericRecord.scala:205)
	at org.scalatest.Assertions$AssertionsHelper.macroAssert(Assertions.scala:503)
	at test.GenericRecord$TestSuite.$anonfun$handleTest$4(GenericRecord.scala:291)
	at org.scalatest.OutcomeOf.outcomeOf(OutcomeOf.scala:85)
	at org.scalatest.OutcomeOf.outcomeOf$(OutcomeOf.scala:83)
	at org.scalatest.OutcomeOf$.outcomeOf(OutcomeOf.scala:104)
	at org.scalatest.Transformer.apply(Transformer.scala:22)
	at org.scalatest.Transformer.apply(Transformer.scala:20)
	at org.scalatest.FunSuiteLike$$anon$1.apply(FunSuiteLike.scala:186)
	at org.scalatest.TestSuite.withFixture(TestSuite.scala:196)
	at org.scalatest.TestSuite.withFixture$(TestSuite.scala:195)
	at test.GenericRecord$TestSuite.withFixture(GenericRecord.scala:205)
	at org.scalatest.FunSuiteLike.invokeWithFixture$1(FunSuiteLike.scala:184)
	at org.scalatest.FunSuiteLike.$anonfun$runTest$1(FunSuiteLike.scala:196)
	at org.scalatest.SuperEngine.runTestImpl(Engine.scala:286)
	at org.scalatest.FunSuiteLike.runTest(FunSuiteLike.scala:196)
	at org.scalatest.FunSuiteLike.runTest$(FunSuiteLike.scala:178)
	at test.GenericRecord$TestSuite.runTest(GenericRecord.scala:205)
	at org.scalatest.FunSuiteLike.$anonfun$runTests$1(FunSuiteLike.scala:229)
	at org.scalatest.SuperEngine.$anonfun$runTestsInBranch$1(Engine.scala:393)
	at scala.collection.immutable.List.foreach(List.scala:392)
	at org.scalatest.SuperEngine.traverseSubNodes$1(Engine.scala:381)
	at org.scalatest.SuperEngine.runTestsInBranch(Engine.scala:376)
	at org.scalatest.SuperEngine.runTestsImpl(Engine.scala:458)
	at org.scalatest.FunSuiteLike.runTests(FunSuiteLike.scala:229)
	at org.scalatest.FunSuiteLike.runTests$(FunSuiteLike.scala:228)
	at test.GenericRecord$TestSuite.runTests(GenericRecord.scala:205)
	at org.scalatest.Suite.run(Suite.scala:1124)
	at org.scalatest.Suite.run$(Suite.scala:1106)
	at test.GenericRecord$TestSuite.org$scalatest$FunSuiteLike$$super$run(GenericRecord.scala:205)
	at org.scalatest.FunSuiteLike.$anonfun$run$1(FunSuiteLike.scala:233)
	at org.scalatest.SuperEngine.runImpl(Engine.scala:518)
	at org.scalatest.FunSuiteLike.run(FunSuiteLike.scala:233)
	at org.scalatest.FunSuiteLike.run$(FunSuiteLike.scala:232)
	at test.GenericRecord$TestSuite.run(GenericRecord.scala:205)
	at org.scalatestplus.junit.JUnitRunner.run(JUnitRunner.scala:99)
	at org.gradle.api.internal.tasks.testing.junit.JUnitTestClassExecutor.runTestClass(JUnitTestClassExecutor.java:106)
	at org.gradle.api.internal.tasks.testing.junit.JUnitTestClassExecutor.execute(JUnitTestClassExecutor.java:58)
	at org.gradle.api.internal.tasks.testing.junit.JUnitTestClassExecutor.execute(JUnitTestClassExecutor.java:38)
	at org.gradle.api.internal.tasks.testing.junit.AbstractJUnitTestClassProcessor.processTestClass(AbstractJUnitTestClassProcessor.java:66)
	at org.gradle.api.internal.tasks.testing.SuiteTestClassProcessor.processTestClass(SuiteTestClassProcessor.java:51)
	at sun.reflect.NativeMethodAccessorImpl.invoke0(Native Method)
	at sun.reflect.NativeMethodAccessorImpl.invoke(NativeMethodAccessorImpl.java:62)
	at sun.reflect.DelegatingMethodAccessorImpl.invoke(DelegatingMethodAccessorImpl.java:43)
	at java.lang.reflect.Method.invoke(Method.java:498)
	at org.gradle.internal.dispatch.ReflectionDispatch.dispatch(ReflectionDispatch.java:35)
	at org.gradle.internal.dispatch.ReflectionDispatch.dispatch(ReflectionDispatch.java:24)
	at org.gradle.internal.dispatch.ContextClassLoaderDispatch.dispatch(ContextClassLoaderDispatch.java:32)
	at org.gradle.internal.dispatch.ProxyDispatchAdapter$DispatchingInvocationHandler.invoke(ProxyDispatchAdapter.java:93)
	at com.sun.proxy.$Proxy2.processTestClass(Unknown Source)
	at org.gradle.api.internal.tasks.testing.worker.TestWorker.processTestClass(TestWorker.java:117)
	at sun.reflect.NativeMethodAccessorImpl.invoke0(Native Method)
	at sun.reflect.NativeMethodAccessorImpl.invoke(NativeMethodAccessorImpl.java:62)
	at sun.reflect.DelegatingMethodAccessorImpl.invoke(DelegatingMethodAccessorImpl.java:43)
	at java.lang.reflect.Method.invoke(Method.java:498)
	at org.gradle.internal.dispatch.ReflectionDispatch.dispatch(ReflectionDispatch.java:35)
	at org.gradle.internal.dispatch.ReflectionDispatch.dispatch(ReflectionDispatch.java:24)
	at org.gradle.internal.remote.internal.hub.MessageHubBackedObjectConnection$DispatchWrapper.dispatch(MessageHubBackedObjectConnection.java:155)
	at org.gradle.internal.remote.internal.hub.MessageHubBackedObjectConnection$DispatchWrapper.dispatch(MessageHubBackedObjectConnection.java:137)
	at org.gradle.internal.remote.internal.hub.MessageHub$Handler.run(MessageHub.java:404)
	at org.gradle.internal.concurrent.ExecutorPolicy$CatchAndRecordFailures.onExecute(ExecutorPolicy.java:63)
	at org.gradle.internal.concurrent.ManagedExecutorImpl$1.run(ManagedExecutorImpl.java:46)
	at java.util.concurrent.ThreadPoolExecutor.runWorker(ThreadPoolExecutor.java:1149)
	at java.util.concurrent.ThreadPoolExecutor$Worker.run(ThreadPoolExecutor.java:624)
	at org.gradle.internal.concurrent.ThreadFactoryImpl$ManagedThreadRunnable.run(ThreadFactoryImpl.java:55)
	at java.lang.Thread.run(Thread.java:748)
</failure>
  </testcase>
  <testcase name="testGame6x6" classname="test.snake.SnakeTestsAssignment1_1" time="0.098">
    <failure message="org.scalatest.exceptions.TestFailedException: handleAssertion was false" type="org.scalatest.exceptions.TestFailedException">org.scalatest.exceptions.TestFailedException: handleAssertion was false
	at org.scalatest.Assertions.newAssertionFailedException(Assertions.scala:530)
	at org.scalatest.Assertions.newAssertionFailedException$(Assertions.scala:529)
	at test.GenericRecord$TestSuite.newAssertionFailedException(GenericRecord.scala:205)
	at org.scalatest.Assertions$AssertionsHelper.macroAssert(Assertions.scala:503)
	at test.GenericRecord$TestSuite.$anonfun$handleTest$4(GenericRecord.scala:291)
	at org.scalatest.OutcomeOf.outcomeOf(OutcomeOf.scala:85)
	at org.scalatest.OutcomeOf.outcomeOf$(OutcomeOf.scala:83)
	at org.scalatest.OutcomeOf$.outcomeOf(OutcomeOf.scala:104)
	at org.scalatest.Transformer.apply(Transformer.scala:22)
	at org.scalatest.Transformer.apply(Transformer.scala:20)
	at org.scalatest.FunSuiteLike$$anon$1.apply(FunSuiteLike.scala:186)
	at org.scalatest.TestSuite.withFixture(TestSuite.scala:196)
	at org.scalatest.TestSuite.withFixture$(TestSuite.scala:195)
	at test.GenericRecord$TestSuite.withFixture(GenericRecord.scala:205)
	at org.scalatest.FunSuiteLike.invokeWithFixture$1(FunSuiteLike.scala:184)
	at org.scalatest.FunSuiteLike.$anonfun$runTest$1(FunSuiteLike.scala:196)
	at org.scalatest.SuperEngine.runTestImpl(Engine.scala:286)
	at org.scalatest.FunSuiteLike.runTest(FunSuiteLike.scala:196)
	at org.scalatest.FunSuiteLike.runTest$(FunSuiteLike.scala:178)
	at test.GenericRecord$TestSuite.runTest(GenericRecord.scala:205)
	at org.scalatest.FunSuiteLike.$anonfun$runTests$1(FunSuiteLike.scala:229)
	at org.scalatest.SuperEngine.$anonfun$runTestsInBranch$1(Engine.scala:393)
	at scala.collection.immutable.List.foreach(List.scala:392)
	at org.scalatest.SuperEngine.traverseSubNodes$1(Engine.scala:381)
	at org.scalatest.SuperEngine.runTestsInBranch(Engine.scala:376)
	at org.scalatest.SuperEngine.runTestsImpl(Engine.scala:458)
	at org.scalatest.FunSuiteLike.runTests(FunSuiteLike.scala:229)
	at org.scalatest.FunSuiteLike.runTests$(FunSuiteLike.scala:228)
	at test.GenericRecord$TestSuite.runTests(GenericRecord.scala:205)
	at org.scalatest.Suite.run(Suite.scala:1124)
	at org.scalatest.Suite.run$(Suite.scala:1106)
	at test.GenericRecord$TestSuite.org$scalatest$FunSuiteLike$$super$run(GenericRecord.scala:205)
	at org.scalatest.FunSuiteLike.$anonfun$run$1(FunSuiteLike.scala:233)
	at org.scalatest.SuperEngine.runImpl(Engine.scala:518)
	at org.scalatest.FunSuiteLike.run(FunSuiteLike.scala:233)
	at org.scalatest.FunSuiteLike.run$(FunSuiteLike.scala:232)
	at test.GenericRecord$TestSuite.run(GenericRecord.scala:205)
	at org.scalatestplus.junit.JUnitRunner.run(JUnitRunner.scala:99)
	at org.gradle.api.internal.tasks.testing.junit.JUnitTestClassExecutor.runTestClass(JUnitTestClassExecutor.java:106)
	at org.gradle.api.internal.tasks.testing.junit.JUnitTestClassExecutor.execute(JUnitTestClassExecutor.java:58)
	at org.gradle.api.internal.tasks.testing.junit.JUnitTestClassExecutor.execute(JUnitTestClassExecutor.java:38)
	at org.gradle.api.internal.tasks.testing.junit.AbstractJUnitTestClassProcessor.processTestClass(AbstractJUnitTestClassProcessor.java:66)
	at org.gradle.api.internal.tasks.testing.SuiteTestClassProcessor.processTestClass(SuiteTestClassProcessor.java:51)
	at sun.reflect.NativeMethodAccessorImpl.invoke0(Native Method)
	at sun.reflect.NativeMethodAccessorImpl.invoke(NativeMethodAccessorImpl.java:62)
	at sun.reflect.DelegatingMethodAccessorImpl.invoke(DelegatingMethodAccessorImpl.java:43)
	at java.lang.reflect.Method.invoke(Method.java:498)
	at org.gradle.internal.dispatch.ReflectionDispatch.dispatch(ReflectionDispatch.java:35)
	at org.gradle.internal.dispatch.ReflectionDispatch.dispatch(ReflectionDispatch.java:24)
	at org.gradle.internal.dispatch.ContextClassLoaderDispatch.dispatch(ContextClassLoaderDispatch.java:32)
	at org.gradle.internal.dispatch.ProxyDispatchAdapter$DispatchingInvocationHandler.invoke(ProxyDispatchAdapter.java:93)
	at com.sun.proxy.$Proxy2.processTestClass(Unknown Source)
	at org.gradle.api.internal.tasks.testing.worker.TestWorker.processTestClass(TestWorker.java:117)
	at sun.reflect.NativeMethodAccessorImpl.invoke0(Native Method)
	at sun.reflect.NativeMethodAccessorImpl.invoke(NativeMethodAccessorImpl.java:62)
	at sun.reflect.DelegatingMethodAccessorImpl.invoke(DelegatingMethodAccessorImpl.java:43)
	at java.lang.reflect.Method.invoke(Method.java:498)
	at org.gradle.internal.dispatch.ReflectionDispatch.dispatch(ReflectionDispatch.java:35)
	at org.gradle.internal.dispatch.ReflectionDispatch.dispatch(ReflectionDispatch.java:24)
	at org.gradle.internal.remote.internal.hub.MessageHubBackedObjectConnection$DispatchWrapper.dispatch(MessageHubBackedObjectConnection.java:155)
	at org.gradle.internal.remote.internal.hub.MessageHubBackedObjectConnection$DispatchWrapper.dispatch(MessageHubBackedObjectConnection.java:137)
	at org.gradle.internal.remote.internal.hub.MessageHub$Handler.run(MessageHub.java:404)
	at org.gradle.internal.concurrent.ExecutorPolicy$CatchAndRecordFailures.onExecute(ExecutorPolicy.java:63)
	at org.gradle.internal.concurrent.ManagedExecutorImpl$1.run(ManagedExecutorImpl.java:46)
	at java.util.concurrent.ThreadPoolExecutor.runWorker(ThreadPoolExecutor.java:1149)
	at java.util.concurrent.ThreadPoolExecutor$Worker.run(ThreadPoolExecutor.java:624)
	at org.gradle.internal.concurrent.ThreadFactoryImpl$ManagedThreadRunnable.run(ThreadFactoryImpl.java:55)
	at java.lang.Thread.run(Thread.java:748)
</failure>
  </testcase>
  <testcase name="testGame6x3" classname="test.snake.SnakeTestsAssignment1_1" time="0.031">
    <failure message="org.scalatest.exceptions.TestFailedException: handleAssertion was false" type="org.scalatest.exceptions.TestFailedException">org.scalatest.exceptions.TestFailedException: handleAssertion was false
	at org.scalatest.Assertions.newAssertionFailedException(Assertions.scala:530)
	at org.scalatest.Assertions.newAssertionFailedException$(Assertions.scala:529)
	at test.GenericRecord$TestSuite.newAssertionFailedException(GenericRecord.scala:205)
	at org.scalatest.Assertions$AssertionsHelper.macroAssert(Assertions.scala:503)
	at test.GenericRecord$TestSuite.$anonfun$handleTest$4(GenericRecord.scala:291)
	at org.scalatest.OutcomeOf.outcomeOf(OutcomeOf.scala:85)
	at org.scalatest.OutcomeOf.outcomeOf$(OutcomeOf.scala:83)
	at org.scalatest.OutcomeOf$.outcomeOf(OutcomeOf.scala:104)
	at org.scalatest.Transformer.apply(Transformer.scala:22)
	at org.scalatest.Transformer.apply(Transformer.scala:20)
	at org.scalatest.FunSuiteLike$$anon$1.apply(FunSuiteLike.scala:186)
	at org.scalatest.TestSuite.withFixture(TestSuite.scala:196)
	at org.scalatest.TestSuite.withFixture$(TestSuite.scala:195)
	at test.GenericRecord$TestSuite.withFixture(GenericRecord.scala:205)
	at org.scalatest.FunSuiteLike.invokeWithFixture$1(FunSuiteLike.scala:184)
	at org.scalatest.FunSuiteLike.$anonfun$runTest$1(FunSuiteLike.scala:196)
	at org.scalatest.SuperEngine.runTestImpl(Engine.scala:286)
	at org.scalatest.FunSuiteLike.runTest(FunSuiteLike.scala:196)
	at org.scalatest.FunSuiteLike.runTest$(FunSuiteLike.scala:178)
	at test.GenericRecord$TestSuite.runTest(GenericRecord.scala:205)
	at org.scalatest.FunSuiteLike.$anonfun$runTests$1(FunSuiteLike.scala:229)
	at org.scalatest.SuperEngine.$anonfun$runTestsInBranch$1(Engine.scala:393)
	at scala.collection.immutable.List.foreach(List.scala:392)
	at org.scalatest.SuperEngine.traverseSubNodes$1(Engine.scala:381)
	at org.scalatest.SuperEngine.runTestsInBranch(Engine.scala:376)
	at org.scalatest.SuperEngine.runTestsImpl(Engine.scala:458)
	at org.scalatest.FunSuiteLike.runTests(FunSuiteLike.scala:229)
	at org.scalatest.FunSuiteLike.runTests$(FunSuiteLike.scala:228)
	at test.GenericRecord$TestSuite.runTests(GenericRecord.scala:205)
	at org.scalatest.Suite.run(Suite.scala:1124)
	at org.scalatest.Suite.run$(Suite.scala:1106)
	at test.GenericRecord$TestSuite.org$scalatest$FunSuiteLike$$super$run(GenericRecord.scala:205)
	at org.scalatest.FunSuiteLike.$anonfun$run$1(FunSuiteLike.scala:233)
	at org.scalatest.SuperEngine.runImpl(Engine.scala:518)
	at org.scalatest.FunSuiteLike.run(FunSuiteLike.scala:233)
	at org.scalatest.FunSuiteLike.run$(FunSuiteLike.scala:232)
	at test.GenericRecord$TestSuite.run(GenericRecord.scala:205)
	at org.scalatestplus.junit.JUnitRunner.run(JUnitRunner.scala:99)
	at org.gradle.api.internal.tasks.testing.junit.JUnitTestClassExecutor.runTestClass(JUnitTestClassExecutor.java:106)
	at org.gradle.api.internal.tasks.testing.junit.JUnitTestClassExecutor.execute(JUnitTestClassExecutor.java:58)
	at org.gradle.api.internal.tasks.testing.junit.JUnitTestClassExecutor.execute(JUnitTestClassExecutor.java:38)
	at org.gradle.api.internal.tasks.testing.junit.AbstractJUnitTestClassProcessor.processTestClass(AbstractJUnitTestClassProcessor.java:66)
	at org.gradle.api.internal.tasks.testing.SuiteTestClassProcessor.processTestClass(SuiteTestClassProcessor.java:51)
	at sun.reflect.NativeMethodAccessorImpl.invoke0(Native Method)
	at sun.reflect.NativeMethodAccessorImpl.invoke(NativeMethodAccessorImpl.java:62)
	at sun.reflect.DelegatingMethodAccessorImpl.invoke(DelegatingMethodAccessorImpl.java:43)
	at java.lang.reflect.Method.invoke(Method.java:498)
	at org.gradle.internal.dispatch.ReflectionDispatch.dispatch(ReflectionDispatch.java:35)
	at org.gradle.internal.dispatch.ReflectionDispatch.dispatch(ReflectionDispatch.java:24)
	at org.gradle.internal.dispatch.ContextClassLoaderDispatch.dispatch(ContextClassLoaderDispatch.java:32)
	at org.gradle.internal.dispatch.ProxyDispatchAdapter$DispatchingInvocationHandler.invoke(ProxyDispatchAdapter.java:93)
	at com.sun.proxy.$Proxy2.processTestClass(Unknown Source)
	at org.gradle.api.internal.tasks.testing.worker.TestWorker.processTestClass(TestWorker.java:117)
	at sun.reflect.NativeMethodAccessorImpl.invoke0(Native Method)
	at sun.reflect.NativeMethodAccessorImpl.invoke(NativeMethodAccessorImpl.java:62)
	at sun.reflect.DelegatingMethodAccessorImpl.invoke(DelegatingMethodAccessorImpl.java:43)
	at java.lang.reflect.Method.invoke(Method.java:498)
	at org.gradle.internal.dispatch.ReflectionDispatch.dispatch(ReflectionDispatch.java:35)
	at org.gradle.internal.dispatch.ReflectionDispatch.dispatch(ReflectionDispatch.java:24)
	at org.gradle.internal.remote.internal.hub.MessageHubBackedObjectConnection$DispatchWrapper.dispatch(MessageHubBackedObjectConnection.java:155)
	at org.gradle.internal.remote.internal.hub.MessageHubBackedObjectConnection$DispatchWrapper.dispatch(MessageHubBackedObjectConnection.java:137)
	at org.gradle.internal.remote.internal.hub.MessageHub$Handler.run(MessageHub.java:404)
	at org.gradle.internal.concurrent.ExecutorPolicy$CatchAndRecordFailures.onExecute(ExecutorPolicy.java:63)
	at org.gradle.internal.concurrent.ManagedExecutorImpl$1.run(ManagedExecutorImpl.java:46)
	at java.util.concurrent.ThreadPoolExecutor.runWorker(ThreadPoolExecutor.java:1149)
	at java.util.concurrent.ThreadPoolExecutor$Worker.run(ThreadPoolExecutor.java:624)
	at org.gradle.internal.concurrent.ThreadFactoryImpl$ManagedThreadRunnable.run(ThreadFactoryImpl.java:55)
	at java.lang.Thread.run(Thread.java:748)
</failure>
  </testcase>
  <testcase name="testGame10x7" classname="test.snake.SnakeTestsAssignment1_1" time="0.105">
    <failure message="org.scalatest.exceptions.TestFailedException: handleAssertion was false" type="org.scalatest.exceptions.TestFailedException">org.scalatest.exceptions.TestFailedException: handleAssertion was false
	at org.scalatest.Assertions.newAssertionFailedException(Assertions.scala:530)
	at org.scalatest.Assertions.newAssertionFailedException$(Assertions.scala:529)
	at test.GenericRecord$TestSuite.newAssertionFailedException(GenericRecord.scala:205)
	at org.scalatest.Assertions$AssertionsHelper.macroAssert(Assertions.scala:503)
	at test.GenericRecord$TestSuite.$anonfun$handleTest$4(GenericRecord.scala:291)
	at org.scalatest.OutcomeOf.outcomeOf(OutcomeOf.scala:85)
	at org.scalatest.OutcomeOf.outcomeOf$(OutcomeOf.scala:83)
	at org.scalatest.OutcomeOf$.outcomeOf(OutcomeOf.scala:104)
	at org.scalatest.Transformer.apply(Transformer.scala:22)
	at org.scalatest.Transformer.apply(Transformer.scala:20)
	at org.scalatest.FunSuiteLike$$anon$1.apply(FunSuiteLike.scala:186)
	at org.scalatest.TestSuite.withFixture(TestSuite.scala:196)
	at org.scalatest.TestSuite.withFixture$(TestSuite.scala:195)
	at test.GenericRecord$TestSuite.withFixture(GenericRecord.scala:205)
	at org.scalatest.FunSuiteLike.invokeWithFixture$1(FunSuiteLike.scala:184)
	at org.scalatest.FunSuiteLike.$anonfun$runTest$1(FunSuiteLike.scala:196)
	at org.scalatest.SuperEngine.runTestImpl(Engine.scala:286)
	at org.scalatest.FunSuiteLike.runTest(FunSuiteLike.scala:196)
	at org.scalatest.FunSuiteLike.runTest$(FunSuiteLike.scala:178)
	at test.GenericRecord$TestSuite.runTest(GenericRecord.scala:205)
	at org.scalatest.FunSuiteLike.$anonfun$runTests$1(FunSuiteLike.scala:229)
	at org.scalatest.SuperEngine.$anonfun$runTestsInBranch$1(Engine.scala:393)
	at scala.collection.immutable.List.foreach(List.scala:392)
	at org.scalatest.SuperEngine.traverseSubNodes$1(Engine.scala:381)
	at org.scalatest.SuperEngine.runTestsInBranch(Engine.scala:376)
	at org.scalatest.SuperEngine.runTestsImpl(Engine.scala:458)
	at org.scalatest.FunSuiteLike.runTests(FunSuiteLike.scala:229)
	at org.scalatest.FunSuiteLike.runTests$(FunSuiteLike.scala:228)
	at test.GenericRecord$TestSuite.runTests(GenericRecord.scala:205)
	at org.scalatest.Suite.run(Suite.scala:1124)
	at org.scalatest.Suite.run$(Suite.scala:1106)
	at test.GenericRecord$TestSuite.org$scalatest$FunSuiteLike$$super$run(GenericRecord.scala:205)
	at org.scalatest.FunSuiteLike.$anonfun$run$1(FunSuiteLike.scala:233)
	at org.scalatest.SuperEngine.runImpl(Engine.scala:518)
	at org.scalatest.FunSuiteLike.run(FunSuiteLike.scala:233)
	at org.scalatest.FunSuiteLike.run$(FunSuiteLike.scala:232)
	at test.GenericRecord$TestSuite.run(GenericRecord.scala:205)
	at org.scalatestplus.junit.JUnitRunner.run(JUnitRunner.scala:99)
	at org.gradle.api.internal.tasks.testing.junit.JUnitTestClassExecutor.runTestClass(JUnitTestClassExecutor.java:106)
	at org.gradle.api.internal.tasks.testing.junit.JUnitTestClassExecutor.execute(JUnitTestClassExecutor.java:58)
	at org.gradle.api.internal.tasks.testing.junit.JUnitTestClassExecutor.execute(JUnitTestClassExecutor.java:38)
	at org.gradle.api.internal.tasks.testing.junit.AbstractJUnitTestClassProcessor.processTestClass(AbstractJUnitTestClassProcessor.java:66)
	at org.gradle.api.internal.tasks.testing.SuiteTestClassProcessor.processTestClass(SuiteTestClassProcessor.java:51)
	at sun.reflect.NativeMethodAccessorImpl.invoke0(Native Method)
	at sun.reflect.NativeMethodAccessorImpl.invoke(NativeMethodAccessorImpl.java:62)
	at sun.reflect.DelegatingMethodAccessorImpl.invoke(DelegatingMethodAccessorImpl.java:43)
	at java.lang.reflect.Method.invoke(Method.java:498)
	at org.gradle.internal.dispatch.ReflectionDispatch.dispatch(ReflectionDispatch.java:35)
	at org.gradle.internal.dispatch.ReflectionDispatch.dispatch(ReflectionDispatch.java:24)
	at org.gradle.internal.dispatch.ContextClassLoaderDispatch.dispatch(ContextClassLoaderDispatch.java:32)
	at org.gradle.internal.dispatch.ProxyDispatchAdapter$DispatchingInvocationHandler.invoke(ProxyDispatchAdapter.java:93)
	at com.sun.proxy.$Proxy2.processTestClass(Unknown Source)
	at org.gradle.api.internal.tasks.testing.worker.TestWorker.processTestClass(TestWorker.java:117)
	at sun.reflect.NativeMethodAccessorImpl.invoke0(Native Method)
	at sun.reflect.NativeMethodAccessorImpl.invoke(NativeMethodAccessorImpl.java:62)
	at sun.reflect.DelegatingMethodAccessorImpl.invoke(DelegatingMethodAccessorImpl.java:43)
	at java.lang.reflect.Method.invoke(Method.java:498)
	at org.gradle.internal.dispatch.ReflectionDispatch.dispatch(ReflectionDispatch.java:35)
	at org.gradle.internal.dispatch.ReflectionDispatch.dispatch(ReflectionDispatch.java:24)
	at org.gradle.internal.remote.internal.hub.MessageHubBackedObjectConnection$DispatchWrapper.dispatch(MessageHubBackedObjectConnection.java:155)
	at org.gradle.internal.remote.internal.hub.MessageHubBackedObjectConnection$DispatchWrapper.dispatch(MessageHubBackedObjectConnection.java:137)
	at org.gradle.internal.remote.internal.hub.MessageHub$Handler.run(MessageHub.java:404)
	at org.gradle.internal.concurrent.ExecutorPolicy$CatchAndRecordFailures.onExecute(ExecutorPolicy.java:63)
	at org.gradle.internal.concurrent.ManagedExecutorImpl$1.run(ManagedExecutorImpl.java:46)
	at java.util.concurrent.ThreadPoolExecutor.runWorker(ThreadPoolExecutor.java:1149)
	at java.util.concurrent.ThreadPoolExecutor$Worker.run(ThreadPoolExecutor.java:624)
	at org.gradle.internal.concurrent.ThreadFactoryImpl$ManagedThreadRunnable.run(ThreadFactoryImpl.java:55)
	at java.lang.Thread.run(Thread.java:748)
</failure>
  </testcase>
  <testcase name="TestNoReverseMode" classname="test.snake.SnakeTestsAssignment1_1" time="0.009"/>
  <testcase name="testInterleave6x3and10x7" classname="test.snake.SnakeTestsAssignment1_1" time="0.001">
    <failure message="org.scalatest.exceptions.TestFailedException: handleAssertion was false" type="org.scalatest.exceptions.TestFailedException">org.scalatest.exceptions.TestFailedException: handleAssertion was false
	at org.scalatest.Assertions.newAssertionFailedException(Assertions.scala:530)
	at org.scalatest.Assertions.newAssertionFailedException$(Assertions.scala:529)
	at test.GenericRecord$TestSuite.newAssertionFailedException(GenericRecord.scala:205)
	at org.scalatest.Assertions$AssertionsHelper.macroAssert(Assertions.scala:503)
	at test.GenericRecord$TestSuite.$anonfun$handleInterleaveTests$1(GenericRecord.scala:308)
	at org.scalatest.OutcomeOf.outcomeOf(OutcomeOf.scala:85)
	at org.scalatest.OutcomeOf.outcomeOf$(OutcomeOf.scala:83)
	at org.scalatest.OutcomeOf$.outcomeOf(OutcomeOf.scala:104)
	at org.scalatest.Transformer.apply(Transformer.scala:22)
	at org.scalatest.Transformer.apply(Transformer.scala:20)
	at org.scalatest.FunSuiteLike$$anon$1.apply(FunSuiteLike.scala:186)
	at org.scalatest.TestSuite.withFixture(TestSuite.scala:196)
	at org.scalatest.TestSuite.withFixture$(TestSuite.scala:195)
	at test.GenericRecord$TestSuite.withFixture(GenericRecord.scala:205)
	at org.scalatest.FunSuiteLike.invokeWithFixture$1(FunSuiteLike.scala:184)
	at org.scalatest.FunSuiteLike.$anonfun$runTest$1(FunSuiteLike.scala:196)
	at org.scalatest.SuperEngine.runTestImpl(Engine.scala:286)
	at org.scalatest.FunSuiteLike.runTest(FunSuiteLike.scala:196)
	at org.scalatest.FunSuiteLike.runTest$(FunSuiteLike.scala:178)
	at test.GenericRecord$TestSuite.runTest(GenericRecord.scala:205)
	at org.scalatest.FunSuiteLike.$anonfun$runTests$1(FunSuiteLike.scala:229)
	at org.scalatest.SuperEngine.$anonfun$runTestsInBranch$1(Engine.scala:393)
	at scala.collection.immutable.List.foreach(List.scala:392)
	at org.scalatest.SuperEngine.traverseSubNodes$1(Engine.scala:381)
	at org.scalatest.SuperEngine.runTestsInBranch(Engine.scala:376)
	at org.scalatest.SuperEngine.runTestsImpl(Engine.scala:458)
	at org.scalatest.FunSuiteLike.runTests(FunSuiteLike.scala:229)
	at org.scalatest.FunSuiteLike.runTests$(FunSuiteLike.scala:228)
	at test.GenericRecord$TestSuite.runTests(GenericRecord.scala:205)
	at org.scalatest.Suite.run(Suite.scala:1124)
	at org.scalatest.Suite.run$(Suite.scala:1106)
	at test.GenericRecord$TestSuite.org$scalatest$FunSuiteLike$$super$run(GenericRecord.scala:205)
	at org.scalatest.FunSuiteLike.$anonfun$run$1(FunSuiteLike.scala:233)
	at org.scalatest.SuperEngine.runImpl(Engine.scala:518)
	at org.scalatest.FunSuiteLike.run(FunSuiteLike.scala:233)
	at org.scalatest.FunSuiteLike.run$(FunSuiteLike.scala:232)
	at test.GenericRecord$TestSuite.run(GenericRecord.scala:205)
	at org.scalatestplus.junit.JUnitRunner.run(JUnitRunner.scala:99)
	at org.gradle.api.internal.tasks.testing.junit.JUnitTestClassExecutor.runTestClass(JUnitTestClassExecutor.java:106)
	at org.gradle.api.internal.tasks.testing.junit.JUnitTestClassExecutor.execute(JUnitTestClassExecutor.java:58)
	at org.gradle.api.internal.tasks.testing.junit.JUnitTestClassExecutor.execute(JUnitTestClassExecutor.java:38)
	at org.gradle.api.internal.tasks.testing.junit.AbstractJUnitTestClassProcessor.processTestClass(AbstractJUnitTestClassProcessor.java:66)
	at org.gradle.api.internal.tasks.testing.SuiteTestClassProcessor.processTestClass(SuiteTestClassProcessor.java:51)
	at sun.reflect.NativeMethodAccessorImpl.invoke0(Native Method)
	at sun.reflect.NativeMethodAccessorImpl.invoke(NativeMethodAccessorImpl.java:62)
	at sun.reflect.DelegatingMethodAccessorImpl.invoke(DelegatingMethodAccessorImpl.java:43)
	at java.lang.reflect.Method.invoke(Method.java:498)
	at org.gradle.internal.dispatch.ReflectionDispatch.dispatch(ReflectionDispatch.java:35)
	at org.gradle.internal.dispatch.ReflectionDispatch.dispatch(ReflectionDispatch.java:24)
	at org.gradle.internal.dispatch.ContextClassLoaderDispatch.dispatch(ContextClassLoaderDispatch.java:32)
	at org.gradle.internal.dispatch.ProxyDispatchAdapter$DispatchingInvocationHandler.invoke(ProxyDispatchAdapter.java:93)
	at com.sun.proxy.$Proxy2.processTestClass(Unknown Source)
	at org.gradle.api.internal.tasks.testing.worker.TestWorker.processTestClass(TestWorker.java:117)
	at sun.reflect.NativeMethodAccessorImpl.invoke0(Native Method)
	at sun.reflect.NativeMethodAccessorImpl.invoke(NativeMethodAccessorImpl.java:62)
	at sun.reflect.DelegatingMethodAccessorImpl.invoke(DelegatingMethodAccessorImpl.java:43)
	at java.lang.reflect.Method.invoke(Method.java:498)
	at org.gradle.internal.dispatch.ReflectionDispatch.dispatch(ReflectionDispatch.java:35)
	at org.gradle.internal.dispatch.ReflectionDispatch.dispatch(ReflectionDispatch.java:24)
	at org.gradle.internal.remote.internal.hub.MessageHubBackedObjectConnection$DispatchWrapper.dispatch(MessageHubBackedObjectConnection.java:155)
	at org.gradle.internal.remote.internal.hub.MessageHubBackedObjectConnection$DispatchWrapper.dispatch(MessageHubBackedObjectConnection.java:137)
	at org.gradle.internal.remote.internal.hub.MessageHub$Handler.run(MessageHub.java:404)
	at org.gradle.internal.concurrent.ExecutorPolicy$CatchAndRecordFailures.onExecute(ExecutorPolicy.java:63)
	at org.gradle.internal.concurrent.ManagedExecutorImpl$1.run(ManagedExecutorImpl.java:46)
	at java.util.concurrent.ThreadPoolExecutor.runWorker(ThreadPoolExecutor.java:1149)
	at java.util.concurrent.ThreadPoolExecutor$Worker.run(ThreadPoolExecutor.java:624)
	at org.gradle.internal.concurrent.ThreadFactoryImpl$ManagedThreadRunnable.run(ThreadFactoryImpl.java:55)
	at java.lang.Thread.run(Thread.java:748)
</failure>
  </testcase>
  <testcase name="testInterleave6x6and10x7" classname="test.snake.SnakeTestsAssignment1_1" time="0.0">
    <failure message="org.scalatest.exceptions.TestFailedException: handleAssertion was false" type="org.scalatest.exceptions.TestFailedException">org.scalatest.exceptions.TestFailedException: handleAssertion was false
	at org.scalatest.Assertions.newAssertionFailedException(Assertions.scala:530)
	at org.scalatest.Assertions.newAssertionFailedException$(Assertions.scala:529)
	at test.GenericRecord$TestSuite.newAssertionFailedException(GenericRecord.scala:205)
	at org.scalatest.Assertions$AssertionsHelper.macroAssert(Assertions.scala:503)
	at test.GenericRecord$TestSuite.$anonfun$handleInterleaveTests$1(GenericRecord.scala:308)
	at org.scalatest.OutcomeOf.outcomeOf(OutcomeOf.scala:85)
	at org.scalatest.OutcomeOf.outcomeOf$(OutcomeOf.scala:83)
	at org.scalatest.OutcomeOf$.outcomeOf(OutcomeOf.scala:104)
	at org.scalatest.Transformer.apply(Transformer.scala:22)
	at org.scalatest.Transformer.apply(Transformer.scala:20)
	at org.scalatest.FunSuiteLike$$anon$1.apply(FunSuiteLike.scala:186)
	at org.scalatest.TestSuite.withFixture(TestSuite.scala:196)
	at org.scalatest.TestSuite.withFixture$(TestSuite.scala:195)
	at test.GenericRecord$TestSuite.withFixture(GenericRecord.scala:205)
	at org.scalatest.FunSuiteLike.invokeWithFixture$1(FunSuiteLike.scala:184)
	at org.scalatest.FunSuiteLike.$anonfun$runTest$1(FunSuiteLike.scala:196)
	at org.scalatest.SuperEngine.runTestImpl(Engine.scala:286)
	at org.scalatest.FunSuiteLike.runTest(FunSuiteLike.scala:196)
	at org.scalatest.FunSuiteLike.runTest$(FunSuiteLike.scala:178)
	at test.GenericRecord$TestSuite.runTest(GenericRecord.scala:205)
	at org.scalatest.FunSuiteLike.$anonfun$runTests$1(FunSuiteLike.scala:229)
	at org.scalatest.SuperEngine.$anonfun$runTestsInBranch$1(Engine.scala:393)
	at scala.collection.immutable.List.foreach(List.scala:392)
	at org.scalatest.SuperEngine.traverseSubNodes$1(Engine.scala:381)
	at org.scalatest.SuperEngine.runTestsInBranch(Engine.scala:376)
	at org.scalatest.SuperEngine.runTestsImpl(Engine.scala:458)
	at org.scalatest.FunSuiteLike.runTests(FunSuiteLike.scala:229)
	at org.scalatest.FunSuiteLike.runTests$(FunSuiteLike.scala:228)
	at test.GenericRecord$TestSuite.runTests(GenericRecord.scala:205)
	at org.scalatest.Suite.run(Suite.scala:1124)
	at org.scalatest.Suite.run$(Suite.scala:1106)
	at test.GenericRecord$TestSuite.org$scalatest$FunSuiteLike$$super$run(GenericRecord.scala:205)
	at org.scalatest.FunSuiteLike.$anonfun$run$1(FunSuiteLike.scala:233)
	at org.scalatest.SuperEngine.runImpl(Engine.scala:518)
	at org.scalatest.FunSuiteLike.run(FunSuiteLike.scala:233)
	at org.scalatest.FunSuiteLike.run$(FunSuiteLike.scala:232)
	at test.GenericRecord$TestSuite.run(GenericRecord.scala:205)
	at org.scalatestplus.junit.JUnitRunner.run(JUnitRunner.scala:99)
	at org.gradle.api.internal.tasks.testing.junit.JUnitTestClassExecutor.runTestClass(JUnitTestClassExecutor.java:106)
	at org.gradle.api.internal.tasks.testing.junit.JUnitTestClassExecutor.execute(JUnitTestClassExecutor.java:58)
	at org.gradle.api.internal.tasks.testing.junit.JUnitTestClassExecutor.execute(JUnitTestClassExecutor.java:38)
	at org.gradle.api.internal.tasks.testing.junit.AbstractJUnitTestClassProcessor.processTestClass(AbstractJUnitTestClassProcessor.java:66)
	at org.gradle.api.internal.tasks.testing.SuiteTestClassProcessor.processTestClass(SuiteTestClassProcessor.java:51)
	at sun.reflect.NativeMethodAccessorImpl.invoke0(Native Method)
	at sun.reflect.NativeMethodAccessorImpl.invoke(NativeMethodAccessorImpl.java:62)
	at sun.reflect.DelegatingMethodAccessorImpl.invoke(DelegatingMethodAccessorImpl.java:43)
	at java.lang.reflect.Method.invoke(Method.java:498)
	at org.gradle.internal.dispatch.ReflectionDispatch.dispatch(ReflectionDispatch.java:35)
	at org.gradle.internal.dispatch.ReflectionDispatch.dispatch(ReflectionDispatch.java:24)
	at org.gradle.internal.dispatch.ContextClassLoaderDispatch.dispatch(ContextClassLoaderDispatch.java:32)
	at org.gradle.internal.dispatch.ProxyDispatchAdapter$DispatchingInvocationHandler.invoke(ProxyDispatchAdapter.java:93)
	at com.sun.proxy.$Proxy2.processTestClass(Unknown Source)
	at org.gradle.api.internal.tasks.testing.worker.TestWorker.processTestClass(TestWorker.java:117)
	at sun.reflect.NativeMethodAccessorImpl.invoke0(Native Method)
	at sun.reflect.NativeMethodAccessorImpl.invoke(NativeMethodAccessorImpl.java:62)
	at sun.reflect.DelegatingMethodAccessorImpl.invoke(DelegatingMethodAccessorImpl.java:43)
	at java.lang.reflect.Method.invoke(Method.java:498)
	at org.gradle.internal.dispatch.ReflectionDispatch.dispatch(ReflectionDispatch.java:35)
	at org.gradle.internal.dispatch.ReflectionDispatch.dispatch(ReflectionDispatch.java:24)
	at org.gradle.internal.remote.internal.hub.MessageHubBackedObjectConnection$DispatchWrapper.dispatch(MessageHubBackedObjectConnection.java:155)
	at org.gradle.internal.remote.internal.hub.MessageHubBackedObjectConnection$DispatchWrapper.dispatch(MessageHubBackedObjectConnection.java:137)
	at org.gradle.internal.remote.internal.hub.MessageHub$Handler.run(MessageHub.java:404)
[...]
OOO.<O |                  
O..... |                  
OOOO.. |                  
...O.. |                  

step=25, rand=2, actions=<ChangeDir(South()), Step>
Want   | Got              
--------------------------
..AO.. | GameOverDisplay()
OO.OOO |                  
OOO.OO |                  
O...v. |                  
OOOO.. |                  
...O.. |                  

step=26, rand=2, actions=<ChangeDir(East()), Step>
Want   | Got              
--------------------------
..AO.. | GameOverDisplay()
OO.OOO |                  
OO..OO |                  
O...O> |                  
OOOO.. |                  
...O.. |                  

step=27, rand=2, actions=<Step>
Want & Got
----------
GameOverDisplay()

==================================
testGame6x3 : [X] Fail : No Points
This is what went wrong:

step=0, rand=2, actions=<>
Want & Got
----------
OO>..A
......
......

step=1, rand=2, actions=<Step>
Want & Got
----------
.OO>.A
......
......

step=2, rand=2, actions=<Step>
Want & Got
----------
..OO>A
......
......

step=3, rand=2, actions=<Step>
Want & Got
----------
..AOO>
......
......

step=4, rand=2, actions=<Step>
Want & Got
----------
>.AOOO
......
......

step=5, rand=2, actions=<Step>
Want & Got
----------
O>AOOO
......
......

step=6, rand=2, actions=<Step>
Want & Got
----------
OO>OOO
..A...
......

step=7, rand=2, actions=<ChangeDir(North()), Step>
Want   | Got   
---------------
OOOOOO | OOO>OO
..A... | ..A...
..^... | ......

step=8, rand=2, actions=<Step>
Want   | Got              
--------------------------
OOOOOO | GameOverDisplay()
..^A.. |                  
..O... |                  

step=9, rand=2, actions=<ChangeDir(West()), Step>
Want   | Got              
--------------------------
OOOOOO | GameOverDisplay()
.<OA.. |                  
..O... |                  

step=10, rand=2, actions=<Step>
Want   | Got              
--------------------------
OOOOOO | GameOverDisplay()
<OOA.. |                  
..O... |                  

step=11, rand=2, actions=<Step>
Want   | Got              
--------------------------
OOOOOO | GameOverDisplay()
OOOA.< |                  
..O... |                  

step=12, rand=2, actions=<Step>
Want   | Got              
--------------------------
OOOOOO | GameOverDisplay()
OOOA<O |                  
..O... |                  

step=13, rand=2, actions=<Step>
Want   | Got              
--------------------------
OOO.OO | GameOverDisplay()
OOO<OO |                  
.AO... |                  

step=14, rand=2, actions=<ChangeDir(South()), Step>
Want   | Got              
--------------------------
OOO.OO | GameOverDisplay()
OOOOOO |                  
.AOv.. |                  

step=15, rand=2, actions=<ChangeDir(East()), Step>
Want   | Got              
--------------------------
OOO.OO | GameOverDisplay()
OOOOOO |                  
.AOO>. |                  

step=16, rand=2, actions=<Step>
Want   | Got              
--------------------------
OOO.OO | GameOverDisplay()
OOOOOO |                  
.AOOO> |                  

step=17, rand=2, actions=<Step>
Want   | Got              
--------------------------
OOO..O | GameOverDisplay()
OOOOOO |                  
>AOOOO |                  

step=18, rand=2, actions=<Step>
Want   | Got              
--------------------------
OOO..A | GameOverDisplay()
OOOOOO |                  
O>OOOO |                  

step=19, rand=2, actions=<Step>
Want & Got
----------
GameOverDisplay()

===================================
testGame10x7 : [X] Fail : No Points
This is what went wrong:

step=0, rand=2, actions=<>
Want & Got
----------
OO>..A....
..........
..........
..........
..........
..........
..........

step=1, rand=2, actions=<Step>
Want & Got
----------
.OO>.A....
..........
..........
..........
..........
..........
..........

step=2, rand=2, actions=<Step>
Want & Got
----------
..OO>A....
..........
..........
..........
..........
..........
..........

step=3, rand=2, actions=<Step>
Want & Got
----------
..AOO>....
..........
..........
..........
..........
..........
..........

step=4, rand=2, actions=<Step>
Want & Got
----------
..AOOO>...
..........
..........
..........
..........
..........
..........

step=5, rand=2, actions=<Step>
Want & Got
----------
..AOOOO>..
..........
..........
..........
..........
..........
..........

step=6, rand=2, actions=<Step>
Want & Got
----------
..AOOOOO>.
..........
..........
..........
..........
..........
..........

step=7, rand=2, actions=<Step>
Want & Got
----------
..A.OOOOO>
..........
..........
..........
..........
..........
..........

step=8, rand=2, actions=<Step>
Want & Got
----------
>.A..OOOOO
..........
..........
..........
..........
..........
..........

step=9, rand=2, actions=<Step>
Want & Got
----------
O>A...OOOO
..........
..........
..........
..........
..........
..........

step=10, rand=2, actions=<Step>
Want & Got
----------
OO>..A.OOO
..........
..........
..........
..........
..........
..........

step=11, rand=2, actions=<Step>
Want & Got
----------
OOO>.A.OOO
..........
..........
..........
..........
..........
..........

step=12, rand=2, actions=<Step>
Want & Got
----------
OOOO>A.OOO
..........
..........
..........
..........
..........
..........

step=13, rand=2, actions=<Step>
Want & Got
----------
OOOOO>.OOO
.A........
..........
..........
..........
..........
..........

step=14, rand=2, actions=<Step>
Want & Got
----------
OOOOOO>OOO
.A........
..........
..........
..........
..........
..........

step=15, rand=2, actions=<ChangeDir(North()), Step>
Want       | Got       
-----------------------
OOOOOOOOOO | OOOOOOO>OO
.A........ | .A........
.......... | ..........
.......... | ..........
.......... | ..........
.......... | ..........
......^... | ..........

step=16, rand=2, actions=<Step>
Want       | Got              
------------------------------
OOOOOOOOOO | GameOverDisplay()
.A........ |                  
.......... |                  
.......... |                  
.......... |                  
......^... |                  
......O... |                  

step=17, rand=2, actions=<ChangeDir(East()), Step>
Want       | Got              
------------------------------
OOOOOOO.OO | GameOverDisplay()
.A........ |                  
.......... |                  
.......... |                  
.......... |                  
......O>.. |                  
......O... |                  

step=18, rand=2, actions=<Step>
Want       | Got              
------------------------------
OOOOOOO..O | GameOverDisplay()
.A........ |                  
.......... |                  
.......... |                  
.......... |                  
......OO>. |                  
......O... |                  

step=19, rand=2, actions=<Step>
Want       | Got              
------------------------------
OOOOOOO... | GameOverDisplay()
.A........ |                  
.......... |                  
.......... |                  
.......... |                  
......OOO> |                  
......O... |                  

step=20, rand=2, actions=<Step>
Want       | Got              
------------------------------
.OOOOOO... | GameOverDisplay()
.A........ |                  
.......... |                  
.......... |                  
.......... |                  
>.....OOOO |                  
......O... |                  

step=21, rand=2, actions=<Step>
Want       | Got              
------------------------------
..OOOOO... | GameOverDisplay()
.A........ |                  
.......... |                  
.......... |                  
.......... |                  
O>....OOOO |                  
......O... |                  

step=22, rand=2, actions=<Step>
Want       | Got              
------------------------------
...OOOO... | GameOverDisplay()
.A........ |                  
.......... |                  
.......... |                  
.......... |                  
OO>...OOOO |                  
......O... |                  

step=23, rand=2, actions=<Step>
Want       | Got              
------------------------------
....OOO... | GameOverDisplay()
.A........ |                  
.......... |                  
.......... |                  
.......... |                  
OOO>..OOOO |                  
......O... |                  

step=24, rand=2, actions=<Step>
Want       | Got              
------------------------------
.....OO... | GameOverDisplay()
.A........ |                  
.......... |                  
.......... |                  
.......... |                  
OOOO>.OOOO |                  
......O... |                  

step=25, rand=2, actions=<ChangeDir(North()), Step>
Want       | Got              
------------------------------
......O... | GameOverDisplay()
.A........ |                  
.......... |                  
.......... |                  
....^..... |                  
OOOOO.OOOO |                  
......O... |                  

step=26, rand=2, actions=<Step>
Want       | Got              
------------------------------
.......... | GameOverDisplay()
.A........ |                  
.......... |                  
....^..... |                  
....O..... |                  
OOOOO.OOOO |                  
......O... |                  

step=27, rand=2, actions=<Step>
Want       | Got              
------------------------------
.......... | GameOverDisplay()
.A........ |                  
....^..... |                  
....O..... |                  
....O..... |                  
OOOOO.OOOO |                  
.......... |                  

step=28, rand=2, actions=<Step>
Want       | Got              
------------------------------
.......... | GameOverDisplay()
.A..^..... |                  
....O..... |                  
....O..... |                  
....O..... |                  
OOOOO..OOO |                  
.......... |                  

step=29, rand=2, actions=<ChangeDir(West()), Step>
Want       | Got              
------------------------------
.......... | GameOverDisplay()
.A.<O..... |                  
....O..... |                  
....O..... |                  
....O..... |                  
OOOOO...OO |                  
.......... |                  

step=30, rand=2, actions=<Step>
Want       | Got              
------------------------------
.......... | GameOverDisplay()
.A<OO..... |                  
....O..... |                  
....O..... |                  
....O..... |                  
OOOOO....O |                  
.......... |                  

step=31, rand=2, actions=<Step>
Want       | Got              
------------------------------
..A....... | GameOverDisplay()
.<OOO..... |                  
....O..... |                  
....O..... |                  
....O..... |                  
OOOOO..... |                  
.......... |                  

step=32, rand=2, actions=<Step>
Want       | Got              
------------------------------
..A....... | GameOverDisplay()
<OOOO..... |                  
....O..... |                  
....O..... |                  
....O..... |                  
OOOOO..... |                  
.......... |                  

step=33, rand=2, actions=<Step>
Want       | Got              
------------------------------
..A....... | GameOverDisplay()
OOOOO....< |                  
....O..... |                  
....O..... |                  
....O..... |                  
OOOOO..... |                  
.......... |                  

step=34, rand=2, actions=<Step>
Want       | Got              
------------------------------
..A....... | GameOverDisplay()
OOOOO...<O |                  
....O..... |                  
....O..... |                  
....O..... |                  
OOOOO..... |                  
.......... |                  

step=35, rand=2, actions=<ChangeDir(South()), Step>
Want       | Got              
------------------------------
..A....... | GameOverDisplay()
OOOOO...OO |                  
....O...v. |                  
....O..... |                  
....O..... |                  
.OOOO..... |                  
.......... |                  

step=36, rand=2, actions=<Step>
Want       | Got              
------------------------------
..A....... | GameOverDisplay()
OOOOO...OO |                  
....O...O. |                  
....O...v. |                  
....O..... |                  
..OOO..... |                  
.......... |                  

step=37, rand=2, actions=<Step>
Want       | Got              
------------------------------
..A....... | GameOverDisplay()
OOOOO...OO |                  
....O...O. |                  
....O...O. |                  
....O...v. |                  
...OO..... |                  
.......... |                  

step=38, rand=2, actions=<Step>
Want       | Got              
------------------------------
..A....... | GameOverDisplay()
OOOOO...OO |                  
....O...O. |                  
....O...O. |                  
....O...O. |                  
....O...v. |                  
.......... |                  

step=39, rand=2, actions=<Step>
Want       | Got              
------------------------------
..A....... | GameOverDisplay()
OOOOO...OO |                  
....O...O. |                  
....O...O. |                  
....O...O. |                  
........O. |                  
........v. |                  

step=40, rand=2, actions=<Step>
Want       | Got              
------------------------------
..A.....v. | GameOverDisplay()
OOOOO...OO |                  
....O...O. |                  
....O...O. |                  
........O. |                  
........O. |                  
........O. |                  

step=41, rand=2, actions=<ChangeDir(West()), Step>
Want       | Got              
------------------------------
..A....<O. | GameOverDisplay()
OOOOO...OO |                  
....O...O. |                  
........O. |                  
........O. |                  
........O. |                  
........O. |                  

step=42, rand=2, actions=<Step>
Want       | Got              
------------------------------
..A...<OO. | GameOverDisplay()
OOOOO...OO |                  
........O. |                  
........O. |                  
........O. |                  
........O. |                  
........O. |                  

step=43, rand=2, actions=<Step>
Want       | Got              
------------------------------
..A..<OOO. | GameOverDisplay()
OOOO....OO |                  
........O. |                  
........O. |                  
........O. |                  
........O. |                  
........O. |                  

step=44, rand=2, actions=<Step>
Want       | Got              
------------------------------
..A.<OOOO. | GameOverDisplay()
OOO.....OO |                  
........O. |                  
........O. |                  
........O. |                  
........O. |                  
........O. |                  

step=45, rand=2, actions=<Step>
Want       | Got              
------------------------------
..A<OOOOO. | GameOverDisplay()
OO......OO |                  
........O. |                  
........O. |                  
........O. |                  
........O. |                  
........O. |                  

step=46, rand=2, actions=<Step>
Want       | Got              
------------------------------
..<OOOOOOA | GameOverDisplay()
O.......OO |                  
........O. |                  
........O. |                  
........O. |                  
........O. |                  
........O. |                  

step=47, rand=2, actions=<Step>
Want       | Got              
------------------------------
.<OOOOOOOA | GameOverDisplay()
O.......OO |                  
........O. |                  
........O. |                  
........O. |                  
........O. |                  
........O. |                  

step=48, rand=2, actions=<ChangeDir(North()), Step>
Want       | Got              
------------------------------
.OOOOOOOOA | GameOverDisplay()
O.......OO |                  
........O. |                  
........O. |                  
........O. |                  
........O. |                  
.^......O. |                  

step=49, rand=2, actions=<Step>
Want       | Got              
------------------------------
.OOOOOOOOA | GameOverDisplay()
O.......OO |                  
........O. |                  
........O. |                  
........O. |                  
.^......O. |                  
.O......O. |                  

step=50, rand=2, actions=<Step>
Want       | Got              
------------------------------
.OOOOOOOOA | GameOverDisplay()
........OO |                  
........O. |                  
........O. |                  
.^......O. |                  
.O......O. |                  
.O......O. |                  

step=51, rand=2, actions=<Step>
Want       | Got              
------------------------------
.OOOOOOOOA | GameOverDisplay()
........O. |                  
........O. |                  
.^......O. |                  
.O......O. |                  
.O......O. |                  
.O......O. |                  

step=52, rand=2, actions=<Step>
Want       | Got              
------------------------------
.OOOOOOOOA | GameOverDisplay()
.......... |                  
.^......O. |                  
.O......O. |                  
.O......O. |                  
.O......O. |                  
.O......O. |                  

step=53, rand=2, actions=<Step>
Want       | Got              
------------------------------
.OOOOOOOOA | GameOverDisplay()
.^........ |                  
.O........ |                  
.O......O. |                  
.O......O. |                  
.O......O. |                  
.O......O. |                  

step=54, rand=2, actions=<Step>
Want & Got
----------
GameOverDisplay()

===========================================
TestNoReverseMode : [√] Pass : +0.17 Points
This is what we got & expected:

step=0, rand=2, actions=<>
Want & Got
----------
OO>.
.A..

step=1, rand=2, actions=<Step>
Want & Got
----------
.OO>
.A..

step=2, rand=2, actions=<Step>
Want & Got
----------
>.OO
.A..

step=3, rand=2, actions=<Step>
Want & Got
----------
O>.O
.A..

step=4, rand=2, actions=<ReverseGame(true), Step>
Want & Got
----------
OO>.
.A..

step=5, rand=2, actions=<Step>
Want & Got
----------
.OO>
.A..

step=6, rand=2, actions=<Step>
Want & Got
----------
>.OO
.A..

step=7, rand=2, actions=<ReverseGame(false), Step>
Want & Got
----------
O>.O
.A..

step=8, rand=2, actions=<Step>
Want & Got
----------
OO>.
.A..

step=9, rand=2, actions=<Step>
Want & Got
----------
.OO>
.A..

step=10, rand=2, actions=<ReverseGame(true), Step>
Want & Got
----------
>.OO
.A..

step=11, rand=2, actions=<Step>
Want & Got
----------
O>.O
.A..

step=12, rand=2, actions=<Step>
Want & Got
----------
OO>.
.A..

step=13, rand=2, actions=<ReverseGame(false), Step>
Want & Got
----------
.OO>
.A..

========================================================================
Interleave Test: testGame6x3, testGame10x7 : [X] Fail : No Points

Assuming you passed the non-interleaved version of each test:

You likely have some global state. Running two instances of SnakeLogic
and alternately doing steps between them results in some interference.
Running your game with a single  SnakeLogic instance works, but when
we have two  SnakeLogic instances running in 'parallel', the test fails.
    
========================================================================
Interleave Test: testGame6x6, testGame10x7 : [X] Fail : No Points

Assuming you passed the non-interleaved version of each test:

You likely have some global state. Running two instances of SnakeLogic
and alternately doing steps between them results in some interference.
Running your game with a single  SnakeLogic instance works, but when
we have two  SnakeLogic instances running in 'parallel', the test fails.
    
]]></system-out>
  <system-err><![CDATA[]]></system-err>
</testsuite>
